0 32 34 38 36 69 70 71 72 77 79 87 89 90 91 92 94 95 98 99 53 7 25 64 65 6 18 31 42 51 93 8 11 14 82 20 23 26 88 35 39 30 2 44 67 33 43 21 4 37 48 28 55 29 46 9 66 59 12 54 15 57 16 60 22 52 58 84 74
0 32
0 34
0 38
0 36
0 69
0 70
0 71
0 72
0 77
0 79
0 87
0 89
0 90
0 91
0 92
0 94
0 95
0 98
0 99
0 82
0 84
0 74
34 53
38 7
38 25
38 64
38 65
36 6
36 18
36 31
36 42
36 51
36 93
92 35
95 39
64 58
31 88
51 60
8 48
8 20
11 55
14 39
14 9
82 20
20 29
20 46
23 12
23 26
35 21
35 33
39 55
30 2
30 44
2 67
67 33
43 21
4 37
4 48
37 28
28 12
28 54
9 66
66 59
59 15
59 57
57 22
57 52
16 60