2 3 4 12 10 6 13 15 25 19 20 32 35 41 39 38 44 50 52 53 55 57 58 65 64 73 71 77 79 88 89 85 87 99 90 96 86 49 59 67 91 24 70 76 81 97 63 62 33 7 46 47 27 48 22 45 51 34 18 56 40 61 54
2 3
3 4
4 12
12 13
12 18
10 6
10 13
6 7
15 25
15 27
25 24
19 20
19 33
19 22
19 18
32 18
35 41
35 33
41 44
41 40
39 38
39 34
44 45
44 54
50 52
50 49
52 53
52 55
52 61
55 56
55 59
57 58
58 59
65 64
65 67
64 62
73 77
73 67
71 77
71 70
77 88
77 79
88 89
88 85
89 99
85 87
87 86
99 97
90 91
96 97
86 91
49 51
24 22
70 76
76 81
63 62
63 61
33 34
46 47
46 48
46 45
45 51