0 23 34 1 36 2 14 3 9 4 5 21 22 31 29 43 44 7 27 47 48 8 49 51 10 28 54 11 19 56 13 59 60 32 61 62 15 25 16 17 20 72 75 76 78 80 24 81 83 26 85 86 88 92 95 96 97 98 41 71 77 79 42
0 23
0 34
23 32
23 80
34 36
1 36
2 14
14 32
14 61
14 62
3 9
9 31
9 51
4 5
4 21
4 22
4 31
4 42
5 29
5 43
5 44
21 75
21 76
22 25
22 32
22 78
22 77
31 16
31 95
31 96
29 28
29 92
43 41
7 27
7 47
7 48
27 13
27 88
8 49
49 51
10 28
10 54
54 56
11 19
11 56
19 72
19 71
13 59
13 60
32 26
32 97
32 98
15 25
25 20
25 24
25 83
17 20
24 81
26 85
26 86
86 88
77 79