0 34 1 23 32 36 2 12 14 37 3 9 13 4 41 42 26 6 21 45 7 27 47 48 8 49 51 10 20 54 11 56 24 25 62 15 64 16 66 17 22 18 70 19 72 74 76 77 30 79 81 82 88 29 91 92 93 94 98 68 39 84 83 40 97
0 34
34 36
1 23
1 32
1 36
23 27
23 30
23 79
32 16
32 24
32 98
32 97
2 12
2 14
2 37
2 13
14 62
3 9
3 13
3 39
3 40
9 51
13 24
13 25
4 41
4 42
4 18
26 20
6 21
6 45
21 76
45 47
7 27
7 47
7 48
7 29
27 88
8 49
49 51
10 20
10 54
20 74
54 56
11 56
24 81
24 82
25 18
25 84
25 83
62 64
15 64
16 66
66 68
17 22
22 77
18 70
70 72
19 72
74 76
77 79
30 93
30 94
29 91
29 92