0 68 35 73 74 75 77 78 79 80 82 83 85 86 89 90 91 92 93 94 96 97 98 13 42 61 63 54 6 7 15 18 28 38 16 2 70 30 3 11 8 23 67 4 34 46 43 36 17 59 47 29 58 20 19 66 39 72 45 65 56 31 37 41 40 51 88
0 68
0 35
0 73
0 74
0 75
0 77
0 78
0 79
0 80
0 82
0 83
0 85
0 86
0 89
0 90
0 91
0 92
0 93
0 94
0 96
0 97
0 98
0 88
68 13
68 42
68 61
68 63
35 54
75 6
90 28
13 45
42 40
61 51
63 15
6 17
6 67
6 59
7 18
7 29
15 16
18 70
28 43
28 56
38 31
38 36
38 37
2 70
70 30
30 46
3 11
3 8
8 23
8 67
4 34
4 46
43 36
36 41
17 47
59 29
59 58
47 20
47 65
58 72
19 66
19 39
66 56