3 4 8 2 46 45 48 57 66 67 98 76 80 90 81 82 83 0 1 71 72 10 41 51 20 50 60 5 14 6 7 15 21 49 59 25 31 86 26 35 30 40 74 84 93 94 27 62 70 28 23 24 16 44 52 33 32 54 55 64 42 53 85 43 58 69 89 88 92 68 56
3 4
3 2
4 14
8 27
2 1
46 45
46 35
46 56
45 44
48 57
48 58
57 67
66 76
66 55
67 98
67 56
67 68
98 88
76 86
80 90
80 81
80 71
81 82
82 83
83 93
83 92
0 1
0 10
71 72
71 60
71 62
71 70
72 84
10 20
41 51
41 50
41 31
41 30
41 40
41 52
41 32
20 21
50 60
5 14
5 6
14 15
14 23
6 7
15 25
15 26
15 16
49 59
59 69
25 35
25 24
74 84
74 64
93 94
94 85
27 16
27 28
24 33
44 53
52 43
33 32
32 42
54 55
54 64
58 69
89 88