54 69 90 64 41 27 11 35 52 96 49 48 97 81 10 75 78 0 17 2 65 68 82 23 76 86 74 93 61 24 31 13 44 79 84 4 46 3 55 43 36 50 14 26 59 60 85 40 37 80 42 66 29 28 87 39 58 38
54 69
54 90
54 64
54 55
54 50
69 49
69 23
69 97
90 27
90 11
90 35
90 52
90 14
90 40
64 78
41 27
27 96
96 17
96 60
48 43
97 81
10 26
10 14
75 59
75 68
75 37
75 3
78 0
0 74
0 44
17 80
2 65
65 93
65 61
65 82
68 82
23 76
23 42
86 74
86 38
74 61
61 87
24 31
24 55
31 85
13 80
44 43
44 79
44 4
79 84
4 46
55 36
59 29
85 66
85 58
29 28
87 39