2 3 4 13 1 5 12 73 16 7 39 22 20 23 24 30 89 90 51 86 32 96 17 67 44 18 10 8 92 15 6 74 35 82 29 52 34 27 68 61 38 63 65 41 47 46 48 36 72 49 28 81 69 93 70 64 71 88 75 85 98 60 97 53 54 84 57 58 83
2 3
2 4
2 13
3 22
3 20
4 1
1 5
1 16
1 7
1 39
5 12
5 73
16 18
16 53
7 32
7 96
39 15
39 38
39 63
20 82
23 24
23 30
23 89
23 90
23 51
24 86
30 29
89 88
32 10
32 29
32 52
17 67
17 44
67 6
67 57
44 61
18 6
10 8
10 92
8 35
92 34
92 70
92 64
92 71
74 36
74 28
74 75
34 27
34 68
61 60
63 54
63 65
63 84
41 47
41 84
47 81
46 48
48 49
36 72
72 71
49 28
69 93
93 70
88 85
98 60
98 97
57 58
58 83