48 50 23 63 82 30 35 3 57 61 43 46 47 49 20 91 94 87 92 45 42 44 15 74 76 53 28 31 54 36 41 34 39 32 33 56 21 22 78 7 4 73 75 13 51 40 86 85 12 17 66 69 38 79 59 60 27 65 16 70 37 55 97 11 88 58 24 26 25 29 52 62
48 50
48 46
50 53
23 20
23 26
63 62
82 78
82 79
82 87
82 86
30 35
30 34
30 31
30 29
35 36
35 40
3 7
57 61
57 53
57 54
57 56
57 58
57 62
61 65
61 60
61 66
43 46
46 42
47 49
47 45
20 16
91 94
91 86
87 92
87 88
92 97
45 44
45 40
42 39
15 11
74 76
76 79
53 52
28 31
28 27
54 51
54 55
36 41
41 37
34 39
34 33
32 33
33 38
21 22
21 17
22 24
78 75
7 4
7 12
73 75
73 69
13 12
86 85
12 17
66 69
66 70
59 60
27 24
16 11
26 25
25 29