32 2 3 4 19 18 5 20 21 6 7 8 60 23 58 9 24 25 10 13 11 36 37 38 35 16 39 47 48 17 27 26 28 29 22 43 44 31 30 42 46 49 50 51 57 59 63 61 64 69 75 66 67 84 72 79 80 78 77 73 74 83 81 82 95 92
32 30
2 3
3 4
4 5
4 20
4 21
19 18
18 26
18 23
5 6
5 7
5 8
5 60
21 23
7 58
8 9
60 61
23 24
23 22
58 57
24 25
25 13
10 13
13 11
11 36
36 37
37 35
38 35
35 46
16 17
39 47
39 48
47 46
48 49
17 27
27 26
27 31
26 28
26 29
29 43
29 44
43 42
31 30
49 50
50 51
59 63
59 61
63 64
64 69
69 75
75 84
66 67
67 72
84 73
72 78
72 73
79 80
79 78
79 95
80 77
77 81
74 83
83 82
81 82
95 92