0 1 7 3 8 2 9 14 24 13 10 51 20 23 27 32 16 43 17 21 15 12 11 18 25 28 29 22 54 57 61 60 56 58 30 80 44 42 59 35 34 38 40 41 36 48 47 45 46 52 49 82 81 53 62 74 79 69 72 64 66 68 90 67 89 71 97 76 77 84 93 78 87
0 1
0 7
1 3
7 8
3 14
8 32
2 9
9 17
14 24
24 23
13 10
13 51
10 15
51 18
20 23
20 27
32 35
16 43
43 17
17 21
21 15
21 28
21 29
15 12
12 11
18 25
25 54
28 22
28 57
57 56
57 58
61 60
60 59
60 69
60 72
60 64
56 53
56 62
58 30
58 59
58 74
30 80
80 52
80 78
44 42
42 40
42 46
35 34
35 38
34 40
38 48
40 41
40 36
41 45
48 47
47 49
47 82
45 52
82 81
81 84
74 79
74 71
69 68
69 90
72 76
64 66
66 89
90 97
67 71
76 77
77 93
78 87