86 94 12 51 44 82 27 65 60 2 50 23 97 58 3 10 69 18 74 98 89 71 80 14 61 75 67 13 37 21 7 19 17 95 54 81 64 22 59 57 30 53 41 31 39 8 42 28 33 6 96 52 29 9 88 66 77 72
86 94
86 57
86 37
94 27
94 80
12 51
12 30
51 29
51 66
44 82
82 54
82 80
27 65
65 52
60 2
60 59
50 75
50 53
23 97
97 37
58 3
58 18
58 80
58 10
3 28
10 69
10 61
74 98
74 75
98 64
89 71
89 59
71 14
71 22
14 61
14 42
67 13
67 33
13 95
37 21
37 9
21 41
7 19
19 81
19 30
17 41
81 64
64 22
53 31
39 42
8 28
42 33
42 96
42 72
6 96
9 88
66 77