0 10 11 20 5 14 13 9 19 18 29 12 30 15 16 27 17 39 40 49 41 50 48 59 42 60 43 44 45 46 51 47 52 58 69 70 53 79 80 66 77 89 81 90 88 82 91 83 86 87 92 93 94 95 96 97 57 1 2 6 22 31 21 23 24 61 65 64 62 63 32 38 35 36 37 71 76 72 73
0 10
0 1
10 11
10 20
11 12
20 30
20 21
5 14
5 6
14 13
13 12
9 19
19 18
19 29
18 17
29 39
30 40
15 16
15 27
16 17
39 49
39 38
40 41
40 50
49 48
49 59
41 42
50 60
48 47
59 58
59 69
42 43
60 70
60 61
43 44
44 45
45 46
45 51
46 47
51 52
52 53
58 57
69 79
70 80
70 71
79 89
80 81
80 90
66 77
66 65
77 76
89 88
81 82
90 91
88 87
82 83
91 92
86 87
92 93
93 94
94 95
95 96
96 97
1 2
22 31
22 21
22 23
31 32
23 24
61 62
65 64
64 63
62 63
38 37
35 36
36 37
71 72
72 73