0 25 26 27 1 28 29 15 70 72 55 32 68 2 31 13 64 65 66 4 37 38 39 49 89 23 94 95 24 97 98 99 54 44 5 40 6 45 8 9 52 53 19 82 84 10 56 20 85 86 58 11 59 60 16 74 14 67 76 17 78 18 79 87
0 25
0 26
0 27
26 55
27 74
1 28
1 29
28 32
29 68
29 85
15 70
15 72
70 76
72 89
55 10
55 58
32 2
68 14
2 31
31 49
13 64
13 65
13 66
64 89
65 59
66 40
4 37
4 38
4 39
37 54
39 44
49 8
23 94
23 95
95 45
24 97
24 98
24 99
97 85
54 9
44 6
5 40
6 45
9 52
9 53
53 86
53 58
19 82
19 84
82 67
10 56
20 85
20 86
20 87
85 79
58 11
11 59
11 60
16 74
14 67
76 17
17 78
18 79