0 25 26 27 96 19 82 39 52 1 28 3 34 36 16 74 75 45 4 37 10 55 56 17 78 20 86 87 6 43 44 15 70 71 72 93 97 7 46 47 48 9 53 8 49 50 51 18 79 80 81 89 24 99 11 58 59 22 91 92 21 88 73
0 25
0 26
0 27
25 39
26 82
27 52
96 51
19 82
39 4
52 9
1 28
28 34
3 34
3 36
36 45
16 74
16 75
16 73
74 37
45 6
45 97
4 37
10 55
10 56
55 78
56 80
17 78
20 86
20 87
86 59
87 91
6 43
6 44
43 93
15 70
15 71
15 72
71 47
71 81
93 22
97 24
7 46
7 47
7 48
9 53
8 49
8 50
8 51
49 89
50 81
50 73
18 79
18 80
18 81
81 99
89 21
24 99
11 58
11 59
22 91
22 92
21 88