0 27 10 55 56 13 64 65 66 70 40 19 82 84 80 33 97 3 34 35 36 58 4 37 38 39 21 88 89 90 6 45 16 73 74 75 8 51 11 60 17 76 77 78 92 12 61 62 63 93 18 79 81 14 67 68 15 71 22 91 24 50 98 94
0 27
27 70
10 55
10 56
56 92
13 64
13 65
13 66
64 62
65 81
66 90
70 15
40 84
19 82
19 84
82 39
80 18
33 97
97 45
97 24
3 34
3 35
3 36
34 58
34 62
58 11
4 37
4 38
4 39
37 98
38 88
21 88
21 89
21 90
6 45
16 73
16 74
16 75
73 94
74 68
8 51
8 50
11 60
17 76
17 77
17 78
76 93
78 71
92 22
12 61
12 62
12 63
61 50
63 93
93 22
18 79
18 81
14 67
14 68
67 71
15 71
22 91
24 98