8 4 10 67 45 51 89 95 83 16 90 23 12 33 43 76 27 21 72 30 58 7 34 37 6 64 50 97 36 2 68 3 53 92 39 15 93 40 1 80 91 20 60 42 26 55 62 44 0 98 82 46 17 52 87 70 61 79 66 74 28 38 73 11 88 14 86 77 81 35 99
8 4
8 10
8 67
4 45
10 51
10 89
67 28
67 38
45 82
51 87
89 77
89 81
95 44
83 36
16 90
90 15
23 12
23 33
12 43
33 50
76 61
27 21
27 72
21 30
72 50
30 37
58 92
7 34
34 97
37 3
6 64
64 62
64 79
97 87
36 2
2 68
68 44
68 11
3 53
3 92
53 0
39 15
39 93
93 99
40 1
40 80
40 91
80 60
80 14
91 73
20 60
42 26
42 55
26 62
44 0
0 98
98 61
46 17
17 52
52 70
87 11
70 28
79 81
66 74
74 14
38 73
11 88
14 86
86 99
81 35