6 43 44 45 52 1 29 30 70 59 74 14 67 57 3 34 35 36 19 82 83 84 9 53 54 64 4 37 38 39 12 62 63 77 5 40 42 20 86 51 88 18 79 10 56 95 48 11 58 8 49 92 23 94 16 73 93 22 13 65 66 21 89 90 17 76 78 98
6 43
6 44
6 45
44 40
44 37
45 95
45 84
52 9
1 29
1 30
29 59
30 74
70 49
59 11
74 48
74 16
14 67
67 63
57 10
3 34
3 35
3 36
34 64
35 54
19 82
19 83
19 84
82 92
9 53
9 54
53 62
64 13
64 77
4 37
4 38
4 39
38 77
12 62
12 63
77 17
77 98
5 40
5 42
42 88
20 86
86 58
51 8
51 92
88 21
18 79
79 48
79 89
10 56
56 93
95 23
11 58
8 49
92 22
23 94
16 73
93 22
13 65
13 66
21 89
21 90
17 76
17 78