0 3 33 34 23 5 22 43 6 8 7 29 9 49 19 26 51 52 10 18 53 54 11 21 12 58 13 16 31 60 14 62 65 17 27 67 70 20 71 72 25 76 77 78 80 82 28 83 84 85 86 87 90 92 30 32 97 44 61 2 98
0 3
0 33
0 34
3 23
23 80
5 22
5 43
5 44
22 18
22 77
22 78
6 8
8 9
8 49
7 29
7 2
29 92
9 19
9 26
9 51
9 52
19 20
19 71
19 72
26 18
26 25
26 85
26 86
10 18
10 53
10 54
18 70
11 21
21 14
21 25
21 76
12 58
58 60
13 16
13 31
13 60
16 65
14 62
14 61
65 67
17 27
17 67
27 87
25 28
25 83
25 84
25 32
78 80
82 84
28 90
85 87
90 92
30 32
32 97
32 98