14 67 68 69 19 83 21 88 7 46 47 48 1 28 29 30 22 93 73 2 31 32 33 38 50 78 3 34 36 61 6 43 44 45 5 40 41 42 98 52 13 64 65 66 24 12 59 8 49 51 16 75 9 53 15 70 23 95 10 57 11 58 60 77 17 76
14 67
14 68
14 69
67 65
69 33
19 83
83 65
21 88
88 77
7 46
7 47
7 48
46 78
47 30
47 57
47 40
1 28
1 29
1 30
29 93
29 73
22 93
73 16
2 31
2 32
2 33
31 50
31 78
38 98
38 52
50 8
78 17
3 34
3 36
34 61
36 95
61 12
6 43
6 44
6 45
43 65
44 59
5 40
5 41
5 42
98 24
52 9
13 64
13 65
13 66
59 11
8 49
8 51
16 75
75 53
9 53
15 70
70 77
23 95
95 58
10 57
11 58
11 60
77 17
17 76