0 1 89 97 90 20 4 5 38 43 6 7 11 37 10 12 70 69 71 26 68 67 25 27 13 41 14 96 40 95 15 16 57 17 91 56 58 18 19 83 46 82 47 23 24 74 50 75 39 86 87 32 33 92 55 93 59 60 64 49 94 66 79 78 88
0 1
0 89
89 90
97 96
90 91
20 19
20 46
4 5
5 38
38 37
43 14
6 7
6 11
11 10
11 12
37 59
10 26
12 13
12 41
70 69
70 71
69 68
26 25
26 27
68 67
67 58
67 66
25 24
25 74
13 14
13 96
41 40
96 95
40 39
95 94
15 16
15 57
16 17
16 91
57 56
57 58
17 18
56 50
58 59
18 19
19 83
83 82
46 47
23 24
74 75
50 49
39 64
86 87
87 88
32 33
32 92
33 55
92 93
93 94
93 60
59 60
66 79
79 78
78 88