0 26 27 10 55 56 57 22 92 1 28 30 11 58 17 77 2 31 33 65 16 73 74 20 85 86 87 9 13 64 5 40 41 42 24 97 99 50 7 48 18 80 21 89 90 19 82 83 84 12 62 66 23 94 95 96 98 52 75 46
0 26
0 27
26 73
27 97
10 55
10 56
10 57
55 94
56 28
57 48
57 65
22 92
92 62
1 28
1 30
30 58
11 58
17 77
77 31
2 31
2 33
31 89
33 65
65 13
16 73
16 74
74 66
20 85
20 86
20 87
86 96
87 98
9 52
13 64
13 66
5 40
5 41
5 42
40 50
42 99
24 97
24 99
7 48
7 46
18 80
80 98
21 89
21 90
90 52
19 82
19 83
19 84
84 96
12 62
62 96
23 94
23 95
23 96
95 75