0 25 26 27 3 35 36 96 1 28 30 55 2 32 33 75 18 80 81 62 7 48 12 63 9 52 53 8 51 95 6 43 44 45 71 10 56 57 77 82 61 99 72 20 87 16 73 15 24 97 98 17 76 19 84 21 88 90 23 70 79
0 25
0 26
0 27
26 97
27 96
3 35
3 36
36 62
96 23
1 28
1 30
30 55
55 10
55 71
2 32
2 33
33 75
75 16
18 80
18 81
80 63
80 99
62 12
62 79
7 48
48 56
12 63
63 72
9 52
9 53
52 77
53 51
8 51
95 84
95 23
6 43
6 44
6 45
44 71
71 15
10 56
10 57
57 76
77 17
82 19
61 99
99 24
72 15
20 87
87 76
16 73
73 88
15 70
24 97
24 98
98 88
17 76
19 84
21 88
21 90