0 10 68 69 71 72 74 76 77 81 82 83 86 87 90 91 3 1 66 16 80 20 28 31 39 44 40 56 62 49 13 47 63 18 26 5 24 6 53 25 7 33 43 50 9 60 58 61 11 46 30 55 54 15 35 21 38 29 57 64 75 98 70 79 96 89 85 67
0 10
0 68
0 69
0 71
0 72
0 74
0 76
0 77
0 81
0 82
0 83
0 86
0 87
0 90
0 91
0 75
0 98
0 70
0 79
0 96
0 89
0 85
0 67
10 3
77 16
87 31
3 66
3 13
1 40
16 39
80 20
20 13
20 33
20 55
20 54
28 53
28 35
31 62
39 6
44 46
40 56
56 18
56 26
62 49
49 24
49 11
13 47
13 63
47 30
26 54
26 57
5 24
6 53
53 25
7 33
33 43
33 50
50 64
9 60
9 58
58 61
61 29
11 46
15 35
21 38
38 29
29 64