3 6 4 8 12 16 21 11 22 24 25 14 28 29 31 32 35 36 39 40 42 45 47 51 52 54 56 60 63 64 33 34 65 66 37 38 67 68 41 69 43 44 70 46 71 50 73 74 75 76 78 79 80 81 82 83 84 85 86 87 88 89 90 91 92 93 0
3 6
6 12
4 8
8 16
12 24
12 25
16 32
21 42
11 22
22 45
25 51
14 28
14 29
28 56
31 63
32 64
35 65
36 66
39 67
40 68
42 69
45 70
47 71
51 73
52 74
54 75
56 76
60 78
63 79
64 33
64 80
34 65
65 80
66 37
66 81
38 67
67 81
68 41
68 82
69 43
69 82
44 70
70 83
46 71
71 83
50 73
73 84
74 85
75 85
76 86
78 87
79 87
80 88
81 88
82 89
83 89
84 90
85 90
86 91
87 91
88 92
89 92
90 93
91 93
92 0
93 0