0 26 27 15 70 71 72 43 57 1 29 17 76 77 18 80 34 19 82 83 84 97 6 44 94 4 37 38 39 10 55 56 53 58 5 40 41 42 90 7 46 47 48 13 65 69 60 8 49 50 9 52 54 11 59 93 64 68 14 67 23 95 87 22 91 92
0 26
0 27
27 43
27 57
15 70
15 71
15 72
72 38
72 87
43 6
57 10
1 29
29 34
17 76
17 77
77 80
18 80
80 95
34 94
19 82
19 83
19 84
83 95
84 46
97 44
6 44
94 23
4 37
4 38
4 39
37 53
38 58
10 55
10 56
55 52
56 50
53 9
58 11
58 93
58 40
5 40
5 41
5 42
41 90
7 46
7 47
7 48
48 69
48 60
13 65
65 68
69 14
60 11
8 49
8 50
9 52
9 54
11 59
59 64
93 22
68 14
14 67
23 95
22 91
22 92