2 3 4 13 1 5 12 73 16 7 39 22 20 23 24 30 89 90 51 86 32 96 17 67 44 18 10 92 15 6 74 8 33 82 29 52 34 27 68 63 46 48 72 49 28 47 81 69 93 70 64 71 88 75 85 98 60 97 53 54 65 84 57 58 83 36 38 41
2 3
2 4
2 13
3 22
3 20
4 1
1 5
1 16
1 7
1 39
5 12
5 73
16 18
16 53
7 32
7 96
39 15
39 63
39 38
20 82
23 24
23 30
23 89
23 90
23 51
24 86
30 29
89 88
32 10
32 29
32 52
17 67
17 44
67 6
67 57
18 6
10 92
92 34
92 70
92 64
92 71
74 28
74 75
74 36
8 33
33 72
34 27
34 68
63 54
63 65
63 84
46 48
48 49
72 71
72 36
49 28
47 81
47 41
69 93
93 70
88 85
98 60
98 97
60 54
84 41
57 58
58 83