51 77 56 61 98 55 57 39 50 75 38 53 52 58 59 42 60 40 43 62 44 45 66 76 95 47 78 49 74 54 46 48 72 96 30 37 36 65 73 71 0 1 2 24 25 26 28 32 3 4 5 6 7 8 29 9 10 11 12 13 14 23 34 27 33 35 31 41
51 77
51 78
51 37
56 40
61 98
61 42
55 39
57 40
39 54
39 31
50 75
50 76
50 37
38 53
38 52
38 31
58 41
59 41
42 60
42 33
60 95
60 96
40 32
43 62
43 33
44 34
45 66
45 65
45 34
47 35
49 74
49 36
49 73
46 35
48 72
48 71
48 36
30 37
30 36
37 25
0 1
0 2
1 3
1 4
2 5
2 6
24 25
24 11
25 26
25 27
26 28
26 29
28 33
28 32
32 41
3 7
3 8
4 9
4 10
5 11
5 12
6 13
6 14
29 34
29 35
11 23
27 31