0 57 61 55 70 74 76 77 79 83 87 88 89 91 93 94 97 98 99 21 8 42 6 9 17 28 30 38 1 39 45 32 68 46 7 31 3 47 64 4 19 25 52 41 11 67 12 14 50 13 53 56 62 44 27 26 65 69 51 60 71 78 92
0 57
0 61
0 55
0 70
0 74
0 76
0 77
0 79
0 83
0 87
0 88
0 89
0 91
0 93
0 94
0 97
0 98
0 99
0 71
0 78
0 92
57 21
55 8
55 42
76 9
91 30
98 38
21 12
21 14
21 50
6 68
9 25
17 30
17 64
28 19
28 41
38 67
1 39
1 45
39 32
45 68
45 46
46 7
46 4
46 19
46 25
46 52
7 31
3 47
47 64
19 27
19 69
41 13
11 67
14 56
13 53
56 62
62 65
44 27
26 65
65 60
69 51