0 34 1 23 32 36 2 12 13 14 3 9 4 5 26 6 21 31 45 7 47 8 49 51 10 20 53 54 24 25 62 15 64 16 66 17 22 18 70 19 72 74 76 77 27 30 79 81 82 85 86 88 29 91 92 93 94 98 87 97
0 34
34 36
1 23
1 32
1 36
23 26
23 27
23 30
23 79
32 16
32 24
32 98
32 97
2 12
2 13
2 14
13 3
13 24
13 25
14 62
3 9
9 51
4 18
5 26
26 20
26 85
26 86
6 21
6 31
6 45
21 76
31 29
45 47
7 47
8 49
49 51
10 20
10 53
10 54
20 74
24 81
24 82
25 18
62 64
15 64
16 66
17 22
22 77
18 70
70 72
19 72
74 76
77 79
27 88
30 93
30 94
85 87
29 91
29 92