33 53 37 84 6 7 35 73 16 39 36 77 8 9 14 54 74 1 55 56 2 40 98 29 5 15 13 64 21 22 32 51 76 65 96 75 97 20 25 26 80 85 17 18 91 99 66 27 28 67 68 38 23 83 92 19 81 31 43 3 4 82 10 11 93 94 95 63 34 12 50 24 41 72 71 49 42 89
33 53
33 54
33 55
33 56
33 15
37 84
37 14
37 85
37 83
37 81
37 82
37 89
6 7
6 5
7 8
35 73
35 74
35 14
35 75
35 72
35 71
16 39
16 40
16 15
16 17
16 41
16 42
39 91
39 92
39 93
39 94
39 95
36 77
36 76
36 80
36 14
8 9
9 10
14 15
14 13
14 38
1 2
2 3
40 98
40 96
40 97
40 99
29 28
5 4
15 32
15 31
15 34
13 64
13 65
13 66
13 63
13 12
21 22
21 20
22 23
32 51
32 50
32 49
20 19
25 26
25 24
26 27
17 18
17 67
17 68
18 19
27 28
23 24
31 43
3 4
10 11
11 12