49 93 79 91 1 18 65 19 34 52 2 47 66 73 20 67 53 64 68 71 6 27 63 21 41 82 8 24 11 48 31 60 12 55 84 44 70 29 14 90 94 39 15 32 62 16 28 54 38 99 86 72 97 61 76 30 7 35 23
49 91
93 79
79 7
91 70
1 18
1 65
18 19
18 34
18 8
65 23
19 52
34 38
34 99
2 47
2 66
47 73
66 20
73 62
73 54
67 53
67 64
64 86
64 72
64 82
68 71
71 21
6 27
6 63
27 21
21 86
41 82
41 7
82 44
82 28
82 38
8 30
24 30
11 48
11 31
11 60
48 12
31 55
60 84
12 44
12 70
84 32
44 29
14 90
14 94
90 39
39 15
15 32
16 28
28 54
54 35
99 61
72 97
61 76