2 5 7 3 26 41 42 44 45 48 49 51 56 55 57 53 54 76 78 91 92 94 95 98 9 10 12 13 25 50 59 60 52 58 62 63 75 27 77 38 39 88 89 70 71 43 93 29 30 79 80 24 74 0 36 37 40 86 87 90 31 81 19 69 34 35 84 85 14 15 64 65 61 17 18 67 68 47 97 66 46 96 32 33 82 83 22 72 23 73
2 5
2 0
2 3
5 7
26 25
41 42
41 40
42 43
44 45
44 43
45 46
48 49
48 47
49 50
51 56
51 50
55 57
55 52
57 58
53 54
53 52
76 78
76 75
91 92
91 90
92 93
94 95
94 93
95 96
98 97
9 10
9 0
10 12
12 13
12 14
13 17
25 27
25 24
50 52
50 59
59 60
60 61
60 62
62 63
62 64
63 67
75 77
75 74
27 29
77 79
38 39
38 37
39 40
88 89
88 87
89 90
70 71
70 69
29 30
30 31
79 80
80 81
24 23
74 73
36 37
36 35
86 87
86 85
31 32
81 82
19 18
19 22
69 68
69 72
34 35
34 33
84 85
84 83
14 15
64 65
65 66
17 18
67 68
47 46
97 96
32 33
82 83
22 23
72 73