0 1 3 12 2 10 4 11 13 17 14 16 18 20 21 5 6 8 9 7 28 19 44 45 15 30 22 23 24 26 27 25 29 33 34 35 36 31 38 32 39 50 37 43 49 40 46 41 47 48 56 57 58 52 64 63 65 61 71 70 59 66 69 86 68 87 76 75 82 83 84 85 78 42 51 60 80 81 79
0 1
0 3
1 12
3 4
3 10
3 11
12 17
2 10
10 13
11 18
11 20
11 21
13 14
13 16
14 8
14 15
20 22
5 6
6 8
6 9
8 7
8 28
9 19
28 30
19 44
19 45
30 29
30 33
30 34
30 35
22 23
23 24
23 26
23 27
24 25
34 32
35 36
35 39
35 50
31 38
38 39
50 49
50 42
37 43
43 40
43 46
49 57
46 41
46 47
47 48
47 56
47 51
48 57
56 60
56 71
57 58
58 59
52 51
64 63
64 65
63 61
65 66
61 60
71 70
66 69
69 68
86 68
86 87
87 76
76 75
75 82
82 83
82 81
83 84
84 85
78 79
80 81
80 79