2 76 1 4 88 48 55 3 7 9 10 49 20 51 43 11 8 14 13 75 17 18 50 19 15 22 45 53 93 26 27 80 33 41 56 35 36 54 52 31 30 64 34 84 37 67 72 59 78 66 47 61 60 62 98 70 87 83 99 12 5 6 28 96 46 63 21
2 76
76 3
1 4
1 88
4 48
4 11
88 55
55 19
55 22
55 60
55 46
55 63
3 7
3 9
3 10
7 49
7 6
9 20
10 51
10 14
49 8
20 21
51 11
43 21
8 12
13 75
13 19
17 18
17 28
18 45
18 93
18 26
18 27
50 12
19 15
15 96
22 45
22 53
53 33
26 31
27 80
33 64
41 52
56 66
35 36
35 54
36 52
36 59
54 37
54 67
52 72
30 28
64 34
64 84
84 72
59 78
66 70
47 61
61 60
61 62
62 98
98 87
70 83
70 87
87 99
5 6