25 15 72 20 85 86 87 42 26 61 4 37 68 2 31 32 33 44 76 3 35 36 22 91 93 10 56 60 5 40 12 62 63 18 80 81 46 6 43 45 7 47 48 14 69 19 82 83 75 8 49 50 74 53 9 11 59 64 16 73
25 42
15 72
72 26
20 85
20 86
20 87
85 35
86 83
86 43
42 5
26 61
61 37
61 12
4 37
68 14
2 31
2 32
2 33
31 44
32 76
44 6
76 69
3 35
3 36
36 60
22 91
22 93
91 48
93 56
10 56
56 81
60 11
5 40
40 46
12 62
12 63
62 48
18 80
18 81
46 7
46 43
46 75
6 43
6 45
7 47
7 48
14 69
19 82
19 83
75 16
8 49
8 50
49 74
50 53
74 16
53 9
11 59
59 64
16 73