0 57 74 75 81 82 85 87 89 94 97 26 31 2 8 84 13 1 41 62 16 29 58 24 10 4 61 45 46 44 54 9 5 72 7 12 6 71 15 49 68 70 23 56 43 40 32 34 67 69 37 30 38 53 88 76 95 92 79 98 77
0 57
0 74
0 75
0 81
0 82
0 85
0 87
0 89
0 94
0 97
0 88
0 76
0 95
0 84
0 92
0 79
0 98
0 77
57 26
57 31
75 2
31 40
2 58
2 24
8 62
84 13
13 32
13 34
13 70
1 41
1 62
41 16
62 29
16 37
29 38
29 69
24 10
4 61
4 45
4 46
61 44
45 54
46 9
9 15
5 72
72 7
72 12
7 23
6 71
71 15
71 49
71 68
71 70
70 69
23 56
56 69
43 40
34 67
67 53
37 30