0 25 26 27 11 58 59 60 78 83 65 1 29 30 53 12 62 2 32 33 95 47 24 97 98 6 43 44 40 20 86 82 75 66 56 7 46 48 10 99 61 14 69 92 19 84 16 80 72 17 76 77 63 13 64 15 70 18 81
0 25
0 26
0 27
25 78
26 83
26 61
27 65
27 98
11 58
11 59
11 60
58 72
59 78
60 29
78 17
83 19
65 13
1 29
1 30
53 47
12 62
12 61
62 95
2 32
2 33
32 47
47 7
47 99
24 97
24 98
6 43
6 44
43 66
44 56
40 82
40 75
20 86
86 75
82 19
75 16
66 13
56 10
56 80
7 46
7 48
48 61
99 92
61 63
14 69
69 70
19 84
80 18
72 15
17 76
17 77
13 64
15 70
18 81