38 39 40 41 42 95 84 88 31 32 33 34 35 36 37 69 70 85 89 59 94 90 91 83 1 2 3 4 5 6 7 8 11 12 15 16 92 68 81 73 74 82 86 17 18 19 20 21 22 23 24 25 26 27 28 29 30 72 76 60 61 62 63 64 65 66 67 0 45 43 44 75 77 78 87
38 39
38 84
38 37
39 40
39 83
40 41
40 90
41 42
42 43
95 94
84 88
84 87
31 32
31 30
32 33
33 34
34 35
35 36
35 60
36 37
37 85
69 70
69 64
70 81
85 89
59 0
94 92
90 91
83 86
1 2
1 0
2 3
3 4
4 5
5 6
6 7
7 8
11 12
12 68
15 16
16 17
92 82
68 67
81 82
73 74
73 72
74 75
17 18
18 19
19 20
20 21
21 22
22 23
23 24
24 25
25 26
25 75
26 27
27 28
28 29
29 30
72 76
76 77
60 61
61 62
62 63
63 64
64 65
65 66
66 67
0 45
45 44
43 44
77 78