0 16 71 72 73 74 75 78 81 83 84 88 89 91 96 97 98 15 35 11 26 27 28 93 37 39 31 2 54 32 19 44 41 34 63 7 55 57 66 29 67 8 25 52 40 46 42 13 51 23 21 59 58 22 43 24 64 38 50 82 92
0 16
0 71
0 72
0 73
0 74
0 75
0 78
0 81
0 83
0 84
0 88
0 89
0 91
0 96
0 97
0 98
0 82
0 92
16 15
16 35
73 7
35 52
11 19
26 31
26 64
27 13
27 40
28 7
28 29
28 67
93 37
37 52
37 22
37 43
37 42
39 40
2 54
54 32
32 51
32 23
19 44
19 7
41 34
41 63
34 8
63 24
7 55
7 57
57 66
66 21
67 50
8 25
8 52
46 42
13 51
23 22
21 59
59 58
58 38
64 38