0 1 3 2 37 4 5 29 6 8 7 39 9 27 10 28 14 11 15 12 13 16 24 17 18 19 23 26 20 21 25 40 31 38 30 32 34 33 35 41 68 44 64 75 77 46 55 50 43 48 45 49 66 53 56 57 60 58 59 79 62 69
0 1
1 3
1 2
1 37
3 4
37 33
4 5
4 29
5 6
29 26
6 8
6 7
6 39
8 9
7 27
9 10
9 28
27 31
10 14
28 38
14 11
14 15
11 12
15 16
15 24
12 13
24 25
17 18
18 19
18 23
18 26
19 20
20 21
25 40
40 41
40 68
31 30
31 32
32 34
33 35
41 44
41 64
68 75
68 77
44 46
44 55
75 60
46 48
55 43
50 43
43 62
45 49
45 66
49 53
53 56
56 57
57 60
60 58
58 59
59 79
62 69