14 67 68 69 21 88 7 46 47 48 1 28 29 30 22 93 73 2 31 32 33 38 50 78 61 6 43 44 5 40 41 42 98 52 13 64 65 24 12 62 59 57 8 49 51 16 75 9 53 15 70 23 95 10 11 58 60 77 17 76
14 67
14 68
14 69
67 65
68 61
69 33
21 88
88 77
7 46
7 47
7 48
46 78
47 30
47 40
47 57
1 28
1 29
1 30
29 93
29 73
22 93
73 16
2 31
2 32
2 33
31 50
31 78
38 98
38 52
50 8
78 17
61 12
6 43
6 44
43 65
44 59
5 40
5 41
5 42
98 24
52 9
13 64
13 65
12 62
59 11
57 10
8 49
8 51
16 75
75 53
9 53
15 70
70 77
23 95
95 58
11 58
11 60
77 17
17 76