0 1 2 72 99 3 4 5 90 57 20 6 7 8 9 10 85 11 12 13 14 15 16 17 26 25 27 28 24 23 30 31 29 32 60 48 33 54 76 21 22 96 34 35 78 80 36 37 38 39 40 41 89 84 42 43 44 49 50 51 55 56 45 93 61 65 62 69 73 67 68 81 86
0 1
1 2
1 72
1 99
2 3
72 69
72 73
3 4
4 5
4 90
4 57
4 20
5 6
20 21
6 7
7 8
8 9
9 10
9 85
10 11
85 84
85 86
11 12
12 13
13 14
14 15
15 16
16 17
26 25
25 24
27 28
28 29
28 23
24 23
23 22
23 96
30 31
30 29
31 32
31 60
31 48
29 76
32 33
32 54
60 61
48 49
33 34
54 55
76 67
21 22
96 68
34 35
34 78
34 80
35 36
80 81
36 37
37 38
38 39
39 40
40 41
41 42
89 84
42 43
43 44
44 45
49 50
50 51
56 45
56 93
45 65
61 62