0 25 26 27 9 52 54 15 70 71 42 95 1 28 29 4 37 38 39 50 2 32 14 68 23 94 96 3 34 36 47 7 46 48 44 85 5 40 21 88 89 90 20 86 6 75 8 49 18 79 80 81 51 57 64 12 61 62 63 97 13 24 98
0 25
0 26
0 27
25 42
27 95
9 52
9 54
52 32
52 75
15 70
15 71
70 75
71 57
42 5
95 23
1 28
1 29
28 50
4 37
4 38
4 39
37 44
39 94
39 85
50 8
2 32
14 68
68 97
23 94
23 96
96 89
3 34
3 36
36 47
47 7
7 46
7 48
46 88
44 6
85 20
5 40
21 88
21 89
21 90
90 80
20 86
86 49
75 61
8 49
18 79
18 80
18 81
79 62
81 51
57 64
64 13
12 61
12 62
12 63
63 97
97 24
24 98