0 1 55 51 87 91 24 62 4 5 57 71 97 39 94 90 83 93 84 85 88 99 32 33 36 9 17 18 69 48 82 78 92 23 81 63 96 27 42 43 77 26 56 86 20 21 72 22 58 53 95 60 66 49 50 35 89 44 59 75 73 67
0 1
0 55
55 91
51 87
87 5
87 84
87 85
87 88
87 99
91 90
91 39
24 23
24 81
62 93
4 5
4 57
57 94
71 97
97 58
97 73
39 36
94 32
94 93
94 95
94 44
94 53
90 99
83 93
93 63
85 86
99 42
99 89
32 33
36 35
9 17
17 18
17 69
18 96
48 49
82 78
82 92
92 95
23 49
81 86
63 43
96 27
96 42
27 26
27 56
43 77
20 21
20 72
72 22
72 95
58 53
95 60
95 66
60 50
60 59
66 67
44 75