80 54 27 89 49 92 91 7 72 8 4 96 6 61 53 84 36 69 19 78 24 74 52 93 38 94 70 29 10 58 57 40 75 1 11 45 83 15 25 37 67 48 0 63 21 86 59 20 71 32 95 31 60 82 81 13 2 17 73 28 65 42 88 90 85 79 12 77 50
80 54
80 65
54 61
54 37
27 89
27 6
89 29
89 82
49 92
92 42
92 28
91 7
91 0
7 52
72 8
8 24
4 96
4 79
4 11
6 81
61 93
61 2
53 84
84 67
36 69
36 13
69 32
69 40
19 78
78 37
24 74
24 71
74 67
74 57
74 86
74 45
52 94
52 88
52 37
93 38
38 12
94 70
70 57
10 58
58 12
57 15
57 48
57 77
40 75
75 11
1 11
45 83
45 25
45 95
37 63
48 42
0 85
63 21
59 20
59 2
32 31
95 17
31 85
60 82
60 90
73 28
90 85
85 50