13 33 37 95 14 62 26 98 46 20 11 42 52 16 41 28 47 73 91 1 43 19 80 44 76 79 56 8 27 67 9 82 87 81 31 93 4 22 3 25 57 50 83 54 24 97 30 10 40 84 58 89 72 64 38 29 39 90 59 32 17 48 15 85 66 94 2 5 77 69 53 36 21 12 45 96 70 68 74 7 0 6 51 55 49
13 33
33 46
33 11
33 26
37 95
37 30
14 62
14 20
14 59
62 8
62 24
62 27
62 94
26 98
46 91
46 84
46 59
20 89
20 36
20 49
11 55
42 52
52 22
52 70
16 41
41 79
28 47
28 30
47 38
73 91
73 56
73 97
91 9
91 87
91 17
1 43
43 81
43 12
19 80
19 10
80 2
80 69
44 76
44 2
79 82
56 10
8 40
27 67
82 87
82 54
87 50
81 68
81 64
31 93
93 66
4 22
4 3
4 64
25 57
25 84
25 32
50 83
54 30
24 21
10 90
40 72
40 29
84 0
58 89
58 48
72 74
29 39
32 68
15 85
85 6
66 94
2 53
5 77
5 51
77 12
12 45
45 96
74 7
6 51