0 1 42 23 2 25 5 22 6 35 16 10 40 14 18 19 36 26 8 12 17 21 11 38 96 32 43 7 31 3 24 39 9 29 4 28 37 27 20 95 33 13 34 79 56 53 68 90 57 91 65 15 41 30 66 85 92 59 75 46 89 86 72 62 83 54 88 70 45 94 80 82 99 74 44 49 64 84 98 61 73 97 60 78 71 87 55 67 76 93 47 50 51 48 58 52 69 63
0 1
0 79
0 56
0 57
0 36
0 65
0 59
0 75
0 46
0 62
0 80
0 74
0 73
0 78
0 67
0 47
0 50
0 48
0 58
0 52
0 69
0 63
1 96
1 95
1 85
1 92
1 89
1 83
1 88
1 82
1 44
1 84
1 98
1 97
42 23
42 32
42 40
42 9
23 16
2 25
2 15
2 45
25 99
5 22
5 26
22 64
6 35
6 13
6 15
6 49
35 14
35 26
16 31
16 93
10 40
10 18
10 39
10 53
18 19
18 8
18 60
19 37
19 95
19 61
36 26
36 3
36 76
8 12
8 34
8 86
8 51
12 27
12 90
17 21
17 20
17 94
11 38
11 20
11 54
38 29
32 28
32 72
43 7
43 4
31 71
3 24
3 4
24 66
9 30
9 87
29 27
4 41
28 33
28 68
13 91
13 55
30 70