0 29 5 22 32 13 51 30 45 61 80 73 88 91 60 28 20 2 31 11 35 41 44 57 63 47 14 27 62 39 79 84 17 7 67 52 53 68 76 43 46 66 58 83 38 37 59 6 69 82 92 21 19 93 50 95 42 94 56 36 85 49 3 98 1 25 26 90 33 10 34 77 4 99 8 64 48 16 74 24 9 55 71 18 87 54 86
0 29
29 62
29 73
29 3
29 94
29 33
5 22
5 32
5 20
5 60
32 61
32 64
13 51
13 37
51 14
30 45
30 49
45 7
45 67
45 34
61 80
61 57
73 88
91 60
91 3
60 50
28 20
28 2
28 39
28 90
31 11
31 26
31 68
11 69
35 41
35 49
41 98
44 57
57 59
57 1
63 47
63 1
47 85
14 27
14 83
27 68
62 43
62 95
39 79
84 17
17 37
7 76
7 82
7 92
7 18
52 53
52 68
52 77
53 21
53 4
53 86
76 25
76 10
46 66
46 25
58 83
83 6
38 37
38 8
6 74
6 24
82 71
92 21
21 50
19 93
93 26
42 94
56 36
36 98
85 87
90 48
33 55
33 54
99 8
48 16
24 9