0 23 34 1 36 2 14 3 9 4 5 21 31 29 43 44 7 27 47 48 8 49 51 11 19 56 13 59 60 32 61 62 15 25 16 17 18 70 72 20 75 76 22 78 80 24 81 82 83 26 86 88 28 92 96 97 41 54 77 79 85 95 10 98 42
0 23
0 34
23 32
23 80
34 36
1 36
2 14
14 32
14 61
14 62
3 9
9 51
9 31
4 5
4 21
4 31
4 22
4 42
5 29
5 43
5 44
21 75
21 76
31 96
31 16
31 95
29 28
29 92
43 41
7 27
7 47
7 48
27 88
27 13
8 49
49 51
11 19
11 56
19 72
56 54
13 59
13 60
32 22
32 26
32 97
32 98
15 25
25 20
25 22
25 24
25 83
17 20
18 70
70 72
22 78
22 77
24 81
24 82
26 86
26 85
86 88
28 10
54 10
77 79