0 3 8 1 13 18 24 27 35 36 2 12 38 4 21 42 5 9 32 43 44 6 46 7 17 47 48 19 49 29 51 10 53 11 20 55 57 14 28 59 60 25 62 15 63 16 66 67 68 70 71 72 30 75 22 77 23 79 81 82 84 87 88 89 31 92 94 95 98 33 40 45 58 61 65 69 73 74 76 90
0 3
0 8
8 19
8 49
8 15
1 13
1 18
1 24
1 27
1 35
1 36
13 14
13 28
13 59
13 60
18 7
18 9
18 20
18 70
24 81
24 82
27 87
27 88
35 33
2 12
2 38
12 57
38 40
4 21
4 42
21 10
21 75
21 76
5 9
5 32
5 43
5 44
9 29
9 51
32 98
6 46
46 48
7 17
7 47
7 48
17 10
17 67
17 68
47 45
19 71
19 72
49 51
29 31
29 92
10 53
11 20
11 55
20 30
57 59
14 25
14 62
28 23
28 89
60 58
25 84
15 63
63 61
16 66
66 68
67 65
71 69
30 94
75 73
22 77
77 79
23 79
31 95
92 90
74 76