0 25 26 27 14 68 69 96 19 82 39 52 1 28 3 34 35 36 16 73 74 75 45 64 4 37 10 55 56 17 78 20 86 87 58 6 43 44 15 70 71 72 93 97 9 8 49 50 51 18 79 80 81 89 24 99 11 59 13 22 91 92 21 98
0 25
0 26
0 27
25 39
26 82
27 52
14 68
14 69
68 86
96 51
19 82
39 4
52 9
1 28
28 34
3 34
3 35
3 36
36 45
36 64
16 73
16 74
16 75
73 44
74 37
45 6
45 97
64 13
4 37
10 55
10 56
55 78
56 80
17 78
20 86
20 87
86 59
87 91
58 11
6 43
6 44
43 93
15 70
15 71
15 72
71 81
93 22
93 98
97 24
8 49
8 50
8 51
49 89
50 81
18 79
18 80
18 81
81 99
89 21
24 99
11 59
22 91
22 92