8 4 10 67 45 51 89 13 92 5 18 83 16 9 90 23 12 33 43 24 76 27 21 72 30 94 29 58 69 7 34 37 32 84 85 6 64 50 54 97 36 2 68 3 53 39 15 93 49 19 59 40 1 80 91 41 20 60 42 26 55 62 75 44 0 95 98 82 46 17 22 52 47 56 87 70 25 65 61 79 66 74 96 28 38 73 11 71 14 77 78 81 35
8 4
8 10
8 67
4 45
10 51
10 89
67 28
67 38
45 82
51 87
89 77
89 81
13 92
92 3
92 58
5 18
5 83
83 36
16 9
16 90
90 15
90 78
23 12
23 33
12 43
33 50
33 54
43 75
24 76
76 61
27 21
27 72
21 30
21 94
72 50
72 59
30 37
94 47
29 58
29 69
69 71
7 34
34 97
37 3
32 84
32 85
84 6
6 64
64 62
64 79
97 87
36 2
2 68
68 44
68 11
3 53
53 0
39 15
39 93
15 49
49 56
19 59
40 1
40 80
40 91
80 60
80 14
91 73
41 20
20 60
42 26
42 55
26 62
55 25
55 56
44 0
44 95
0 98
98 61
46 17
46 22
17 52
52 70
87 11
70 28
25 65
79 81
66 74
66 96
74 14
38 73
81 35