0 82 1 38 57 95 2 58 61 3 10 30 33 6 59 70 90 8 11 34 56 48 12 91 13 73 14 53 16 28 84 17 49 72 18 85 19 43 21 71 76 22 54 83 25 26 27 35 36 37 96 41 47 46 86 74 51 94 93 55 79 63 64 65 92 66 78 97 99 80 98 5 44 9 23 32 62 20 24 42 31 68 39 60 87 52 75 77 50
0 82
82 56
1 38
1 57
1 95
95 53
2 58
2 61
2 14
2 71
3 10
3 30
3 33
3 63
10 48
10 44
30 11
33 20
6 59
6 70
6 90
6 66
90 26
90 53
90 24
8 11
8 34
8 56
48 50
12 91
12 52
13 73
13 23
13 68
73 35
14 53
14 44
53 75
16 28
16 84
28 27
84 36
17 49
17 72
17 32
17 62
17 74
18 85
85 98
19 43
19 79
19 80
21 71
21 76
71 99
71 52
76 80
22 54
22 83
22 9
54 93
83 25
83 63
35 36
37 96
37 68
41 47
41 60
47 74
46 86
46 23
46 32
51 94
94 55
93 64
93 31
55 79
64 23
65 92
92 42
66 78
66 97
78 98
80 39
5 44
24 42
42 87
87 77