0 2 25 24 67 70 75 81 82 84 89 90 92 94 96 43 32 35 54 41 15 51 1 3 44 18 5 10 42 37 22 30 53 9 58 11 56 60 14 38 59 27 20 16 55 40 49 23 48 68 91 95 93 87 78 99 72 66 74 71 80 83
0 2
0 25
0 24
0 67
0 70
0 75
0 81
0 82
0 84
0 89
0 90
0 92
0 94
0 96
0 68
0 91
0 95
0 93
0 87
0 78
0 99
0 72
0 66
0 74
0 71
0 80
0 83
2 43
25 9
24 32
24 35
24 54
24 41
43 1
54 23
41 37
41 15
51 5
3 44
44 18
18 22
5 10
5 42
5 37
42 22
37 30
37 53
30 27
30 48
9 58
9 11
11 56
56 60
14 38
14 59
38 27
59 20
59 16
16 55
16 40
55 49