0 82 89 27 54 92 3 1 70 11 61 29 6 15 39 66 33 40 41 78 71 2 37 16 51 52 74 8 12 63 4 21 99 53 38 95 77 81 35 20 43 64 69 75 25 24 9 62 67 58 42 22 90 48 28 17 36 31 98 50 85 57 94 19 34 47 30 32 93 96 45 84 46 26 97 91 88 72
0 82
82 96
89 27
89 54
27 96
27 85
54 46
54 90
54 34
92 3
3 33
3 61
1 70
70 40
70 41
11 61
61 8
61 12
29 6
29 15
29 39
29 66
6 63
39 96
66 20
66 43
66 74
40 98
40 17
41 42
78 71
71 8
2 37
37 16
37 51
16 63
16 9
16 25
16 67
52 74
8 35
12 99
4 21
21 99
99 25
53 38
53 9
38 77
38 88
38 93
95 77
95 81
35 24
20 36
64 69
64 75
69 9
25 48
9 62
62 58
22 90
48 31
48 98
28 17
50 85
85 91
85 94
57 94
19 34
47 30
47 32
47 93
32 97
93 72
45 84
84 88
26 97