85 49 0 41 38 79 98 48 53 62 57 42 63 16 56 22 84 1 9 68 8 76 80 94 66 55 36 24 89 4 70 29 21 37 5 13 97 83 32 87 74 17 43 59 77 88 72 10 73 27 78 81 35 86 51 90 33 23 30 82 61 65 11 75 34 52 71 99 93 25 95 92 47 14 58 15 46 96 20 18 40 2 69 12 7
85 49
85 99
49 74
49 94
0 41
41 81
38 79
38 77
38 12
79 66
79 52
79 69
98 48
48 11
48 83
53 62
53 33
53 15
53 2
57 42
57 24
42 81
63 16
63 84
63 9
63 77
56 22
56 72
84 1
84 21
84 93
1 37
1 36
9 87
68 8
68 43
68 27
76 80
76 4
76 88
80 81
94 66
94 11
66 89
66 90
55 36
55 10
36 86
24 89
89 7
4 17
70 29
70 59
21 73
37 34
5 13
13 58
13 43
97 83
32 87
17 72
17 23
43 59
10 14
73 27
73 47
78 81
78 51
78 18
35 86
90 33
90 61
30 82
30 34
61 65
65 46
11 75
34 95
34 40
52 71
25 95
92 47
96 20
20 18