0 5 1 40 51 78 2 57 7 35 83 8 47 54 61 66 9 32 77 10 13 19 21 15 62 23 58 25 37 28 29 69 33 45 96 34 59 67 88 90 38 86 39 41 49 42 94 44 55 53 93 98 56 65 70 63 74 73 81 75 95 50 99 3 4 6 85 92 22 26 48 52 82 80 97 79 91 72
0 5
0 72
1 40
1 51
1 78
1 33
1 50
40 4
40 6
40 75
51 98
78 19
2 57
2 99
7 35
7 83
7 65
35 67
35 88
35 90
83 29
83 56
83 48
8 47
8 54
8 61
8 66
47 53
54 39
54 15
61 70
61 34
61 80
66 69
9 32
9 77
32 69
10 13
10 19
10 21
13 28
21 23
21 85
21 92
15 62
23 58
23 26
58 65
25 37
37 28
37 94
33 45
33 96
33 3
96 79
34 59
88 41
90 91
38 86
86 6
41 49
49 93
42 94
44 55
55 22
55 73
93 74
70 73
70 97
63 74
73 81
73 6
81 52
75 95
99 91
4 72
52 82