0 32 24 1 73 38 61 41 27 68 40 72 46 59 67 86 66 95 77 30 23 37 60 2 15 88 89 49 64 26 34 36 50 87 91 53 84 75 79 16 54 58 80 33 3 39 10 19 92 65 76 7 29 62 17 56 35 69 5 21 70 20 57 78 82 90 6 18 52 96 25 71 28 31 12 93 97 83 47 22 48 99 74 42 4 94 43 11 51 63 81
0 32
32 73
24 1
1 77
73 84
73 28
73 36
38 61
61 90
41 27
27 36
68 40
40 72
72 46
72 59
72 67
46 17
46 64
59 53
59 81
86 66
86 95
95 33
77 60
77 51
30 23
30 37
23 90
23 11
37 48
60 10
60 29
2 15
2 88
2 89
2 43
15 49
15 64
88 50
89 16
89 54
89 58
89 80
49 92
64 20
64 29
26 34
34 25
36 12
50 87
50 91
50 42
87 96
91 3
53 65
53 33
84 75
84 79
79 99
54 25
3 39
39 19
19 5
19 21
19 70
92 90
92 47
76 7
76 29
76 62
7 28
29 22
29 63
56 35
56 69
69 57
20 57
20 78
20 82
90 94
6 18
6 52
18 96
52 71
25 31
12 93
12 97
93 83
48 74
4 94