11 80 33 69 53 18 45 24 39 72 73 94 2 58 70 84 10 86 6 59 14 61 56 30 54 77 92 32 29 42 88 31 85 96 5 71 13 25 35 40 78 41 82 67 75 16 8 48 46 38 7 20 97 23 44 55 68 98 28 83 17 93 34 66 90 65 60 50 81 43 79 27 57 26 19 4 37 74 51 1
11 80
11 33
11 69
11 53
69 34
69 38
69 71
69 1
18 45
18 24
18 39
24 72
24 54
24 77
24 92
39 82
72 73
72 94
73 70
2 58
58 14
58 37
70 67
84 10
10 25
10 20
86 6
86 59
86 14
86 61
86 56
86 30
6 13
59 96
14 79
14 90
56 42
30 48
30 55
54 81
54 74
77 5
77 71
92 29
32 29
88 31
88 85
31 75
31 97
25 35
35 43
40 78
40 41
40 82
67 83
16 8
16 23
48 46
48 38
48 7
46 68
46 26
7 20
20 97
23 44
23 51
68 98
68 28
98 51
17 93
17 34
34 66
66 4
90 65
60 50
60 81
81 19
27 57
27 37