0 25 26 27 14 68 69 77 61 1 28 29 30 20 85 87 3 34 35 36 2 31 32 17 76 78 60 91 7 46 47 48 18 79 80 81 15 70 71 72 4 37 38 8 49 50 6 43 44 41 19 82 84 12 62 63 22 92 95 45 9 52 53 54 55 10 56 57 24 97 98 99 67 73 90 11 58 59 88 13 66 21 89 23 96 16 74 75
0 25
0 26
0 27
27 77
27 61
14 68
14 69
14 67
68 35
69 41
77 17
61 12
1 28
1 29
1 30
28 87
20 85
20 87
85 88
87 45
3 34
3 35
3 36
2 31
2 32
31 60
32 91
17 76
17 78
76 56
78 95
60 11
91 22
7 46
7 47
7 48
47 43
18 79
18 80
18 81
79 55
15 70
15 71
15 72
71 92
4 37
4 38
37 49
38 73
8 49
8 50
6 43
6 44
43 95
19 82
19 84
84 96
12 62
12 63
62 99
22 92
95 23
9 52
9 53
9 54
52 66
53 55
55 10
10 56
10 57
56 67
57 73
57 90
24 97
24 98
24 99
73 16
90 21
11 58
11 59
59 88
88 21
13 66
21 89
23 96
16 74
16 75