51 74 5 30 1 6 4 59 34 40 54 57 17 22 25 82 0 20 9 55 28 47 61 8 46 44 81 14 29 92 2 39 23 63 32 11 35 53 88 71 98 12 13 24 15 76 3 99 48 49 7 64 33 96 90 41 69 18 10 94 67
51 74
51 13
74 99
5 30
5 24
5 33
30 81
30 76
1 6
6 88
6 9
6 2
4 59
59 28
34 40
34 46
34 24
34 47
40 96
54 57
54 11
54 33
17 22
17 3
25 82
25 81
0 20
0 7
20 67
9 55
9 10
55 14
28 41
47 61
47 53
8 46
8 49
46 32
46 71
44 81
14 63
14 12
14 15
14 3
14 18
29 92
29 88
2 39
23 63
23 94
63 13
11 35
88 90
71 98
13 76
24 67
99 41
48 49
7 64
7 69