1 3 4 5 6 7 9 8 10 12 14 16 18 19 20 21 22 23 24 25 26 27 29 28 30 31 32 33 34 35 36 37 38 39 40 41 42 43 44 45 46 47 48 51 52 53 54 55 56 57 58 59 60 61 62 63 65 64 66 67 69 70 71 72 73 74 76 77 78 79 80 83 84 85 86 89 90 92 94 95 98 97 82 87 68 88 50 49
1 3
3 4
4 5
5 6
6 7
7 9
9 8
8 10
10 12
12 14
14 16
16 18
16 19
19 20
20 21
21 22
22 23
23 24
24 25
25 26
26 27
26 29
27 28
29 30
30 31
31 32
31 33
33 34
34 35
34 36
35 37
37 38
37 39
38 50
39 40
40 41
40 42
42 43
43 44
44 45
44 46
46 47
47 48
48 51
48 49
51 52
51 53
53 54
54 55
55 56
55 57
56 58
58 59
59 60
60 61
60 62
61 63
62 65
62 67
65 64
66 67
67 69
67 68
69 70
70 71
71 72
72 73
73 74
74 76
76 77
77 78
78 79
79 80
80 82
83 84
83 82
84 85
85 86
86 87
89 90
89 88
90 92
92 94
94 95
95 97
98 97
87 88