1 18 22 12 10 20 8 46 38 73 81 48 86 31 68 96 80 30 70 11 40 67 84 53 95 7 98 2 17 39 64 71 72 88 50 13 62 37 97 43 45 35 63 89 82 99 90 32 41 49 59 9 29 23 76 87 85 3 54 66 26 58 92 60 56 5 25 75 14 79 65
1 18
1 22
18 7
18 13
22 62
22 32
12 10
10 66
10 99
20 8
8 3
8 54
46 38
46 73
46 81
38 30
81 11
81 40
81 67
48 86
48 89
31 35
31 67
68 96
96 98
96 82
96 59
80 30
80 70
11 50
67 71
67 14
84 53
53 98
53 9
53 29
95 7
7 64
7 71
7 72
7 88
98 5
2 17
2 39
17 49
17 59
71 26
71 56
72 23
72 76
88 99
62 3
37 97
97 43
97 23
97 92
45 35
63 89
89 49
82 99
90 32
90 41
9 60
76 65
87 85
85 58
58 92
5 25
25 75
14 79