0 58 87 89 20 9 55 33 43 60 18 54 88 68 3 71 84 27 74 77 94 85 1 67 2 28 32 47 57 21 46 90 44 36 61 70 79 42 22 80 98 51 17 4 37 8 30 45 62 24 14 69 5 65 38 91 56 34 40 31 35 86 93 75 19 13 64
0 58
0 87
0 89
58 54
58 88
87 85
87 68
20 56
20 79
9 55
9 43
33 43
33 60
43 65
43 36
60 28
60 40
18 98
18 13
18 90
54 32
88 1
88 21
88 22
88 80
88 64
68 3
71 42
71 90
84 27
84 74
84 77
84 94
74 85
74 24
77 8
1 67
67 61
2 28
2 32
2 47
2 57
21 46
21 90
46 93
90 56
44 36
70 79
79 69
79 75
80 5
98 51
17 4
4 8
37 8
37 30
37 45
30 62
45 34
45 86
24 14
65 38
91 56
31 35
31 86
75 19