0 1 10 2 11 20 5 6 14 13 9 19 18 29 12 21 30 15 16 27 17 39 22 40 23 31 24 32 38 49 41 50 35 36 37 48 59 42 60 43 44 45 46 51 47 52 58 69 61 70 53 57 65 64 66 79 62 71 80 63 77 76 89 81 90 82 91 83 84 85 86 92 93 94 95 96 97 72 73
0 1
0 10
1 2
10 11
10 20
11 12
20 21
20 30
5 6
5 14
14 13
13 12
9 19
19 18
19 29
18 17
29 39
21 22
30 40
15 16
15 27
16 17
39 38
39 49
22 23
22 31
40 41
40 50
23 24
31 32
38 37
49 48
49 59
41 42
50 60
35 36
36 37
48 47
59 58
59 69
42 43
60 61
60 70
43 44
44 45
45 46
45 51
46 47
51 52
52 53
58 57
69 79
61 62
70 71
70 80
65 64
65 66
64 63
66 77
79 89
62 63
71 72
80 81
80 90
77 76
81 82
90 91
82 83
91 92
83 84
84 85
85 86
92 93
93 94
94 95
95 96
96 97
72 73