46 21 44 41 60 85 53 39 25 50 11 87 20 52 81 55 84 47 2 3 32 61 8 37 40 38 48 63 72 67 90 30 70 29 75 73 22 69 86 68 57 13 51 10 83 78 94 59 76 92 28 18 49 43 24 95 19 6 5 31 66 7 54 0 58 16 80 14 98 23 93 17 65 33 34 74
46 21
46 44
46 41
46 60
46 65
41 22
60 84
60 30
85 53
53 8
39 25
39 50
39 11
25 69
11 67
87 20
87 83
20 52
20 0
81 55
81 84
55 86
47 2
47 3
47 32
47 61
47 34
2 92
2 43
3 8
3 37
61 18
37 7
37 49
40 38
40 7
48 63
48 72
63 94
72 75
67 90
90 49
90 6
30 70
29 75
29 73
75 6
75 5
75 33
73 83
22 69
86 68
57 13
13 19
51 10
10 58
83 78
94 58
59 76
76 16
92 28
49 14
24 95
24 19
95 93
19 80
5 16
5 74
31 66
66 16
54 0
16 23
16 93
98 23
93 17