1 2 25 68 6 30 7 79 8 28 13 14 63 15 16 17 57 18 20 70 24 87 26 33 52 27 29 72 31 32 35 93 37 38 39 98 40 41 42 43 84 46 94 64 48 49 77 53 67 55 56 58 59 97 61 62 65 66 69 96 73 74 75 76 80 83 85 90 91 92 95
1 2
1 25
25 26
25 33
68 16
68 67
6 30
30 31
7 79
79 38
79 57
79 80
8 28
28 27
28 52
13 14
13 63
14 15
63 62
15 16
16 17
16 57
17 18
57 56
20 70
70 39
24 87
87 65
26 52
33 32
52 77
29 72
72 73
31 32
35 93
93 80
93 92
93 94
93 84
37 38
38 39
38 98
39 40
40 41
42 43
43 84
84 49
84 83
84 85
46 94
46 64
94 95
48 49
77 76
53 67
67 58
67 66
55 56
59 97
97 96
61 62
65 66
69 96
69 73
96 95
74 75
75 76
75 80
90 91
91 92