3 19 57 11 30 58 20 10 4 24 52 35 40 29 56 45 12 0 41 50 7 9 39 15 32 14 55 54 61 51 8 37 5 25 17 18 22 46 97 47 16 1 43 28 44 33 2 68 48 31 34 26 23 49 6 86 83 84 75 13 38 36 66 27 81 42 79 72 59 77 88 87 99 53 85 70 96 73 69 71 21 64 80 91 62 82 92 95 93 60 98 78 89 67 65 76 90
3 19
3 13
19 33
57 11
57 10
57 99
11 41
11 47
11 34
11 29
30 58
30 15
30 2
30 36
30 79
58 48
58 53
20 10
20 0
20 25
10 40
10 50
10 52
10 64
4 24
4 15
24 25
52 35
52 39
40 18
40 22
40 87
29 56
29 78
56 98
45 12
45 1
0 61
0 97
0 37
0 68
0 86
0 84
0 66
0 81
0 72
0 88
0 70
0 96
0 73
0 80
0 91
0 62
0 82
0 92
0 95
0 60
0 67
0 65
0 76
0 90
50 9
50 93
7 9
9 26
39 28
15 55
32 14
32 8
14 51
14 18
55 54
54 17
51 21
8 44
37 5
37 85
5 46
17 69
47 16
47 42
1 43
1 31
1 59
28 77
44 33
31 49
31 6
34 23
34 83
34 6
26 75
38 36
38 27
42 89
71 21