24 11 16 33 26 31 20 3 6 21 14 23 5 30 7 2 9 32 25 4 18 28 12 36 15 13 1 29 8 10 17 85 0 35 72 94 47 89 34 64 74 19 22 54 97 77 90 95 27 52 82 43 63 50 75 78 58 87 81 93 37 71 66 80 76 68 91 39 42 38 79 56 60 45 59 61 65 92 49 57 62 55 48 44 69 88 86 73 99 40 46 96 98 70 51 53
24 11
24 36
24 1
11 4
11 97
16 33
16 23
16 0
16 51
33 20
33 8
33 64
33 19
26 31
26 20
31 63
3 6
3 15
3 91
3 39
6 94
6 7
6 8
6 42
6 69
21 14
21 7
21 4
23 56
5 30
5 13
5 17
5 22
5 93
30 86
7 9
2 9
2 38
2 92
2 99
2 96
9 71
9 44
32 25
32 13
25 27
4 18
4 34
4 68
4 40
28 12
28 85
28 36
12 47
12 74
12 98
15 10
13 75
13 48
1 29
1 72
1 77
1 90
1 78
1 87
1 81
1 76
1 79
1 88
1 73
8 95
8 70
10 45
17 35
17 52
0 54
0 52
0 43
0 50
0 58
0 37
0 66
0 60
0 61
0 65
0 49
0 57
0 62
0 55
0 46
0 53
89 34
19 80
22 82
27 59