0 24 41 6 17 55 9 89 10 33 77 42 27 68 12 94 14 79 19 83 20 45 25 26 30 46 36 37 92 38 59 81 39 98 50 57 53 60 99 63 65 71 90 74 95 75 96 88 85 1 16 4 48 5 76 7 62 23 11 69 31 72 58 34 40 78 43 93 66 97 3 54 49 35 13 18 61 21 86 51 52 64 70 87 67 22
0 24
0 41
24 59
41 36
6 17
6 55
6 39
6 49
55 99
55 52
9 89
9 62
89 46
10 33
10 77
10 42
10 27
10 68
10 23
10 3
33 72
33 58
33 65
42 26
42 22
27 86
68 63
12 94
12 35
12 64
94 85
94 23
94 45
14 79
14 46
79 25
79 65
79 40
79 67
19 83
83 92
20 45
20 4
20 59
20 61
45 50
45 87
26 31
30 46
30 11
46 51
37 92
37 7
37 50
38 59
38 81
39 98
39 4
98 97
50 57
53 60
60 85
71 90
71 75
90 18
74 95
95 40
75 96
75 88
75 13
88 34
1 16
1 43
16 11
4 48
5 76
76 34
11 69
69 66
34 43
40 78
43 93
97 21
3 54
64 70