33 5 14 22 46 8 1 11 10 19 15 12 18 17 16 63 67 90 98 25 26 44 34 13 49 59 7 84 6 35 65 9 20 23 48 55 61 68 21 53 66 24 88 36 54 58 56 42 64 57 3 77 52 4 32 99 40 51 62 73 81 78 79 72 71
33 25
33 26
33 44
5 14
5 22
5 46
14 15
8 1
8 11
1 7
1 13
1 84
1 66
11 32
11 99
10 19
19 90
19 98
15 12
15 18
12 4
12 35
18 68
17 16
17 63
17 67
16 52
63 51
67 20
90 72
98 6
25 36
26 42
26 64
44 6
34 13
13 9
13 61
49 59
59 54
59 61
6 35
6 65
35 57
35 99
9 20
9 23
9 48
9 55
20 77
23 24
48 56
21 53
21 66
24 88
54 58
42 40
3 77
52 79
52 81
32 78
62 73
62 81
78 71