56 2 55 62 5 38 54 18 75 27 32 78 30 61 87 72 89 91 1 94 63 11 49 53 70 79 7 92 81 98 80 69 31 15 65 96 84 43 13 50 48 73 33 36 76 39 40 8 23 19 25 9 95 22 41 74 44 51 60 45 12 83 14 82 17 28 46 35 86 93 6
56 27
56 32
2 55
2 62
55 54
55 98
62 80
5 38
38 13
54 18
54 75
75 76
75 12
27 9
27 22
27 41
27 74
78 30
78 61
61 13
61 25
87 72
72 70
89 91
91 70
91 84
91 60
91 93
1 94
94 79
94 6
63 11
63 49
63 53
11 36
49 83
79 22
79 73
7 92
92 33
92 36
92 76
81 25
98 43
98 40
69 31
31 45
15 65
15 96
65 39
96 19
96 82
50 48
50 73
36 45
76 9
8 23
23 19
23 25
19 9
19 95
74 60
74 28
44 51
44 60
51 14
82 35
82 86
17 28
17 46