0 25 26 9 52 53 18 79 81 59 56 1 28 29 30 8 49 50 51 20 86 76 2 31 24 97 98 99 36 3 34 35 4 38 39 11 55 16 73 75 23 94 95 96 71 15 70 72 6 43 44 14 67 7 46 57 48 17 77 78 10 21 88 89 66 69
0 25
0 26
25 59
26 56
9 52
9 53
52 73
53 70
18 79
18 81
79 89
81 72
59 11
56 10
1 28
1 29
1 30
28 76
8 49
8 50
8 51
49 97
50 71
51 78
20 86
86 35
76 48
76 17
2 31
31 36
24 97
24 98
24 99
98 66
98 69
36 34
3 34
3 35
34 55
4 38
4 39
38 71
55 10
16 73
16 75
23 94
23 95
23 96
94 70
71 15
15 70
15 72
6 43
6 44
43 88
14 67
67 69
7 46
46 57
57 48
57 10
17 77
17 78
21 88
21 89