17 27 0 34 10 14 2 31 26 36 18 19 41 8 6 25 23 42 4 43 11 39 15 9 7 33 3 22 21 40 30 5 38 55 29 12 35 24 37 13 49 97 16 70 50 28 90 1 91 92 20 88 95 46 96 64 32 98 45 66 87 99 94 89 76 72 58 53 81 93 73 69 85 44 83 79 84 59 68 67 48 71 80 75 56 63 86 82 78 54 57 60 47 61 62 51 74
17 27
17 9
17 34
17 6
17 35
27 96
0 34
0 36
0 30
0 55
0 37
0 70
0 50
0 49
0 46
0 64
0 45
0 66
0 72
0 53
0 69
0 67
0 48
0 63
0 54
0 57
0 62
0 51
0 74
34 43
10 14
10 5
14 26
2 31
2 75
31 22
31 98
26 8
18 19
18 41
18 58
19 25
19 90
19 59
41 32
8 7
8 80
6 25
6 39
25 21
25 20
25 94
23 42
23 4
23 15
23 93
42 24
42 13
42 22
4 43
4 11
15 1
15 56
15 86
9 40
9 81
7 33
7 49
7 79
33 29
3 22
22 92
21 60
40 73
30 97
5 38
5 47
38 71
12 35
12 16
12 84
35 68
24 28
24 61
1 91
1 88
1 95
1 87
1 89
1 76
1 85
1 44
1 83
1 82
1 78
32 99