0 1 5 6 7 8 11 10 25 26 14 23 24 16 18 17 20 21 22 38 29 30 31 32 35 33 34 49 36 47 40 42 41 44 45 46 48 70 71 50 51 55 56 57 58 61 60 75 76 82 85 83 84 99 94 95 64 73 74 66 68 67 72 88 79 80 81 86 97 90 92 91 96 98 2 27 19 3 4 15 39 28 12 13 37 43 9 69 65 62 63
0 1
0 2
0 4
1 98
5 6
5 7
5 8
7 15
7 39
8 11
11 12
10 25
10 12
10 9
25 26
25 20
25 27
25 28
14 23
14 24
14 13
24 22
24 38
16 18
16 15
18 17
18 2
20 21
20 19
20 3
38 47
38 37
29 30
29 31
29 32
32 35
35 33
33 34
34 49
34 36
34 42
47 46
40 42
40 39
42 41
42 43
44 45
44 19
46 48
70 71
70 27
70 69
71 79
50 51
50 55
55 56
55 57
57 58
57 65
58 61
60 75
60 62
75 76
82 85
82 79
85 83
83 84
84 99
84 86
84 92
94 95
94 69
64 73
64 74
64 63
73 72
74 88
66 68
66 65
68 67
68 2
88 97
79 80
79 81
97 96
90 92
92 91
96 98
12 13
62 63