0 3 4 2 6 13 19 14 1 15 18 17 76 12 20 29 7 53 55 58 78 34 35 37 38 40 50 56 60 61 57 59 64 51 63 62 66 70 72 74 79 67 69 77 95 96 83 99 87 81 92 89 11 10 80 5 71 16 98 52 54 30 31 8 93 68 65 85 75 86 39 73 36 33 32
0 3
3 14
3 11
3 20
4 2
4 6
4 13
4 19
2 1
2 15
2 18
6 7
13 17
13 12
1 16
1 8
18 10
17 76
17 53
76 78
20 29
29 30
7 5
53 55
53 58
55 61
58 50
58 64
58 52
78 66
78 70
78 72
78 74
78 65
78 73
34 35
34 33
35 36
37 38
37 36
38 39
40 39
50 56
50 60
56 57
56 59
56 54
61 51
61 63
63 62
74 79
79 67
79 69
79 77
79 71
79 68
79 75
69 85
95 96
96 85
83 92
99 85
99 86
87 81
87 93
92 89
89 80
11 10
80 98
98 93
98 86
30 31
31 32
33 32