60 28 45 85 49 41 3 90 79 56 30 23 78 16 73 6 40 84 96 59 42 51 94 72 10 27 43 76 74 54 20 14 81 92 98 66 8 83 44 55 67 97 80 0 21 39 75 13 11 15 52 12 33 58 87 63 65 5 35 47 99 1 9 22 82 93 53 70 18 32 62 4 2 19 88 64
60 28
60 27
60 72
60 4
28 51
28 90
28 63
28 47
28 54
45 85
85 56
49 41
41 67
41 43
41 42
3 90
3 30
3 40
3 23
3 64
90 94
79 56
79 10
79 52
56 72
56 97
56 18
56 19
30 58
30 82
23 78
23 87
16 73
16 99
6 40
84 96
84 83
59 42
94 80
72 83
10 39
27 81
43 76
43 13
43 58
76 5
74 54
20 14
14 99
92 98
98 1
66 8
8 52
83 35
83 88
44 55
44 97
80 12
0 21
21 11
39 75
75 15
11 47
52 33
58 99
87 22
65 5
35 70
1 18
9 22
82 93
53 70
53 32
18 62
4 2