0 33 34 1 23 32 36 2 12 13 14 37 3 9 4 41 42 5 26 6 21 31 45 7 27 29 47 48 8 49 50 28 51 52 10 20 53 54 11 55 56 57 58 24 25 62 15 63 64 16 66 17 22 67 18 70 19 72 74 75 76 77 30 79 81 82 85 86 88 91 92 93 94 98 35 46 59 60 65 68 73 78 80 87 89 90 96 97
0 33
0 34
33 35
34 36
1 23
1 32
1 36
23 26
23 27
23 30
23 79
32 16
32 24
32 98
32 97
2 12
2 13
2 14
2 37
12 57
12 58
13 3
13 24
13 25
14 62
3 9
9 28
9 51
9 52
4 41
4 42
4 7
5 26
26 20
26 85
26 86
6 21
6 31
6 45
21 75
21 76
7 27
7 29
7 47
7 48
27 88
29 91
29 92
48 46
8 49
8 50
49 51
10 20
10 53
10 54
20 74
54 56
11 55
11 56
57 59
58 60
24 81
24 82
25 18
62 64
15 63
15 64
16 66
66 68
17 22
17 67
22 77
22 78
67 65
18 70
70 72
19 72
74 76
75 73
77 79
30 93
30 94
85 87
91 89
92 90
94 96
78 80