10 38 50 40 49 17 13 4 58 66 37 22 72 64 57 0 44 61 25 1 3 62 29 35 6 20 53 56 9 15 70 54 7 65 24 55 8 63 30 14 73 32 36 27 67 92 28 74 89 60 51 98 86 87 84 79 81 91 99 76 77
10 66
10 62
10 61
38 62
38 22
50 40
50 53
50 3
40 13
40 36
49 17
49 8
17 70
17 32
13 67
4 58
4 37
4 30
4 0
22 72
64 57
64 15
57 24
0 44
0 92
0 74
0 89
0 98
0 86
0 7
0 87
0 84
0 79
0 81
0 91
0 99
0 76
0 77
44 15
44 53
61 25
61 29
25 65
1 3
3 63
29 35
29 32
6 20
20 70
53 14
56 28
9 15
15 60
54 27
65 51
24 55
30 27
14 73
32 36
28 51