91 96 9 92 5 88 71 87 84 2 30 44 20 8 99 18 86 14 69 7 80 32 53 95 72 62 15 37 82 57 27 97 89 31 11 50 33 73 55 10 76 63 17 43 48 56 21 75 60 29 28 90 49 16 12 40 19 70 34 65 26 45 98 54 38 13 77 47 4 46 41 51 35 42 36 66 25 74 1 94 83 39 61 68 3
91 96
91 9
91 92
96 14
92 19
92 70
5 88
5 71
5 87
5 84
88 8
88 97
88 61
71 31
71 47
87 57
2 30
2 44
2 20
30 75
30 65
8 99
99 7
99 80
18 86
18 73
18 25
86 77
86 41
14 69
14 51
69 54
7 39
80 48
32 53
32 95
32 72
95 37
95 49
95 16
95 12
62 15
15 27
37 82
37 57
82 17
82 54
57 29
57 34
27 16
89 31
89 11
31 98
11 94
50 33
33 45
73 55
55 43
10 76
76 45
76 12
63 17
56 21
21 12
75 60
29 28
29 90
16 40
34 65
34 77
34 68
65 26
26 4
45 42
45 36
45 66
54 3
38 13
13 47
46 41
41 83
51 35
25 74
25 1