0 3 6 9 12 15 18 21 24 27 30 33 36 39 42 45 48 51 54 57 60 63 66 69 72 75 78 2 5 8 11 14 17 20 23 26 29 32 35 38 41 44 47 50 53 56 59 62 65 68 71 74 77 80 1 4 7 10 13 16 19 22 25 28 31 34 37 40 43 46 49 52 55 58 61 64 67 70 73 76 79 82 83 85 86 87 88 89 90 91 92 93 94 95 96 97 98 99
0 3
0 97
3 6
6 9
9 12
12 15
15 18
18 21
21 24
24 27
27 30
30 33
33 36
36 39
39 42
42 45
45 48
48 51
51 54
54 57
57 60
60 63
63 66
66 69
69 72
72 75
75 78
2 5
2 99
5 8
8 11
11 14
14 17
17 20
20 23
23 26
26 29
29 32
32 35
35 38
38 41
41 44
44 47
47 50
50 53
53 56
56 59
59 62
62 65
65 68
68 71
71 74
74 77
77 80
80 83
1 4
1 98
4 7
7 10
10 13
13 16
16 19
19 22
22 25
25 28
28 31
31 34
34 37
37 40
40 43
43 46
46 49
49 52
52 55
55 58
58 61
61 64
64 67
67 70
70 73
73 76
76 79
79 82
82 85
83 86
85 88
86 89
87 90
88 91
89 92
90 93
91 94
92 95
93 96
94 97
95 98
96 99