0 79 80 84 30 6 62 61 12 48 86 43 75 25 1 28 64 67 57 11 68 2 55 85 5 8 39 66 47 56 7 24 3 31 63 41 46 23 29 36 77 4 9 40 45 73 52 65 20 34 54 22 71 10 81 18 69 19 53 82 83 14 17 78 60 15 21 16 49 74 35 42 70 26 58 76 32
0 79
0 80
0 84
79 86
80 43
80 75
84 25
30 6
30 62
6 12
6 54
61 12
61 48
48 73
48 83
86 18
86 82
43 74
75 58
75 34
25 52
1 28
1 64
1 67
28 57
64 11
67 68
57 66
57 71
57 76
11 14
2 55
2 85
55 39
85 7
85 24
5 8
8 41
8 46
66 47
66 56
47 21
56 22
24 29
3 31
3 63
63 77
41 23
41 65
41 71
46 10
46 81
23 29
23 36
29 83
77 54
77 53
4 9
9 40
40 18
45 73
65 20
65 34
20 42
34 60
69 19
69 53
82 35
83 32
14 17
14 78
17 15
16 49
49 35
42 70
26 58