55 32 45 36 6 88 0 92 15 81 20 79 52 4 46 68 93 51 64 19 28 49 97 13 22 14 3 16 50 62 44 38 63 98 47 61 24 85 73 2 18 76 39 7 42 89 5 17 23 43 37 1 82 72 21 69 77 54 58 10 91 86 90 40 34 26 9
55 32
55 45
32 82
45 81
36 6
6 98
6 72
6 21
6 69
6 82
88 0
88 92
0 18
0 85
92 34
15 81
81 43
20 79
79 98
79 77
79 23
52 4
52 46
52 68
4 93
4 51
4 64
4 19
46 17
68 38
51 50
19 3
28 49
28 86
49 89
97 13
13 23
22 14
22 3
14 82
14 5
16 50
62 44
62 38
38 76
38 39
63 98
63 47
47 9
61 24
24 85
24 73
73 82
2 18
39 1
7 42
42 89
42 91
89 5
5 54
5 10
23 58
43 37
21 40
54 26
86 90