0 28 11 58 60 5 42 2 31 32 33 27 49 8 50 51 34 24 98 99 57 3 35 16 73 74 14 67 68 69 4 10 55 15 70 72 23 94 95 96 7 47 48 9 52 53 54 85 78 21 89 90 13 64 20 87 19 83 84 44 86 37
0 27
28 34
28 51
11 58
11 60
58 94
60 78
5 42
42 32
2 31
2 32
2 33
31 67
33 57
27 49
49 8
8 50
8 51
51 85
34 3
24 98
24 99
98 69
99 44
57 10
3 35
16 73
16 74
74 53
14 67
14 68
14 69
67 48
67 95
68 64
4 37
10 55
15 70
15 72
70 83
72 87
23 94
23 95
23 96
95 86
96 54
7 47
7 48
9 52
9 53
9 54
54 87
85 20
78 89
21 89
21 90
13 64
20 87
19 83
19 84
84 37