3 7 4 12 13 17 15 23 20 21 22 30 31 34 35 28 39 36 32 33 38 41 40 45 42 46 43 44 47 48 49 50 51 54 53 57 56 61 59 60 66 69 63 73 74 75 76 79 78 82 86 85 87 92 91 94 65 16 70 37 55 27 97 11 88 58 24 26 25 29 52 62
3 7
7 4
7 12
12 13
12 17
17 21
15 11
23 20
23 26
20 16
21 22
22 24
30 31
30 34
30 35
30 27
30 29
31 28
34 39
34 33
35 36
35 40
39 42
36 41
32 33
33 38
41 37
40 45
45 44
45 47
42 46
46 43
46 48
47 49
48 50
50 53
51 54
54 57
54 55
53 57
53 52
57 56
57 61
57 58
57 62
61 65
61 60
61 66
59 60
66 69
66 70
69 73
63 62
73 75
74 76
75 78
76 79
79 82
78 82
82 87
82 86
86 85
86 91
87 92
87 88
92 97
91 94
16 11
27 24
26 25
25 29