0 25 26 27 10 56 57 87 45 62 1 29 44 30 51 70 88 2 31 32 33 6 43 49 40 3 34 35 36 22 91 92 93 23 94 95 96 11 58 59 60 4 37 38 39 5 41 42 50 19 82 83 84 73 16 75 7 47 48 20 85 8 18 79 80 81 72 71 9 52 53 54 12 61 63 97 66 13 64 65 17 76 77 14 68 69 21 90 15 74 98 24 99 89
0 25
0 26
0 27
25 87
26 45
26 62
10 56
10 57
57 88
87 20
45 6
62 40
62 48
62 12
1 29
29 44
44 6
30 51
30 70
30 88
51 8
51 71
70 68
88 21
2 31
2 32
2 33
31 49
31 40
33 35
6 43
49 8
49 72
40 5
3 34
3 35
3 36
22 91
22 92
22 93
92 54
93 61
23 94
23 95
23 96
94 77
95 80
11 58
11 59
11 60
58 97
59 66
59 82
59 75
4 37
4 38
4 39
38 50
5 41
5 42
42 73
50 8
19 82
19 83
19 84
83 81
73 16
16 75
7 47
7 48
20 85
18 79
18 80
18 81
71 15
9 52
9 53
9 54
12 61
12 63
97 24
66 13
13 64
13 65
17 76
17 77
14 68
14 69
21 90
90 89
74 98
98 24
24 99