0 1 3 2 37 4 5 6 8 7 39 9 27 28 10 14 11 15 12 13 16 17 18 19 23 26 20 21 22 24 25 40 29 31 38 30 32 34 33 35 36 41 68 64 44 55 50 43 46 48 60 58 75 66 45 49 53 79 77 59 69 57 70 62 56 61
0 1
1 3
1 2
1 37
3 4
37 33
4 5
4 29
5 6
6 8
6 7
6 39
8 9
7 27
39 16
9 28
9 10
27 31
28 38
10 14
14 11
14 15
11 12
15 24
12 13
17 18
18 19
18 23
18 26
19 20
26 29
20 21
20 22
24 25
25 40
40 41
40 68
31 30
31 32
32 34
33 35
35 36
41 64
41 44
68 77
68 75
44 55
44 46
55 43
50 43
46 48
60 58
60 75
60 57
58 59
66 45
45 49
49 53
53 56
79 59
59 61
69 62
57 56
70 62
70 61