28 49 34 30 68 25 52 73 65 24 93 91 88 80 41 50 45 1 56 53 54 6 19 57 36 40 15 4 96 0 13 70 35 18 85 48 51 11 95 27 42 12 43 75 82 66 31 92 3 97 7 84 74 90 38 79 83 20 64 94 87 44 26 59 58 76 61 55 2 46 16 29 98 71 9 81 77 33 37
28 49
28 31
49 93
34 30
34 51
34 46
34 16
30 11
30 20
30 33
68 25
68 19
68 11
68 95
68 74
25 81
52 73
52 20
65 24
65 57
24 48
24 79
93 43
91 88
91 6
80 41
41 95
50 45
50 12
1 56
56 70
56 64
53 54
54 43
6 94
57 36
36 12
40 15
40 35
4 96
96 7
0 13
0 83
0 71
0 81
70 61
35 43
18 85
18 20
85 38
48 97
48 51
51 75
11 9
11 82
27 42
42 81
82 66
82 37
31 83
31 64
92 3
92 7
7 84
7 74
74 90
74 2
74 26
83 76
20 98
20 94
94 87
87 59
44 26
59 58
58 55
46 77
29 98