82 78 9 10 8 79 45 46 48 47 54 80 58 52 0 12 74 66 59 60 41 95 13 53 29 62 6 32 31 23 91 43 73 36 26 27 30 19 20 38 21 33 50 35 85 16 39 97 87 49 61 65 68 34 17 56 57 5 96 67 76 77 1 98 75 55 69 51 28 63 64 2 70 93 94 71 89 84 18 88 14 22
82 78
78 79
78 94
9 10
9 93
9 71
10 58
10 6
8 79
79 52
45 46
46 51
48 47
48 54
48 13
48 18
48 88
47 60
54 80
54 23
54 55
80 91
80 74
80 67
58 13
52 53
0 12
0 49
12 13
74 66
74 28
74 27
59 60
59 96
60 50
60 36
41 95
95 65
95 94
13 14
29 62
29 30
32 31
32 33
32 39
31 30
91 43
73 36
26 27
19 20
19 22
38 21
38 84
21 33
50 35
85 16
85 76
16 17
39 75
97 87
87 63
87 55
49 61
65 2
65 22
68 34
68 51
56 57
56 67
56 89
5 96
67 84
76 77
76 84
1 98
98 84
69 51
69 89
63 64
2 70
93 94