5 44 6 46 81 83 21 76 75 20 73 42 10 53 24 82 74 30 93 19 72 14 61 85 87 28 90 66 68 12 17 4 41 58 13 60 2 38 25 84 54 37 56 16 22 78 67 33 35 95 0 27 8 49 43 7 47 94 96 88 9 52 11 55 57 59 3 39 48 26 1 36 77 79 62 23 31 50 18 32 15 63 65 70 29
5 44
5 43
5 23
5 13
5 2
44 42
6 46
6 21
46 48
81 83
83 25
21 76
21 75
21 26
76 74
20 73
20 74
20 28
42 4
10 53
10 54
10 25
24 82
24 17
30 93
30 2
93 95
19 72
19 12
72 70
14 61
14 3
14 16
14 9
14 62
61 63
85 87
87 27
28 90
66 68
68 17
12 17
12 58
12 57
12 27
17 67
17 1
4 41
4 16
4 25
13 60
13 59
2 38
2 37
25 84
25 26
54 56
56 11
16 65
22 78
22 31
22 7
22 77
33 35
33 0
0 3
27 88
27 32
8 49
8 50
7 47
7 48
94 96
96 31
9 52
52 50
11 55
57 59
3 39
1 36
77 79
18 70
15 63
15 29