8 93 97 24 44 33 82 75 79 85 89 57 28 50 58 80 27 29 54 83 96 12 13 81 64 88 67 60 34 56 38 22 94 43 35 10 40 39 20 49 36 25 1 23 5 68 2 74 18 76 65 92 55 62 6 32 98 30 70 78 87 48 61 31
8 93
8 62
8 64
97 24
97 22
97 74
24 54
24 36
44 33
44 89
82 75
82 57
82 67
75 40
75 34
79 85
79 92
85 57
89 43
89 23
28 50
28 61
58 80
80 70
27 29
27 87
29 30
29 36
29 31
54 96
83 96
12 13
12 32
13 88
81 64
81 94
81 78
88 67
60 34
60 1
56 38
56 36
38 39
22 76
94 43
43 49
35 10
35 65
35 76
39 61
20 49
20 25
25 98
5 68
68 76
2 74
18 76
92 55
6 32
32 87
32 70
70 78
70 48