16 10 19 30 0 14 11 33 26 13 2 24 34 25 4 28 12 15 31 36 7 6 17 35 22 29 1 32 3 37 8 60 18 5 9 27 94 69 40 86 81 75 23 47 42 20 44 98 41 21 45 53 84 50 82 88 97 59 56 78 58 70 51 57 55 95 87 54 64 61 79 93 66 76 62 85 74 83 38 89 91 43 80 73 96 72 68 52 67 49 71 77 90 63 92
16 10
16 3
16 49
10 45
19 30
19 21
19 20
30 29
0 14
0 60
0 40
0 42
0 45
0 50
0 56
0 58
0 54
0 61
0 66
0 62
0 38
0 43
0 67
14 4
14 22
14 27
14 75
11 33
33 36
33 90
33 63
26 13
26 25
26 6
26 57
26 83
13 34
13 20
13 74
2 24
2 32
2 98
2 93
2 96
2 68
24 5
24 81
24 55
34 64
34 91
4 15
4 94
4 70
28 12
28 7
12 9
12 47
31 36
31 3
36 29
36 92
7 37
7 95
6 41
6 72
17 35
17 9
22 53
29 37
29 59
1 32
1 69
1 86
1 23
1 82
1 88
1 78
1 87
1 79
1 76
1 85
1 89
1 73
1 71
1 77
3 18
37 8
18 23
9 44
9 97
27 84
23 80
20 51
21 52