0 1 16 9 2 6 66 4 5 32 33 36 40 64 68 73 17 21 25 97 65 22 34 38 11 27 19 51 12 14 20 44 52 69 76 23 53 37 39 71 30 46 54 31 55 87 24 88 89 26 91 28 29 92 77 79 93 47 95 56 80 81 49 59 60 84 61 62 57 58 99
0 1
0 16
1 9
9 73
2 6
2 66
6 22
4 5
4 20
32 33
32 36
32 40
33 97
36 44
36 52
64 68
68 69
68 76
73 89
17 21
17 25
21 20
21 23
21 53
25 24
25 89
97 65
97 99
22 30
22 54
34 38
38 54
11 27
27 26
27 31
27 91
19 51
51 49
51 55
51 59
12 14
14 30
14 46
52 53
52 60
69 71
76 92
23 31
23 55
23 87
53 37
53 61
37 39
30 26
46 47
54 62
31 29
31 95
24 88
88 80
89 93
28 29
92 84
92 93
77 79
77 93
56 57
56 58
80 81
59 57