51 12 35 44 96 53 61 65 90 94 55 72 56 74 57 19 36 66 58 34 81 59 29 64 84 87 32 45 69 70 2 22 82 83 68 76 42 5 9 95 85 7 15 21 86 4 89 71 99 8 37 62 75 88 77 14 97 43 63 46 73 40 10 98 1 91 92 47 39
51 12
51 35
51 44
51 96
35 76
35 71
44 85
96 10
96 37
53 61
53 65
53 90
53 94
65 32
65 45
90 72
90 87
90 91
94 40
55 72
72 82
72 83
72 1
56 74
74 68
57 19
57 36
57 66
66 69
58 34
58 81
34 83
34 73
81 5
81 9
59 29
29 70
64 84
64 87
64 98
84 85
84 68
87 22
87 77
69 68
69 62
70 2
70 22
22 63
82 95
76 42
85 7
85 15
85 21
15 92
86 4
4 75
89 71
99 8
99 37
62 97
62 43
62 47
75 88
75 73
77 14
63 46
63 39