0 25 26 27 7 46 47 48 4 37 38 39 75 1 28 30 36 2 31 32 33 17 76 78 23 94 95 96 22 91 92 99 3 34 13 65 66 82 5 40 41 42 12 61 62 49 6 43 45 15 70 72 8 50 51 69 88 59 24 98 9 52 53 54 73 10 56 21 89 90 11 58 60 14 67 68 18 79 81 16 74 19 83 93
0 25
0 26
0 27
25 75
26 48
27 39
27 45
7 46
7 47
7 48
46 69
46 88
47 33
47 40
48 59
48 70
4 37
4 38
4 39
75 56
75 16
1 28
1 30
28 36
36 3
2 31
2 32
2 33
31 91
32 99
17 76
17 78
76 56
78 93
23 94
23 95
23 96
95 42
22 91
22 92
99 24
3 34
34 82
13 65
13 66
66 53
82 54
5 40
5 41
5 42
42 49
12 61
12 62
61 89
49 8
6 43
6 45
15 70
15 72
8 50
8 51
69 14
88 21
59 11
24 98
9 52
9 53
9 54
53 73
73 16
10 56
21 89
21 90
11 58
11 60
14 67
14 68
68 79
18 79
18 81
79 83
16 74
19 83