0 26 27 23 94 95 47 1 28 29 30 8 49 50 51 84 16 74 75 2 31 32 33 98 83 3 34 35 36 5 40 41 44 39 20 85 86 87 48 12 61 62 63 18 79 80 81 69 6 43 45 14 67 68 55 7 46 24 97 99 9 53 54 21 88 89 90 57 10 56 13 64 65 66 15 70 72 11 58 59 60 17 77 78 22 91 92 93
0 26
0 27
26 47
23 94
23 95
94 45
94 77
47 7
1 28
1 29
1 30
30 74
8 49
8 50
8 51
51 92
84 69
16 74
16 75
75 31
75 92
2 31
2 32
2 33
31 98
32 83
98 24
98 58
3 34
3 35
3 36
35 44
5 40
5 41
40 69
44 6
39 48
20 85
20 86
20 87
86 46
48 7
48 55
12 61
12 62
12 63
61 81
62 97
18 79
18 80
18 81
80 72
69 14
69 43
69 65
6 43
6 45
43 55
14 67
14 68
55 10
55 89
7 46
24 97
24 99
97 56
9 53
9 54
53 57
21 88
21 89
21 90
57 10
10 56
13 64
13 65
13 66
15 70
15 72
11 58
11 59
11 60
17 77
17 78
22 91
22 92
22 93