28 54 0 36 32 64 58 42 37 20 60 51 38 7 57 52 43 12 26 4 18 30 2 21 35 44 23 6 11 15 9 14 13 31 16 65 59 39 55 22 66 67 33 62 87 48 98 8 25 34 53 92 5 93 89 91 99 69 78 95 94 70 79 88 77 72 90 71 84 74
28 54
28 37
28 12
0 36
0 32
0 87
0 98
0 38
0 92
0 89
0 91
0 99
0 69
0 95
0 94
0 70
0 79
0 77
0 72
0 90
0 71
0 34
0 84
0 74
36 42
36 18
36 6
36 31
36 51
36 93
64 58
64 38
37 4
20 8
60 51
60 16
38 7
38 65
38 25
57 52
57 59
57 62
57 22
43 21
12 23
26 23
4 48
30 2
30 44
2 67
21 35
35 33
35 92
11 55
15 59
9 14
9 66
14 13
14 39
14 78
31 88
59 66
39 55
39 5
39 95
67 33
62 48
48 8
34 53