0 13 18 1 15 2 27 38 3 10 40 5 43 44 6 23 26 45 7 8 21 22 28 49 50 20 53 12 57 16 25 59 14 62 64 17 19 67 69 70 24 73 75 77 78 31 85 87 89 90 95 32 97 98 33 35 54 91 96 63
0 13
0 18
13 16
13 25
13 59
18 21
18 69
18 70
1 15
1 8
1 35
15 64
15 63
2 27
2 38
27 87
38 40
3 10
3 40
10 53
10 54
5 43
5 44
5 14
6 23
6 26
6 45
23 31
26 7
26 85
7 8
8 21
8 22
8 28
8 49
8 50
8 32
21 75
22 77
22 78
28 17
28 89
28 90
20 24
20 73
12 57
57 59
14 62
62 64
17 19
17 67
73 75
31 95
31 96
85 87
89 91
32 97
32 98
33 35