0 4 1 17 31 2 27 3 9 12 41 5 10 42 7 35 8 33 36 38 47 11 24 13 15 25 46 40 14 16 29 18 20 44 21 30 22 48 23 49 32 34 39 43 50 77 51 71 84 52 72 53 76 54 62 97 55 58 87 56 89 57 88 61 59 95 60 67 79 96 93 91 63 81 83 64 65 69 66 68 70 73 74 78 98 75 85 80 82 86 99 94 92 90
0 4
4 12
4 41
1 17
1 31
17 38
31 35
31 46
2 27
27 33
27 44
3 9
9 5
9 47
12 13
12 15
12 25
12 46
5 10
10 33
42 18
42 32
42 43
7 35
8 33
8 36
8 38
8 58
33 23
36 11
11 24
13 40
25 49
46 29
46 39
40 14
16 29
29 32
29 34
29 48
20 44
21 30
30 39
22 48
50 77
77 64
77 95
51 71
51 84
84 58
84 59
52 72
72 56
72 61
53 76
76 61
76 68
76 91
54 62
54 97
62 91
55 58
55 87
58 61
87 75
87 94
56 89
89 69
89 92
57 88
88 98
61 93
59 95
95 60
95 98
60 67
60 79
60 96
79 85
96 90
93 81
91 80
63 81
63 83
81 70
83 66
83 99
65 69
73 74
74 78
74 98
85 82
82 86