6 11 83 82 32 92 49 50 0 1 19 59 58 60 38 37 26 4 13 96 57 56 18 61 23 24 93 79 78 89 90 10 70 71 68 69 81 80 94 95 20 14 15 16 74 75 12 40 39 33 55 29 5 7 41 17 67 91 25 46 30 47 66 64 84
6 11
6 7
11 10
11 12
83 82
83 19
83 84
82 29
82 81
32 92
32 33
92 93
49 50
50 56
0 1
0 89
19 18
19 20
59 58
59 60
59 37
58 57
60 93
38 37
38 5
26 10
26 25
4 5
13 96
13 14
13 12
96 95
57 56
57 15
18 61
18 17
23 24
24 25
93 94
79 78
79 80
79 66
89 90
90 91
70 71
70 69
68 69
68 67
81 80
94 95
20 46
15 16
16 91
16 17
74 75
74 25
12 41
40 39
40 41
39 64
33 55
29 30
67 66
46 47