9 20 11 13 32 14 8 5 4 18 0 6 17 29 26 23 1 2 33 21 10 40 27 31 28 83 92 12 22 3 25 86 19 58 77 70 63 38 24 71 68 34 15 78 30 16 94 7 96 37 59 48 39 36 45 44 42 88 51 73 52 87 54 89 62 79 80 46 82 41 53 90 47 57 35 95 61 55 72 75 91 93 97 98 43 65 67 64 76 50 81 99 74 66 49 60 56
9 20
9 61
20 33
20 68
11 13
11 17
11 27
11 26
13 87
13 62
13 43
32 14
32 0
32 33
32 16
32 56
14 63
14 15
14 88
8 5
8 28
8 83
8 4
5 6
5 37
5 81
4 18
18 31
18 46
0 6
0 40
0 38
0 34
0 12
0 39
0 36
0 45
0 44
0 42
0 52
0 41
0 55
0 49
6 59
17 29
17 2
17 90
17 66
29 53
26 23
23 71
1 2
1 21
1 77
1 34
1 75
1 67
1 76
1 74
1 60
2 10
2 92
2 86
2 58
2 94
2 80
2 82
2 91
2 97
2 99
33 78
33 57
21 48
21 93
27 73
27 98
31 24
31 3
12 22
22 70
3 25
3 79
3 35
25 19
25 30
25 96
25 51
19 7
19 47
24 95
24 72
24 50
15 89
15 64
30 54
16 65