0 80 93 83 36 68 98 76 87 20 6 90 44 81 77 88 38 42 91 99 12 69 84 62 64 94 78 46 55 18 39 74 1 29 71 27 16 75 54 51 4 52 15 59 56 13 24 86 21 35 7 72 8 30 2 82 11 37 5 89 95 70 9 79 14 48 63 17 53 47 23 33 49 25 10 28 65 85 57
0 80
80 44
80 91
93 83
83 30
36 68
68 42
68 56
68 13
98 44
98 81
98 77
76 87
76 20
76 6
76 90
76 44
87 74
87 1
20 39
20 29
20 71
6 35
44 88
44 38
44 42
81 65
77 12
77 37
77 52
88 46
42 33
42 85
91 14
91 48
99 12
99 69
99 84
12 21
69 54
69 89
69 10
69 28
62 64
62 94
64 78
64 46
64 55
78 24
78 57
46 82
18 39
39 15
71 59
27 16
16 25
75 54
54 51
51 11
4 52
15 72
56 47
56 23
24 86
21 70
21 9
21 79
7 72
8 30
30 89
2 82
37 5
89 95
48 25
63 17
17 25
53 47
33 49