0 25 26 27 16 73 74 75 15 70 72 24 98 99 56 87 1 29 30 13 65 66 21 88 89 90 34 2 31 32 22 91 92 93 42 3 35 6 44 45 12 61 62 63 4 37 39 20 85 86 60 5 40 41 10 55 77 64 7 46 47 48 11 58 59 9 52 53 54 19 83 84 43 95 8 49 50 51 14 69 23 96 17 76 78 80 18 79 81
0 25
0 26
0 27
25 56
26 87
27 70
16 73
16 74
16 75
73 29
73 62
74 42
74 86
75 96
15 70
15 72
70 69
24 98
24 99
98 61
56 10
87 20
1 29
1 30
30 34
13 65
13 66
66 89
21 88
21 89
21 90
88 86
34 3
2 31
2 32
31 42
22 91
22 92
22 93
91 59
42 5
42 77
42 64
3 35
6 44
6 45
44 85
12 61
12 62
12 63
62 46
4 37
4 39
37 60
20 85
20 86
60 40
60 11
5 40
5 41
10 55
77 17
7 46
7 47
7 48
47 84
47 54
11 58
11 59
58 80
9 52
9 53
9 54
19 83
19 84
43 95
95 23
8 49
8 50
8 51
51 79
14 69
23 96
17 76
17 78
80 18
18 79
18 81