16 36 14 17 42 0 61 43 58 18 49 24 6 54 7 33 25 19 37 20 44 2 64 38 45 48 4 5 63 10 21 30 99 66 53 56 59 74 23 9 3 29 55 15 67 50 76 32 26 97 81 85 91 84 92 88 72 82 77 65 96 75 71 95
16 23
16 38
36 18
36 3
14 17
14 4
17 23
42 23
0 61
0 66
0 74
0 63
0 67
0 76
0 97
0 81
0 85
0 91
0 84
0 92
0 88
0 77
0 65
0 96
0 75
0 71
0 95
61 3
61 26
43 58
43 48
18 49
49 24
6 54
54 59
7 53
7 56
33 25
33 19
33 4
25 59
25 20
25 63
19 37
20 44
20 5
20 32
20 82
44 99
2 15
64 38
64 15
45 48
45 26
63 10
10 72
21 30
21 9
30 59
53 9
56 50
59 29
59 55