1 43 86 53 28 8 2 75 0 9 3 52 72 66 22 83 70 10 47 6 39 58 7 29 76 19 11 13 16 30 44 14 38 79 88 15 85 73 41 63 23 62 18 20 81 50 34 78 33 26 40 51 77 25 65 32 37 31 71 49 74 59 46 67 80 64 82 48 54 84 55 89 87 4 24 69 57 27 68 12 56 35 5
1 43
1 86
43 46
86 70
86 37
53 28
53 8
28 85
8 70
8 76
2 75
2 0
2 9
2 27
75 7
0 3
0 6
0 10
0 11
0 14
0 12
3 52
3 72
72 18
72 57
66 22
66 83
22 26
70 10
70 47
70 5
10 19
47 82
39 58
58 7
58 25
7 29
76 44
76 64
19 73
19 56
13 16
13 30
30 18
14 38
14 79
14 88
79 71
79 54
15 85
73 41
41 50
41 80
41 4
63 23
63 62
62 81
62 32
18 49
20 81
20 50
81 34
50 26
78 33
33 49
40 51
40 77
51 67
51 80
25 65
31 71
74 59
74 46
74 35
59 55
59 89
46 68
67 48
54 84
89 87
24 69
24 35