0 26 27 5 40 41 42 97 73 1 28 16 74 75 81 2 9 52 53 54 31 3 34 35 4 37 38 39 60 83 93 6 43 44 45 14 67 69 46 71 8 50 51 13 65 84 10 55 56 22 19 17 76 77 78 18 80 15 79 68 82
0 26
0 27
26 77
27 73
5 40
5 41
5 42
40 93
42 38
97 31
97 35
73 83
73 68
1 28
28 81
16 74
16 75
74 55
74 60
75 39
81 43
81 18
2 31
9 52
9 53
9 54
52 43
53 35
54 84
3 34
3 35
4 37
4 38
4 39
39 83
83 19
93 22
6 43
6 44
6 45
14 67
14 69
14 68
69 71
46 71
71 15
8 50
8 51
51 82
13 65
65 80
84 19
10 55
10 56
19 82
17 76
17 77
17 78
18 80
18 79