0 1 7 3 8 2 9 14 24 13 10 51 20 23 27 32 16 37 43 17 21 15 12 11 33 18 25 29 54 28 57 61 60 56 58 30 44 42 59 35 34 38 40 41 48 47 45 46 52 49 82 81 53 63 65 74 72 64 66 69 68 90 67 89 71 97 76 77 84 86 93 78 87 85 80 36 22 62
0 1
0 7
1 3
7 8
3 14
8 32
2 9
9 17
14 24
24 23
13 10
13 51
10 15
51 18
20 23
20 27
32 35
16 37
16 43
16 21
17 21
21 29
21 15
21 28
15 12
12 11
11 33
18 25
25 54
54 63
28 57
28 22
57 56
57 58
61 60
60 59
60 72
60 69
60 64
56 53
56 62
58 30
58 59
30 80
44 42
42 40
42 46
35 34
35 38
34 40
38 48
40 41
40 36
41 45
48 47
47 49
47 82
45 52
52 80
82 81
81 84
63 65
65 67
74 71
72 76
64 66
66 89
69 68
69 90
90 97
67 71
76 77
77 86
77 93
78 87
78 80
87 85