2 27 5 36 13 86 17 56 25 21 89 30 57 22 66 23 3 24 52 85 73 54 77 12 96 26 92 9 99 35 33 6 39 68 88 95 80 41 98 8 53 84 93 15 90 16 37 19 51 45 43 46 64 79 4 62 29 40 48 28 38 11 31 32 47 50 83 65 81 75 7
2 27
2 21
27 25
27 3
5 36
5 26
13 86
13 95
17 56
56 81
21 89
21 24
21 16
21 4
89 99
30 57
30 24
22 66
22 33
23 3
23 38
3 65
3 8
24 35
52 85
52 46
73 54
73 88
73 95
54 43
54 29
54 64
77 12
77 93
77 26
77 29
12 33
12 92
12 37
96 26
26 35
26 75
92 9
92 62
9 81
9 45
99 15
35 80
35 11
33 6
6 50
39 68
39 45
80 41
98 8
53 84
53 46
53 31
15 90
16 48
19 51
19 38
43 31
64 79
29 40
29 7
40 47
48 28
32 47
50 83