0 80 81 95 72 86 38 23 94 83 5 26 9 39 87 99 35 85 24 43 77 1 67 11 78 74 2 34 58 14 27 61 21 3 10 15 29 82 52 98 42 4 17 92 20 6 40 13 84 97 30 28 63 68 33 75 57 76 37 91 79 32 90 36 41 53 69 55 44 93 45 59 25 46 88 16 8 50 51
0 80
0 81
81 9
81 39
81 87
81 99
95 72
72 1
72 43
72 74
72 51
86 38
38 78
38 68
38 57
38 97
23 94
94 4
94 20
83 5
83 26
5 42
39 3
87 55
87 25
99 2
99 21
35 85
35 50
24 43
24 77
43 34
43 6
43 21
43 40
77 27
67 11
67 78
78 15
78 29
78 82
74 53
74 63
34 58
14 27
14 61
27 92
21 33
21 75
21 46
3 10
29 30
52 98
98 20
98 36
98 41
98 53
98 59
42 97
4 17
20 97
13 84
13 88
97 32
28 63
63 90
33 79
75 44
76 37
37 32
91 79
90 50
53 69
44 93
45 59
88 16
16 8
8 51