10 23 22 98 60 64 9 81 67 86 15 47 63 92 59 61 76 91 3 28 48 57 44 78 85 31 99 24 94 2 74 0 88 8 37 70 39 77 80 49 55 97 21 32 33 12 36 90 7 72 87 27 69 89 20 1 53 5 6 42 54 95 51 4
10 23
23 24
23 90
23 4
22 98
98 70
60 64
60 57
60 7
60 61
9 81
9 20
9 76
67 86
86 88
15 47
47 63
63 92
63 27
63 31
92 91
59 61
76 91
76 48
91 5
91 6
3 28
3 2
28 44
28 42
48 57
48 88
48 89
57 99
57 87
44 99
44 32
78 85
78 31
24 94
24 70
2 74
2 0
2 39
2 49
2 12
8 37
8 54
70 6
39 97
77 80
77 7
77 54
49 21
55 97
97 69
32 33
12 36
36 72
87 95
1 53
1 51
51 4