2 35 16 39 14 22 18 15 0 13 30 11 20 38 4 25 24 8 28 3 10 37 36 12 29 6 5 17 34 87 19 1 88 26 78 31 32 44 7 21 89 33 27 95 93 23 57 79 83 80 68 97 9 54 77 86 59 84 64 67 96 76 53 48 56 45 69 98 63 46 99 72 60 40 50 52 62 73 47 55 51 42 75 90 85 94 71 66 41
2 35
2 20
2 31
2 40
35 34
35 9
35 67
35 94
16 39
16 1
16 51
39 28
39 11
39 27
39 98
14 22
14 8
22 56
18 15
18 11
0 13
0 38
0 8
0 64
0 53
0 45
0 69
0 46
0 50
0 62
13 4
13 7
13 79
30 11
30 4
30 63
11 17
20 37
20 19
20 54
38 97
4 25
4 6
4 71
4 41
25 24
25 23
24 87
24 33
8 75
28 34
28 3
28 90
3 10
3 26
3 99
10 36
10 47
37 96
36 68
12 29
12 48
29 21
29 31
6 5
5 72
5 42
17 52
34 66
19 84
1 78
1 89
1 95
1 93
1 83
1 80
1 77
1 73
1 85
88 26
26 59
31 32
44 7
21 55
27 60
23 57
23 86
9 76