84 9 31 85 51 58 32 43 50 59 48 60 35 47 86 24 40 54 10 11 66 65 63 62 64 8 81 61 67 72 76 77 38 53 25 75 23 12 6 34 5 45 71 73 7 20 36 41 13 44 46 78 16 69 68 80 74 37 15 14 2 1 3 19 18 56 57 28 0 87 88 4 55 82 83 52 17
84 9
9 10
9 38
31 85
31 51
31 58
31 32
85 86
58 6
58 35
58 71
58 57
43 44
50 24
59 48
59 60
48 35
48 47
60 61
35 55
24 23
24 40
24 68
40 41
54 38
54 53
10 11
11 25
11 75
11 23
11 77
11 12
66 65
65 78
63 62
63 64
62 8
62 81
62 61
81 80
81 82
61 87
67 72
72 45
72 23
72 71
72 73
76 77
38 37
53 52
23 7
6 34
6 5
5 88
5 4
45 13
45 44
45 46
71 74
7 20
20 19
36 41
13 1
13 14
78 16
16 15
69 68
68 28
15 14
2 1
2 3
1 0
19 18
18 17
56 57
82 83