1 4 16 18 13 26 7 21 22 14 24 8 6 29 20 23 0 10 5 27 19 2 28 25 3 31 54 11 9 78 87 12 88 90 30 97 17 75 64 40 44 60 46 33 62 65 93 51 15 84 98 38 85 35 63 70 39 86 56 91 59 76 94 32 49 99 80 79 74 83 69 81 92 71 50 57 95 67 73 66 42 61 47 52 77 53 55 58 96 41 48 82 36 89 45 43 37
1 4
1 31
1 64
1 65
1 70
1 69
1 71
1 57
1 66
1 61
1 53
1 55
1 58
4 54
16 18
16 23
16 27
16 63
13 26
13 29
13 2
13 9
13 81
7 21
7 20
7 5
7 24
7 12
7 76
7 94
21 11
22 14
22 11
14 62
14 98
24 8
24 19
24 67
8 77
6 29
6 0
6 11
6 93
6 56
20 3
20 64
20 85
23 10
23 87
23 11
0 44
0 46
0 33
0 51
0 38
0 35
0 39
0 32
0 50
0 42
0 47
0 36
0 45
0 43
0 37
5 25
5 74
27 90
27 48
2 28
2 88
2 75
2 15
2 84
2 86
2 83
2 73
2 82
2 89
28 91
28 49
25 17
3 97
3 92
3 96
31 30
31 52
11 60
11 79
9 78
9 59
9 95
12 40
12 80
15 99
15 41