0 8 12 30 1 35 36 2 3 17 25 38 4 5 43 44 6 45 46 7 21 47 48 49 50 9 51 52 10 53 11 31 19 57 13 60 14 28 61 62 15 63 64 16 65 66 24 27 29 67 68 18 69 70 71 20 75 76 22 77 78 23 79 80 32 81 84 26 86 87 88 89 90 91 93 94 95 96 97 98 33 40 41 42 54 56 59 58 72 73 74 83 82 92 37 85
0 8
0 12
0 30
0 27
8 21
8 49
8 50
12 19
12 57
30 4
30 93
30 94
1 35
1 36
1 25
35 33
2 3
2 17
2 25
2 38
2 37
17 13
17 24
17 27
17 29
17 67
17 68
17 10
25 23
25 84
38 40
4 41
5 43
5 44
43 41
44 42
6 45
6 46
45 47
7 21
7 47
7 48
21 75
21 76
50 52
9 51
9 52
10 53
10 54
11 31
31 95
31 96
19 71
57 59
13 60
60 58
14 28
14 61
14 62
28 20
28 89
28 90
62 64
15 63
15 64
16 65
16 66
66 68
24 32
24 81
27 87
27 88
27 26
29 91
18 69
18 70
69 71
70 72
75 73
76 74
22 77
22 78
77 79
23 79
23 80
32 97
32 98
81 83
84 82
26 86
87 85
89 91
90 92
94 96
54 56