5 39 14 54 12 59 6 29 13 30 52 25 50 4 38 44 53 35 48 56 33 58 32 41 27 8 42 26 46 60 49 51 24 28 1 47 15 16 45 34 40 11 20 94 36 7 61 21 9 10 55 31 22 23 0 90 3 43 37 89 18 91 63 2 76 77 17 99 81 79 80 88 69 92 95 93 75 57 19 67 66 64 74 65 87 62 85 73 68 70 72 83 96 71 82 98 97 84 86
5 39
5 52
5 15
5 7
5 25
5 66
14 54
14 38
14 34
14 0
12 59
12 71
59 34
6 29
6 28
6 25
29 27
13 30
30 37
25 50
25 1
25 36
25 55
50 20
4 38
38 17
44 53
44 35
44 3
44 31
53 22
53 23
35 47
35 37
48 56
48 3
48 41
56 60
33 58
33 24
58 46
32 41
41 93
8 42
8 31
8 68
42 94
26 46
60 49
60 45
51 24
51 11
24 43
24 57
47 99
47 19
16 45
34 88
40 11
40 21
40 2
40 92
20 77
7 61
7 31
7 18
7 67
61 9
9 10
9 69
10 43
10 70
22 0
22 79
23 80
0 90
0 89
0 91
0 81
0 64
0 74
0 65
0 87
0 62
0 85
0 73
0 72
0 83
0 96
0 82
0 98
0 97
0 84
0 86
43 95
18 76
63 2
17 75