77 38 30 82 16 87 2 24 65 53 0 7 69 34 52 54 80 9 57 92 10 96 50 3 20 6 72 14 58 93 15 71 76 13 91 25 98 45 59 5 61 35 78 63 18 1 8 84 49 99 31 47 23 64 37 12 36 75 97 40 56 68 94 70 55 86 60 39 29 83 11
77 38
38 93
30 82
30 58
30 94
30 63
82 76
16 87
87 52
87 55
87 60
2 24
2 54
2 49
24 18
65 53
65 80
65 35
53 69
53 58
0 7
0 76
69 25
34 52
52 78
80 12
9 57
9 92
57 14
57 99
92 10
92 84
10 96
96 50
96 70
50 25
50 39
3 20
3 45
3 55
6 72
6 61
72 37
14 47
93 37
15 71
15 98
15 63
13 91
13 36
25 61
25 11
45 59
59 31
59 68
59 5
5 61
61 86
78 97
18 75
1 8
1 84
49 99
47 23
64 37
12 36
40 56
56 70
94 83
70 29