3 12 5 27 20 91 50 66 84 93 92 6 86 10 21 63 43 95 60 62 46 22 59 29 16 68 36 35 49 98 96 99 1 52 13 51 4 37 94 75 53 70 72 14 41 79 80 11 56 24 54 57 7 74 42 44 28 32 87 97 76 30 18 47 19 26 55 38 25 81 45 33 61 39 23 64 90 67 48 65 82 40 78 15 69 17 34 83 0 58 73 8 71 88 85
3 12
3 43
12 22
5 27
5 66
20 91
20 96
91 7
50 66
50 53
66 70
66 45
84 93
93 92
93 46
93 16
92 10
92 11
92 57
92 87
92 76
6 86
6 1
6 52
6 49
86 33
10 98
10 30
21 63
21 36
21 47
21 39
43 95
43 60
43 61
95 79
60 62
60 35
60 7
60 55
46 29
46 78
22 59
22 97
16 68
16 75
16 24
68 72
68 1
35 49
35 28
98 54
96 99
96 38
52 85
13 51
13 15
51 54
4 37
4 94
4 30
75 23
72 18
14 41
14 74
41 44
41 7
79 80
79 56
79 48
79 34
11 58
56 47
24 19
24 81
42 44
42 40
42 65
28 32
28 71
47 25
19 26
26 45
55 17
55 88
25 67
64 90
90 83
67 73
65 82
15 69
34 83
83 0
8 71