0 2 55 61 63 64 68 69 72 73 74 79 80 81 83 84 85 89 98 28 9 25 76 20 78 22 31 87 32 33 35 36 40 42 44 1 58 3 4 24 49 59 37 46 52 60 11 34 50 29 57 18 53 23 54 51 27 47 30 75 62 71
0 2
0 55
0 61
0 63
0 64
0 68
0 69
0 72
0 73
0 74
0 79
0 80
0 81
0 83
0 84
0 85
0 89
0 98
0 75
0 62
0 71
2 28
55 9
55 25
9 58
25 20
25 23
25 54
25 51
76 20
20 3
78 22
22 18
22 53
31 4
31 44
87 32
32 53
32 51
33 27
35 27
35 30
36 59
36 54
36 40
42 24
42 49
44 60
1 58
24 27
49 46
37 46
37 52
52 60
11 34
11 50
34 29
50 57
57 53
57 27
27 47