0 9 10 34 1 29 35 3 8 13 24 32 4 20 41 5 31 43 44 6 23 45 46 7 47 48 22 49 50 52 53 11 55 12 58 59 60 14 15 63 16 65 66 17 28 67 18 69 70 19 72 74 21 75 76 78 79 80 81 82 25 83 26 85 86 27 87 88 92 30 93 95 96 97 33 36 37 39 38 40 42 51 54 56 61 68 71 77 84 89 91 90 2 98
0 9
0 10
0 34
9 52
10 53
34 36
1 29
1 35
29 7
29 8
29 25
29 92
35 33
3 8
3 13
3 24
3 32
8 5
8 22
8 49
8 50
13 59
13 60
13 11
24 81
24 82
32 15
32 30
32 97
32 98
4 20
4 41
4 26
20 18
20 74
41 43
5 31
5 43
5 44
31 19
31 95
31 96
44 42
6 23
6 45
6 46
23 79
23 80
46 48
7 47
7 48
22 17
22 78
49 51
50 52
11 55
11 56
12 58
58 60
14 28
15 63
63 61
16 65
16 66
65 67
66 68
17 28
17 67
28 89
18 69
18 70
69 71
19 72
74 76
21 75
21 76
79 77
82 84
25 83
25 2
26 85
26 86
85 87
27 87
27 88
92 90
30 93
37 39
37 2
38 40
38 2
54 56
89 91