0 27 10 55 57 13 64 65 66 70 40 19 82 84 80 33 97 3 34 35 36 58 4 37 38 39 21 88 89 90 98 16 74 75 8 50 61 17 76 77 78 67 12 62 63 93 18 79 81 14 68 69 15 71 22 91 92 24
0 27
27 70
10 55
10 57
57 67
13 64
13 65
13 66
64 62
65 81
66 90
70 15
40 84
19 82
19 84
82 39
80 18
33 97
97 24
3 34
3 35
3 36
34 58
34 62
4 37
4 38
4 39
37 98
38 88
21 88
21 89
21 90
98 24
16 74
16 75
74 68
8 50
50 61
61 12
17 76
17 77
17 78
76 93
78 71
67 14
67 71
12 62
12 63
63 93
93 22
18 79
18 81
14 68
14 69
15 71
22 91
22 92