0 11 12 1 5 38 3 23 32 39 40 4 9 10 20 41 6 14 28 44 31 7 47 48 8 18 49 22 51 52 55 56 27 57 13 59 60 26 61 15 21 63 64 16 65 66 17 68 29 69 70 19 25 73 76 24 77 79 80 82 30 83 84 85 86 87 88 91 92 93 95 96 97 43 42 45 46 53 54 58 62 72 74 78 81 89 90 94
0 11
0 12
11 7
11 55
11 56
12 4
12 27
12 57
1 5
5 6
5 14
5 28
5 44
38 40
3 23
3 32
3 39
3 40
23 26
23 27
23 79
23 80
32 97
4 9
4 10
4 20
4 41
9 22
9 51
9 52
9 16
20 13
20 25
20 73
41 43
6 31
14 26
14 61
28 19
44 42
31 95
31 96
7 47
7 48
47 45
48 46
8 18
8 49
18 29
18 69
18 70
49 51
22 24
22 77
55 53
56 54
27 87
27 88
13 59
13 60
60 58
26 85
26 86
61 63
15 21
15 63
15 64
21 76
64 62
16 65
16 66
66 68
17 68
29 91
29 92
70 72
25 30
25 83
25 84
76 74
24 82
80 78
30 93
83 81
91 89
92 90
96 94