26 27 68 69 3 4 23 24 11 12 31 32 50 51 0 1 21 63 28 25 36 56 45 46 72 73 7 8 19 20 41 70 52 10 22 35 44 58 77 74 76 9 29 59 64 62 71 18 38 33 40 48 49 75 53 54 60 6 15 43 65 55 39 5 42
26 27
26 25
26 60
27 28
27 33
68 69
68 77
69 70
69 74
3 4
4 5
23 24
23 22
23 35
11 12
11 10
31 32
32 33
50 51
50 75
51 58
51 65
0 1
0 15
0 49
0 35
21 63
21 41
21 77
21 22
63 62
28 29
25 38
36 56
36 35
56 55
45 46
45 44
72 73
73 74
7 8
7 70
7 6
8 52
8 9
19 20
19 18
20 9
41 40
70 71
10 9
22 38
22 42
44 43
77 76
74 75
59 64
59 60
38 39
48 49
53 54
54 55
6 5
15 43