54 69 90 55 50 64 41 27 14 11 40 36 35 52 96 97 23 49 48 43 6 78 17 60 24 10 81 85 66 58 31 34 26 75 68 59 37 33 0 28 83 2 65 82 72 80 42 76 86 74 38 13 93 61 70 44 79 84 4 46 98 3 8 87 39
54 69
54 90
54 55
54 50
54 64
69 97
69 23
69 49
90 27
90 14
90 11
90 40
90 36
90 35
90 52
55 24
64 78
41 27
27 96
14 10
36 72
96 17
96 60
97 81
23 42
23 76
48 43
48 6
43 44
78 0
17 83
17 80
24 31
10 34
10 26
85 66
85 58
85 31
75 68
75 59
75 37
75 33
75 3
68 82
68 28
33 98
0 74
0 44
2 65
65 93
65 61
65 82
80 13
86 74
86 38
74 61
13 70
61 87
44 79
44 4
79 84
4 46
3 8
87 39