79 29 37 65 24 12 15 77 96 40 2 8 43 74 35 48 90 21 38 98 91 3 92 52 47 76 82 6 64 39 10 5 85 83 59 54 36 99 97 42 68 41 80 34 17 71 27 61 86 67 28 78 63 46 75 49 93 50 32 66 1 19 9 69 18 72 22 26 95 58 16 44 4 87 62 53 11 94
79 29
79 37
79 65
79 24
79 67
29 8
29 43
37 90
65 97
24 66
24 1
12 15
12 77
12 32
15 99
77 86
96 40
96 2
2 42
2 21
8 36
8 34
43 80
43 78
43 72
43 95
43 58
74 35
74 48
48 63
48 86
48 46
90 9
38 98
38 91
91 3
91 92
91 52
91 47
91 6
52 83
52 59
47 62
76 82
82 85
6 64
64 69
39 10
39 5
10 85
5 27
83 36
83 75
59 4
54 36
99 42
97 68
97 41
34 86
17 71
17 27
17 61
27 93
61 1
86 94
67 28
75 16
75 44
49 93
93 11
50 32
1 26
19 9
18 72
18 22
95 87
53 11