0 25 27 15 72 20 86 42 26 61 4 37 68 2 31 32 33 97 44 76 3 34 35 36 22 91 92 93 10 56 60 5 40 41 12 62 63 18 80 81 46 66 6 43 45 7 47 48 14 69 19 82 83 75 8 49 50 23 96 74 53 9 52 11 58 59 64 13 16 73
0 25
0 27
25 42
15 72
72 26
20 86
86 83
86 92
42 5
26 61
61 37
61 12
4 37
68 14
2 31
2 32
2 33
31 44
32 76
97 45
44 6
76 69
3 34
3 35
3 36
36 60
22 91
22 92
22 93
91 48
93 56
10 56
56 81
60 11
5 40
5 41
40 46
41 66
12 62
12 63
62 48
18 80
18 81
46 7
46 43
46 75
66 13
6 43
6 45
7 47
7 48
14 69
19 82
19 83
75 16
8 49
8 50
49 74
50 53
23 96
96 73
74 16
53 9
9 52
11 58
11 59
59 64
64 13
16 73