4 92 51 64 0 61 22 58 7 42 96 14 41 23 97 30 49 40 11 39 78 36 60 3 24 43 89 70 12 71 45 77 59 99 20 52 95 93 34 1 54 76 47 2 6 94 56 32 85 31 28 68 26 33 53 10 29 66 91 50 82 46 88 35 57 44 73 80
4 92
4 52
92 29
51 64
51 97
51 2
64 40
64 53
0 61
0 32
61 80
22 58
22 30
22 1
22 47
22 91
22 12
58 40
7 42
7 11
7 3
7 1
96 14
96 89
96 3
96 66
14 82
41 23
41 52
23 12
30 93
49 40
49 78
49 35
11 39
11 99
11 34
36 60
36 59
36 57
60 77
24 43
24 34
43 28
70 12
70 20
70 46
12 73
71 45
71 35
59 99
20 68
20 44
95 93
34 50
54 76
54 6
76 57
94 56
94 88
32 85
31 28
68 26
26 33
26 80
10 29
29 88