0 34 1 35 2 16 37 3 24 28 40 4 42 5 11 43 44 6 29 32 45 46 7 12 47 48 8 50 9 22 51 52 10 19 54 55 56 26 58 13 30 59 60 14 62 15 64 66 17 20 67 68 71 74 21 75 76 77 23 31 79 80 81 82 25 85 86 27 87 89 91 94 95 97 36 41 49 53 61 63 65 69 70 72 73 83 88 90 92 39
0 34
0 11
34 36
1 35
1 3
2 16
2 37
2 11
16 66
3 24
3 28
3 40
3 39
24 14
24 81
24 82
28 6
28 11
28 13
28 25
28 89
28 90
4 42
42 44
5 11
5 43
5 44
11 8
11 55
11 56
43 41
6 29
6 32
6 45
6 46
29 22
29 91
32 97
46 48
7 12
7 47
7 48
12 26
12 58
8 50
9 22
9 51
9 52
22 77
51 49
10 19
10 54
19 13
19 20
19 71
19 72
55 53
26 85
26 86
13 30
13 59
13 60
30 94
14 62
14 61
62 64
15 64
17 20
17 67
17 68
20 74
67 65
71 69
74 76
21 75
21 76
75 73
23 31
23 79
23 80
31 25
31 95
81 83
85 87
86 88
27 87
61 63
70 72
90 92