0 24 30 33 34 1 15 18 21 35 2 9 37 38 3 39 4 20 41 42 43 6 23 46 7 17 29 47 8 19 49 50 10 53 54 11 55 12 27 32 58 13 59 63 64 66 26 31 67 68 69 70 71 73 75 76 22 77 78 79 80 82 25 83 84 85 91 92 93 94 95 97 40 44 45 48 56 57 60 72 74 87 86 88 89 96 36
0 24
0 30
0 33
0 34
24 82
30 93
30 94
33 35
1 15
1 18
1 21
1 35
1 36
15 8
15 63
15 64
18 23
18 69
18 70
21 3
21 11
21 27
21 75
21 76
2 9
2 37
2 38
37 39
38 40
3 39
4 20
4 41
4 42
20 73
41 43
42 44
6 23
6 46
23 13
23 79
23 80
46 48
7 17
7 29
7 47
17 13
17 26
17 31
17 67
17 68
29 91
29 92
47 45
8 19
8 49
8 50
19 71
10 53
10 54
53 55
54 56
11 55
12 27
12 32
12 58
32 97
58 60
13 59
59 57
66 68
26 85
26 86
31 95
70 72
73 75
76 74
22 77
22 78
77 79
82 84
25 83
25 84
85 87
91 89
94 96
86 88