92 17 31 59 74 84 72 21 0 81 65 11 14 45 20 46 12 22 34 53 54 1 37 32 66 47 19 27 29 8 71 90 26 73 24 44 48 83 91 61 3 95 30 51 80 41 93 43 28 68 97 57 5 33 62 86 88 76 25 60 70 87 96
92 17
92 91
92 93
17 11
31 59
31 26
74 84
74 8
84 90
72 21
72 86
72 96
21 20
0 81
81 61
81 25
65 11
65 71
65 41
14 45
14 44
14 32
14 62
20 22
20 3
20 43
46 12
46 95
46 80
12 34
12 60
12 3
34 70
53 54
53 66
53 86
54 19
54 76
1 37
37 28
32 66
47 19
19 24
19 26
19 5
27 29
27 70
29 28
8 71
71 61
26 73
26 51
26 57
48 83
48 3
3 87
30 51
28 68
97 57
33 62
86 88
25 60