73 75 77 43 62 93 92 30 33 48 24 20 26 63 66 39 44 50 90 45 70 10 11 41 35 34 56 64 55 67 85 8 5 87 4 84 13 47 12 97 61 86 32 25 9 51 1 53 96 59 81 14 18 31 6 99 15 91 2 46 68 57 29 60 54 16
73 75
75 16
77 43
77 66
43 10
43 18
62 93
93 35
93 90
93 55
92 30
92 34
92 15
92 1
30 91
33 48
33 70
33 64
24 20
24 35
20 51
20 81
26 63
26 45
26 12
26 64
63 44
63 46
63 87
63 57
66 39
66 55
39 41
50 90
50 91
10 11
35 31
34 99
56 64
56 13
64 68
55 84
55 67
67 85
8 5
8 99
8 54
87 4
4 32
4 60
13 47
13 97
47 1
12 53
61 86
61 60
25 9
25 18
96 59
59 16
81 14
6 99
91 2
57 29
54 16