0 53 3 68 79 7 69 1 41 75 8 5 14 21 43 76 9 45 10 97 11 36 12 18 4 47 13 24 99 15 27 42 16 88 94 23 93 19 34 20 22 65 73 59 57 26 28 98 29 40 46 90 31 32 35 91 37 38 81 86 39 72 58 82 77 49 51 95 52 70 54 56 64 60 63 80 83 85 87 96
0 53
53 70
53 90
3 68
3 79
68 40
79 26
79 32
79 59
7 69
69 99
1 41
1 75
41 20
75 49
8 5
8 14
8 21
5 43
5 76
14 99
43 34
43 77
43 28
9 45
45 40
10 97
10 77
97 96
11 36
36 91
12 18
18 23
18 93
4 47
47 94
13 24
24 34
24 57
15 27
15 42
27 34
42 58
42 82
16 88
16 94
94 31
94 37
23 34
23 59
93 52
19 34
34 31
22 65
22 73
65 35
59 60
57 49
28 98
29 40
29 46
29 90
46 38
35 91
91 37
91 54
38 81
38 86
81 85
39 72
72 77
77 80
49 51
49 95
52 64
56 64
64 83
63 80
83 87