1 2 4 48 5 9 55 8 89 10 12 14 18 19 20 22 23 87 21 24 82 26 29 75 31 98 33 49 35 37 39 43 44 40 41 45 46 47 70 53 56 59 90 58 57 64 63 66 69 91 74 77 79 86 81 80 83 88 85 94 99 62 84 11 42 32
1 2
2 4
4 48
48 45
48 47
48 19
5 9
5 55
5 8
9 89
55 58
55 57
89 85
10 12
10 14
12 11
18 19
20 22
20 23
20 87
22 21
87 88
21 24
21 82
82 83
26 29
26 75
75 42
31 98
31 32
98 99
33 49
33 81
33 32
49 45
35 37
35 39
37 43
43 44
44 40
40 41
41 84
45 46
47 70
70 74
53 11
56 59
56 90
59 58
90 91
57 64
64 63
63 11
66 69
66 91
91 94
74 62
77 79
77 86
86 85
81 80
80 83
83 84
88 85
62 42