1 6 11 16 21 22 23 26 27 28 31 32 33 36 37 38 41 42 43 46 47 48 51 52 53 56 57 58 61 66 71 76 81 86 91 96 0 5 95 10 15 20 25 30 34 35 39 40 44 45 49 50 54 55 60 65 70 75 80 85 90
1 0
6 5
11 10
16 15
21 22
21 20
22 23
26 27
26 25
27 28
31 32
31 30
31 34
32 33
36 37
36 35
36 39
37 38
41 42
41 40
41 44
42 43
46 47
46 45
46 49
47 48
51 52
51 50
51 54
52 53
56 57
56 55
57 58
61 60
66 65
71 70
76 75
81 80
86 85
91 90
96 95
0 5
0 95
5 10
95 90
10 15
15 20
20 25
25 30
30 35
35 40
40 45
45 50
50 55
55 60
60 65
65 70
70 75
75 80
80 85