12 1 13 28 35 36 2 37 3 15 29 32 39 40 4 9 41 5 43 44 7 26 47 48 8 49 51 52 10 11 53 54 21 27 60 14 62 63 64 17 68 18 19 22 31 20 73 76 77 23 79 24 81 82 86 88 89 92 95 96 98 33 42 45 50 55 56 61 65 67 69 71 78 84 85 87 91 90 16 97
12 5
1 13
1 28
1 35
1 36
13 27
13 60
13 17
13 24
28 20
28 23
28 89
28 9
35 33
2 37
37 39
3 15
3 29
3 32
3 39
3 40
15 63
15 64
29 92
32 4
32 10
32 22
32 98
32 97
4 9
4 41
9 51
9 52
41 43
5 43
5 44
44 42
7 26
7 47
7 48
26 86
47 45
8 49
49 51
52 50
10 11
10 53
10 54
11 21
53 55
54 56
21 76
27 88
27 87
14 62
62 64
63 61
17 68
18 19
19 22
19 31
19 71
22 77
22 78
31 95
31 96
31 16
20 73
23 79
24 81
24 82
82 84
86 88
89 91
92 90
65 67
65 16
69 71
85 87