61 99 56 4 30 23 17 79 70 18 72 95 59 46 74 5 41 60 39 64 69 89 6 81 38 19 80 97 86 68 34 9 65 88 94 1 58 67 8 63 52 43 29 22 10 3 91 98 82 33 14 55 11 40 73 24 26 44 37 71 51 47 27 36 20 53 54 15 85 13 7 42 32 21 66 25 96 62 93 12 75 77 48 0
61 99
61 8
61 98
61 44
61 80
99 77
56 4
56 10
56 32
56 11
4 89
30 23
30 65
30 47
23 94
23 64
23 14
17 79
17 43
79 37
70 18
70 97
70 8
18 34
18 93
18 25
72 95
72 88
72 1
72 62
72 85
95 39
95 11
95 24
59 46
59 71
59 0
46 38
46 48
74 5
74 55
5 27
41 60
60 65
60 33
64 69
89 81
6 81
6 52
6 82
38 97
38 86
19 80
19 9
19 42
86 63
86 37
68 34
68 40
68 26
9 14
58 67
58 8
58 12
43 24
29 22
22 73
22 32
3 91
3 53
3 26
91 51
98 15
98 7
82 54
82 75
26 36
37 27
36 20
20 96
85 13
32 21
66 25