90 52 94 49 6 24 23 68 99 61 93 37 0 16 73 4 36 27 76 35 45 28 15 88 30 39 67 62 96 14 44 86 21 7 70 74 89 87 66 78 34 84 1 57 98 83 38 41 56 51 19 71 8 47 10 77 59 85 29 31 17 9 48 65 25 53 2 95 42 26 58 20 55 32 33 80 54 50 64 69 97
90 52
52 94
52 49
94 21
49 9
6 24
6 23
24 47
23 98
23 28
68 15
99 48
61 93
93 42
93 51
93 70
37 0
0 87
0 10
16 73
16 4
16 36
73 77
36 95
27 76
27 35
76 45
76 28
35 26
45 1
15 88
88 83
88 29
30 39
30 67
39 34
39 84
67 48
62 96
96 14
96 44
96 86
14 21
44 89
44 57
21 78
7 70
74 89
87 66
87 78
66 20
78 71
34 65
84 80
84 56
1 10
1 59
1 51
98 58
38 41
38 56
38 51
56 64
51 33
51 32
19 71
8 47
10 77
10 97
77 69
59 85
59 29
31 17
17 9
65 25
25 53
53 2
55 32
54 50
50 64