0 9 20 25 23 24 7 8 19 2 22 10 18 5 13 1 21 6 4 3 39 36 33 75 15 14 12 87 38 17 96 44 79 85 55 40 89 91 62 52 61 16 34 11 51 42 48 29 97 86 27 95 81 64 50 57 72 88 63 82 94 98 47 41 66 60 69 35 78 45 70 68 37 53 76 93 30 54 80 43 49 56 58 99 74 77 26 67 92 90 84 83 31 71 32 73 65
0 9
0 39
0 36
0 10
0 29
0 41
0 37
0 26
0 31
9 20
9 33
9 81
20 57
25 23
25 4
25 42
23 60
23 77
24 7
24 2
24 17
24 78
7 96
8 19
8 97
8 47
8 32
19 22
19 15
19 16
2 22
2 75
2 62
2 27
2 64
2 63
2 66
2 74
2 67
2 73
2 65
22 6
22 3
22 40
22 76
22 90
10 18
10 3
10 49
5 13
5 4
13 16
13 69
13 84
1 21
1 55
1 61
1 48
1 50
1 54
1 43
1 56
1 58
21 4
6 30
4 79
4 14
4 95
4 94
4 98
4 45
4 99
3 87
3 44
3 89
3 91
3 11
3 88
3 82
3 93
3 80
3 92
15 52
15 71
14 12
14 85
14 51
14 70
12 35
12 83
38 17
17 86
16 72
16 53
34 11
11 68