0 66 72 80 85 10 5 11 6 90 15 77 16 65 73 17 12 37 18 32 19 48 68 79 23 89 34 30 51 87 54 52 26 56 21 57 69 58 3 50 84 92 59 9 99 62 61 97 43 64 13 25 70 83 71 86 42 74 75 40 95 82 94 46 27 35 91 41 81 1 60 33 29 88 36 39 47 7 55 67 96 38 20 44
0 66
0 72
0 80
66 25
72 42
72 84
85 74
85 46
10 5
5 89
5 35
11 6
11 90
6 46
90 35
15 77
77 54
77 44
16 65
16 73
73 70
73 32
17 12
17 37
12 57
18 32
32 94
32 35
32 88
19 48
19 68
68 84
79 99
23 89
34 36
30 51
30 87
51 20
54 36
52 26
26 43
56 21
21 71
21 42
21 20
57 69
69 81
58 3
58 50
58 84
58 92
50 60
84 82
84 96
84 97
84 41
59 9
59 99
9 82
62 61
62 97
43 82
64 13
13 60
25 29
70 83
71 86
86 27
42 95
75 40
75 95
82 94
94 81
46 67
27 33
91 41
41 1
41 39
88 55
36 20
47 7
7 67
96 38