0 25 26 27 5 40 41 42 16 73 74 75 29 1 28 30 21 88 90 2 31 33 9 52 53 54 3 35 36 63 7 46 47 48 38 4 37 39 11 58 59 60 12 61 62 99 76 6 43 44 45 66 8 50 51 14 67 69 77 10 55 56 57 86 72 22 91 92 17 78 71 13 65 15 70 19 82 83 84 23 94 96 20 85 87 24 97
0 25
0 26
0 27
26 29
27 56
5 40
5 41
5 42
41 99
42 76
16 73
16 74
16 75
75 39
29 1
1 28
1 30
21 88
21 90
90 39
2 31
2 33
31 63
9 52
9 53
9 54
52 86
52 76
52 58
3 35
3 36
36 38
63 12
63 71
7 46
7 47
7 48
46 66
47 39
38 4
4 37
4 39
37 84
11 58
11 59
11 60
60 94
12 61
12 62
62 78
99 24
76 17
76 82
6 43
6 44
6 45
43 85
66 13
8 50
8 51
50 77
14 67
14 69
69 71
77 56
77 17
77 92
10 55
10 56
10 57
56 72
86 20
22 91
22 92
17 78
71 15
13 65
15 70
19 82
19 83
19 84
23 94
23 96
20 85
20 87
24 97