0 6 1 7 12 2 8 9 3 4 11 5 10 13 19 18 14 20 15 26 21 22 23 17 29 16 24 25 31 30 33 32 34 35 51 50 41 28 38 36 37 43 42 44 95 39 46 52 47 48 96 54 56 49 53 58 63 61 62 64 98 67 65 68 71 94 74 78 76 77 81 82 85 86 90 93 91 92 97 79 80 83 88 84 87 66 57 27 40 45 55 75 60 69
0 6
6 1
6 7
6 12
12 13
12 19
12 18
2 8
8 9
9 4
9 14
3 4
4 11
11 10
5 10
13 26
13 20
14 20
20 15
15 21
26 33
26 32
26 31
21 22
22 23
22 17
22 29
17 16
29 34
29 35
29 51
29 50
24 25
24 31
24 30
30 36
33 27
32 38
34 41
35 28
51 54
50 56
41 52
41 40
38 39
36 37
36 43
37 42
37 44
44 95
95 96
39 46
46 47
46 45
47 48
96 91
54 49
54 58
56 53
56 63
58 57
58 75
63 60
61 62
61 64
61 60
62 98
64 67
64 68
98 94
98 74
67 71
65 68
65 66
68 69
94 93
74 78
76 77
77 81
81 82
82 85
82 86
86 90
90 93
91 92
91 87
92 97
79 80
80 83
80 88
83 84
84 87
87 55