0 49 31 46 50 84 56 29 73 1 15 62 72 86 83 80 41 45 2 76 74 65 10 44 21 77 81 52 91 5 18 67 6 53 35 25 75 7 9 13 58 20 23 78 11 12 37 17 16 54 68 88 90 19 79 33 22 71 92 69 63 28 61 66 36 48 64 57 60 70
0 49
0 31
49 46
49 50
31 21
46 20
46 23
84 56
56 65
56 72
29 73
73 52
73 18
73 68
73 57
1 15
1 62
15 72
62 76
62 22
72 81
72 64
86 83
83 78
83 16
83 88
83 90
80 41
80 45
45 22
45 13
2 76
74 65
65 44
65 11
65 25
10 81
44 21
44 77
21 19
21 68
77 61
77 60
52 91
5 18
5 67
18 58
67 9
6 53
6 35
53 25
35 75
25 63
75 69
7 9
12 37
12 17
37 16
16 54
54 68
68 48
90 66
19 79
79 33
71 92
92 61
63 28
63 36
64 70