0 6 37 47 99 5 81 9 1 43 2 75 14 17 69 11 39 10 87 15 19 62 23 20 24 26 85 25 27 36 31 40 34 3 30 66 32 59 42 93 60 22 64 41 45 54 52 56 7 50 55 63 82 53 46 13 58 68 88 65 83 71 76 79 95 72 38 74 44 70 73 89 67 91 98 97 94 21 8 48 80 4 18 28 49
0 6
0 37
0 47
0 99
37 23
37 36
47 22
47 59
47 64
5 81
81 54
81 88
9 1
9 43
43 40
43 80
2 75
75 71
14 17
14 69
69 50
69 65
69 83
11 39
39 38
10 87
87 89
87 67
87 85
87 91
15 19
15 62
19 53
62 13
62 58
62 68
62 88
20 24
24 54
24 22
26 85
85 71
85 79
85 44
85 88
25 27
27 65
31 40
40 60
34 3
34 30
34 66
3 67
3 80
32 59
42 93
93 95
41 45
45 48
54 52
56 7
7 4
7 18
7 48
50 55
50 63
50 82
55 48
82 97
82 80
53 46
58 49
88 94
88 21
65 28
71 76
79 95
72 38
72 74
74 44
74 70
74 73
91 98
21 8