25 14 67 68 69 5 40 42 8 51 45 1 30 4 37 38 39 2 32 33 3 34 35 36 64 47 12 61 62 63 59 82 23 94 96 97 6 43 44 19 83 84 7 48 11 58 60 20 86 53 16 73 74 90 9 54 21 88 24 98 99
25 45
14 67
14 68
14 69
68 63
69 36
5 40
5 42
40 97
8 51
51 90
45 30
45 6
1 30
4 37
4 38
4 39
38 36
39 47
2 32
2 33
32 64
33 47
3 34
3 35
3 36
34 59
35 82
35 44
47 7
12 61
12 62
12 63
62 74
59 11
82 19
23 94
23 96
94 73
97 24
97 88
6 43
6 44
19 83
19 84
83 99
7 48
48 53
11 58
11 60
20 86
86 90
53 9
16 73
16 74
90 21
9 54
21 88
24 98
24 99