0 25 26 27 6 43 44 45 52 1 28 29 30 15 70 71 72 59 74 14 67 68 69 57 3 34 35 36 19 82 83 84 9 53 54 64 4 37 38 39 12 61 62 63 77 5 42 20 85 86 51 88 18 79 80 81 10 56 95 7 46 47 48 11 58 60 8 49 92 23 94 16 73 75 91 93 99 22 24 97 13 66 21 89 17 76 78
0 25
0 26
0 27
25 52
6 43
6 44
6 45
45 95
45 84
52 9
52 81
1 28
1 29
1 30
29 59
30 74
15 70
15 71
15 72
70 49
59 11
74 48
74 16
14 67
14 68
14 69
67 63
57 10
57 99
3 34
3 35
3 36
34 64
35 54
19 82
19 83
19 84
82 92
84 53
9 53
9 54
53 62
64 13
64 77
4 37
4 38
4 39
38 77
12 61
12 62
12 63
77 17
5 42
42 88
20 85
20 86
86 58
51 8
51 92
88 21
18 79
18 80
18 81
79 48
79 89
10 56
56 93
95 23
7 46
7 47
7 48
11 58
11 60
8 49
92 22
23 94
16 73
16 75
91 22
93 22
99 24
24 97
13 66
21 89
17 76
17 78