2 89 67 81 58 70 37 91 80 85 42 69 77 87 40 63 12 36 79 95 83 94 41 43 93 17 39 4 13 21 45 82 1 73 24 59 26 55 0 22 65 99 20 38 56 33 84 62 86 15 29 31 46 48 44 7 11 92 96 5 8 16 51 90 50 98 54 64 34 53 10 3 35 57 68 18 30 75 52 72 60
2 89
2 93
89 0
89 48
89 98
67 81
67 8
81 36
58 70
58 11
58 52
70 82
70 4
70 37
70 7
70 34
37 91
37 24
37 77
91 40
91 56
80 85
85 41
42 69
42 35
42 90
77 87
77 44
87 73
40 63
12 36
12 17
36 5
79 95
95 90
83 94
83 1
94 59
94 90
94 54
41 43
41 7
43 93
17 39
4 13
4 20
21 45
45 15
82 57
1 86
73 86
24 72
26 55
26 8
0 22
22 50
65 99
65 86
38 56
38 92
56 3
56 75
33 84
33 15
33 16
62 86
86 60
29 31
29 50
29 10
46 48
44 96
8 54
16 51
16 64
51 18
34 53
3 18
57 68
68 30