0 1 2 72 53 52 36 34 37 63 43 93 8 71 83 64 5 9 84 49 90 76 82 29 28 25 24 85 27 81 11 12 26 79 80 92 39 38 97 70 13 14 91 59 21 22 67 17 73 46 47 48 66 75 54 55 40 99 98 89 44 94
0 1
1 2
1 72
2 63
72 8
72 71
72 44
53 52
53 54
36 34
36 37
36 55
34 70
37 17
63 64
43 93
93 92
93 94
71 70
71 73
71 66
83 5
83 9
83 84
64 97
9 82
84 85
49 90
49 76
90 91
76 75
82 81
29 28
28 27
25 24
24 73
85 27
81 80
11 12
11 26
12 92
79 80
80 92
92 70
92 91
39 38
39 40
38 73
13 14
14 59
59 99
21 22
21 75
22 67
73 89
46 47
47 48
48 66
66 99
54 55
99 98