0 80 53 95 26 17 46 88 54 94 20 4 33 8 28 74 55 36 39 76 83 2 70 96 34 73 16 41 43 56 86 27 19 45 64 44 18 25 97 9 23 66 71 38 22 93 87 72 6 29 51 99 52 63 75 15 11 47 78 61 13 37 5 82 50 68
0 80
0 53
0 95
95 86
95 25
95 46
26 17
26 46
17 9
46 16
88 54
88 94
54 75
94 29
94 2
20 4
4 43
33 8
33 28
8 72
28 82
74 55
74 34
55 19
36 39
36 76
39 71
39 6
39 97
83 2
83 70
83 96
96 44
34 73
16 61
41 43
41 56
43 25
86 27
27 45
27 52
27 47
19 78
64 44
18 25
18 97
25 66
97 68
9 23
71 38
22 93
22 87
93 11
72 6
6 51
51 99
52 63
52 75
75 15
15 11
47 78
78 5
78 50
13 37
37 68