71 73 88 9 82 0 16 68 58 29 61 56 12 98 1 13 49 32 55 66 40 35 59 67 90 96 33 44 41 93 6 22 50 20 23 75 84 27 63 34 79 39 43 77 47 89 92 94 65 24 5 62 86 81 99 11 95 2 87 60 54 74 21 28 72 26 83 37 57 42 97
71 73
73 34
88 9
9 93
82 0
0 32
0 21
0 26
16 68
16 49
68 44
58 29
58 90
61 56
56 96
56 34
12 98
12 24
98 27
1 13
1 93
1 34
1 87
1 75
32 50
55 66
55 50
40 35
40 63
35 20
35 95
59 67
59 33
59 20
67 94
90 72
44 41
41 65
93 21
93 47
93 97
6 22
6 2
50 60
50 81
23 75
84 27
63 62
63 11
79 39
79 28
43 77
77 83
47 89
92 94
94 72
65 86
65 11
65 74
24 5
24 28
81 99
11 60
95 42
2 87
87 28
54 57
72 83
37 57
37 42