0 1 8 88 6 7 64 9 10 11 92 13 14 15 16 23 20 21 60 22 26 27 71 28 29 34 35 36 37 40 41 42 82 43 51 45 90 48 50 52 53 54 55 56 57 61 62 72 63 67 68 77 69 70 73 99 76 80 81 83 84 87 89 91 93 94 95 98 12 49
0 1
0 8
8 7
8 9
88 87
88 89
6 7
6 64
64 63
9 10
10 11
10 92
11 12
92 91
92 93
13 14
13 12
14 15
15 16
23 22
20 21
20 60
21 22
60 61
60 34
26 27
26 71
27 28
71 70
71 72
28 29
34 35
35 36
36 37
40 41
41 42
41 82
42 43
42 51
82 81
82 83
51 50
51 52
45 90
90 50
90 89
90 91
48 49
50 49
52 53
53 54
54 55
55 56
56 57
61 62
61 72
62 63
72 73
72 99
67 68
67 77
68 69
77 76
69 70
99 98
80 81
83 84
93 94
94 95