0 30 34 1 29 35 2 5 32 38 3 20 39 40 4 25 42 7 14 43 44 6 18 45 11 48 8 50 9 22 51 10 53 54 27 55 56 12 28 58 13 60 61 62 63 16 65 66 17 68 69 70 19 72 31 73 74 21 75 76 78 23 79 24 81 84 26 85 86 88 89 90 91 92 93 96 97 33 37 41 47 64 67 80 82 95 98
0 30
0 34
30 7
30 9
30 93
1 29
1 35
29 19
29 91
29 92
35 33
2 5
2 32
2 38
5 7
5 14
5 43
5 44
5 24
32 19
32 23
32 97
32 98
38 40
3 20
3 39
3 40
20 31
20 73
20 74
39 37
4 25
4 42
25 8
25 84
42 44
7 11
7 48
14 61
14 62
43 41
6 18
6 45
18 9
18 69
18 70
45 47
11 27
11 55
11 56
8 50
9 22
9 51
22 28
22 78
10 53
10 54
54 56
27 88
12 28
12 58
28 17
28 89
28 90
58 60
13 60
61 63
62 64
16 65
16 66
65 67
66 68
17 68
19 72
31 96
74 76
21 75
21 76
78 80
23 79
24 81
84 82
26 85
26 86
86 88
93 95