0 51 57 30 8 12 31 60 19 45 88 68 49 96 89 35 33 52 53 79 3 50 69 25 14 18 29 56 80 10 38 92 77 62 81 43 39 21 42 41 46 5 16 48 63 11 90 26 85 6 97 44 55 4 37 28 98 59 66 82 20 78 74 83 17 58 70 94 40 24 76
0 51
51 57
51 11
57 30
30 25
30 66
8 12
8 31
12 42
31 37
31 5
60 19
60 45
45 48
88 35
68 49
68 96
68 89
96 38
89 66
35 33
35 52
52 3
53 79
79 92
79 70
3 50
3 69
50 82
69 14
25 14
25 18
25 29
25 56
14 41
14 46
29 16
29 74
56 77
56 42
56 4
80 10
80 26
10 92
77 62
62 24
81 43
81 66
39 21
39 42
21 83
42 6
16 48
63 11
63 90
26 85
97 44
44 55
55 17
55 94
37 28
28 58
28 70
28 78
98 59
59 83
82 76
20 78
17 58
40 24