0 36 23 63 66 68 70 71 72 73 74 76 80 82 84 86 92 93 94 95 96 54 1 6 8 14 20 25 43 57 59 19 56 2 13 15 3 41 40 32 9 53 17 29 31 16 24 52 18 60 58 34 21 50 30 46 67 88 62 97 83 87
0 36
0 23
0 63
0 66
0 68
0 70
0 71
0 72
0 73
0 74
0 76
0 80
0 82
0 84
0 86
0 92
0 93
0 94
0 95
0 96
0 67
0 88
0 62
0 97
0 83
0 87
23 54
54 1
54 19
54 57
54 56
1 14
6 41
8 3
20 34
20 43
25 59
25 50
43 21
57 30
59 29
19 15
19 17
19 52
56 18
56 60
2 13
13 15
15 31
3 41
3 40
40 32
32 9
9 53
53 17
31 16
31 24
24 21
52 58
58 46
21 50