3 1 2 63 4 9 5 16 6 8 7 10 22 24 12 13 14 15 17 77 32 88 18 47 61 19 20 43 23 25 26 48 27 85 33 64 45 28 40 41 58 78 90 99 35 36 55 38 39 54 44 52 57 46 60 53 56 67 68 65 72 66 80 84 97 86 92
3 4
1 2
1 63
2 4
63 60
63 67
4 9
9 6
5 16
16 12
16 18
16 47
16 61
6 8
6 7
6 10
6 22
6 24
8 38
24 27
24 85
13 14
14 15
14 17
14 77
15 32
15 88
17 18
17 36
77 84
77 86
18 19
47 53
61 35
19 20
20 43
43 52
23 25
23 26
23 48
25 33
25 64
26 45
48 65
27 28
85 84
33 40
33 41
33 58
33 78
33 90
33 99
64 68
40 44
78 66
78 97
36 55
39 54
54 44
44 57
52 56
46 60
65 72
66 80
66 84
84 92