37 14 43 35 47 11 23 16 3 33 2 44 40 30 46 42 1 5 20 34 39 0 74 28 29 21 36 6 45 13 9 10 25 26 96 17 31 18 53 8 15 22 48 27 19 7 12 38 89 24 4 99 87 60 93 91 66 79 55 32 88 78 84 81 58 73 64 71 86 95 52 41 49 97 50 94 76 65 69 85 54 63 62 67 68 83 56 80 82 77 90 92
37 14
37 0
14 17
14 18
14 24
14 58
43 35
43 9
43 80
35 20
35 48
47 11
47 28
47 25
47 5
23 16
23 4
23 65
16 46
3 33
3 26
33 21
33 73
2 44
2 42
2 40
2 84
44 26
44 41
40 30
40 10
40 77
30 46
30 71
42 79
1 5
1 29
1 96
1 89
1 87
1 93
1 99
1 32
1 86
1 95
1 94
1 85
1 92
20 27
20 19
20 8
20 99
20 63
34 39
34 7
39 28
0 74
0 60
0 55
0 78
0 81
0 64
0 49
0 76
0 69
0 67
0 68
0 83
0 82
36 6
36 12
36 4
6 45
6 88
45 13
9 10
9 91
10 54
17 31
17 19
17 97
53 8
8 38
8 90
15 22
22 48
19 62
7 52
12 56
24 66
4 50