0 26 27 36 43 57 1 28 29 17 76 77 18 79 80 81 34 19 82 83 84 97 3 35 6 44 94 10 55 56 53 38 58 5 40 41 42 7 46 47 48 13 65 66 69 60 8 49 50 9 52 11 59 64 68 86 14 20 23 95 96 90 24 99
0 26
0 27
26 36
27 43
27 57
36 3
43 6
57 10
1 28
1 29
29 34
17 76
17 77
77 80
18 79
18 80
18 81
80 95
34 3
34 94
19 82
19 83
19 84
83 95
84 46
97 44
3 35
6 44
94 23
10 55
10 56
55 52
56 50
53 9
38 58
58 11
58 40
5 40
5 41
5 42
41 90
7 46
7 47
7 48
48 69
48 60
13 65
13 66
65 68
65 86
69 14
60 11
8 49
8 50
49 99
9 52
11 59
59 64
68 14
86 20
23 95
23 96
24 99