1 2 4 17 9 13 8 21 29 30 16 22 23 18 6 7 31 26 19 15 3 65 24 27 0 77 57 58 12 20 91 5 72 32 14 54 10 88 25 28 40 96 11 48 39 84 34 53 80 67 62 37 76 42 74 98 63 43 89 50 44 59 85 56 78 97 92 47 90 83 86 68 95 82 51 93 46 69 52 55 79 38 81 41 94 87 35 71 33 73 99 61 49 66 45 70 64
1 2
1 0
1 54
1 53
1 67
1 63
1 59
1 56
1 69
1 33
1 61
1 66
1 70
1 64
2 29
2 77
2 8
2 34
2 80
2 89
2 85
2 81
2 73
4 17
4 30
4 55
17 7
17 82
9 13
9 21
9 38
13 96
8 21
8 26
21 14
21 22
21 45
29 10
29 88
30 16
30 31
16 99
22 23
22 65
23 25
23 84
18 6
18 15
18 3
18 32
6 57
6 12
6 92
7 0
7 58
7 76
31 90
31 71
26 19
26 48
26 86
19 20
19 83
15 98
3 72
3 96
3 91
3 97
3 93
24 27
24 11
27 12
0 37
0 42
0 43
0 50
0 51
0 46
0 41
0 35
0 49
12 79
20 44
91 5
5 74
32 28
32 52
14 40
14 62
10 78
10 94
25 47
25 68
28 87
11 39
11 95