0 25 26 27 21 88 89 90 32 1 28 29 6 44 45 48 96 2 15 71 67 3 34 35 36 10 55 57 81 4 38 39 13 64 65 9 54 42 8 49 50 56 11 59 80 93 95 22 91 23 79 24 99 18 16 73 74 82 83 37
0 25
0 26
0 27
25 89
27 32
21 88
21 89
21 90
88 83
89 35
90 93
32 2
1 28
1 29
28 48
28 39
29 96
6 44
6 45
44 82
45 56
96 23
15 71
71 95
67 49
3 34
3 35
3 36
35 81
36 39
10 55
10 57
55 93
81 18
81 91
4 38
4 39
4 37
13 64
13 65
64 79
65 42
9 54
54 73
8 49
8 50
50 80
56 93
11 59
59 95
80 18
95 23
22 91
79 18
24 99
99 83
16 73
16 74
73 82