0 1 2 3 4 5 20 6 7 8 9 10 85 11 12 13 14 15 16 17 26 25 24 23 31 60 48 32 54 28 21 22 34 78 89 84 56 45 93 65 69 72 67 76 27 29 30 33 68 96 99 35 36 37 38 39 40 41 42 43 44 57 49 50 51 90 55 61 62 80 73 81 82 83 86
0 1
1 2
1 99
1 72
2 3
3 4
4 5
4 20
4 57
4 90
5 6
20 21
6 7
7 8
8 9
9 10
9 85
10 11
85 86
11 12
12 13
13 14
14 15
15 16
16 17
26 25
25 24
24 23
23 28
23 22
23 96
31 60
31 48
31 30
31 32
60 61
48 49
32 54
32 33
54 55
28 27
28 29
21 22
34 78
34 33
34 35
34 80
89 84
84 83
56 45
56 93
45 65
45 44
69 72
72 73
67 76
76 29
29 30
68 96
35 36
36 37
37 38
38 39
39 40
40 41
41 42
42 43
43 44
49 50
50 51
61 62
80 81
81 82
82 83