0 31 1 25 23 2 29 75 3 71 20 4 50 6 10 21 7 80 8 28 9 87 11 36 40 90 12 79 57 13 42 35 14 19 15 34 66 16 52 59 17 46 30 60 73 22 24 32 26 69 81 33 74 85 38 67 41 63 44 78 45 47 88 84 68 61 64 83 77 76 86 91
0 31
31 81
1 25
1 23
25 14
23 50
2 29
2 75
29 69
75 9
75 24
75 42
75 60
3 71
3 20
3 4
71 28
20 7
20 46
20 73
50 84
6 10
6 21
10 87
7 80
8 28
87 22
87 88
11 36
11 40
11 90
36 26
36 85
12 79
12 57
79 35
79 45
13 42
13 35
42 26
35 74
14 19
19 30
19 60
15 34
15 66
66 83
16 52
16 59
52 47
52 68
17 46
46 33
46 67
46 85
24 32
32 81
81 64
85 47
38 67
67 77
41 63
63 45
44 78
78 88
47 88
88 61
88 83
68 76
83 86
83 91