0 6 69 80 88 1 58 40 72 87 18 3 13 4 57 12 83 89 17 77 36 31 48 55 75 76 30 82 38 27 43 52 10 85 95 39 66 73 98 24 14 21 22 37 63 65 47 64 78 96 25 62 19 50 51 35 74 32 99 67 94 97 8 42 41 29 46
0 6
0 69
6 38
69 80
69 88
80 10
80 39
1 8
58 40
58 72
58 87
40 18
18 85
18 25
18 62
3 13
13 12
13 83
13 89
4 57
4 17
57 55
57 75
57 76
57 89
57 94
57 97
12 24
17 77
77 64
36 31
36 48
31 32
48 43
55 30
55 82
75 74
82 43
38 27
43 52
10 85
10 95
85 66
95 73
95 98
39 41
66 14
66 78
66 96
98 51
24 14
24 21
14 63
22 37
22 63
22 46
65 47
65 64
78 19
96 50
62 29
50 67
35 74
32 99
99 42
8 42