0 1 5 2 7 3 11 14 8 21 12 17 15 18 22 40 74 51 50 52 57 54 55 53 59 61 63 56 64 73 58 71 60 69 62 67 65 66 70 72 49 26 25 27 32 29 30 34 38 31 39 48 33 35 44 41 99 76 75 77 82 80 78 84 86 81 89 98 83 96 85 87 92
0 1
0 5
1 2
1 7
5 14
2 3
7 8
3 11
11 12
14 15
8 21
21 22
12 17
17 18
18 49
40 74
40 39
40 41
74 73
51 50
51 52
51 57
50 54
50 55
52 53
52 59
57 58
54 63
55 56
55 64
53 61
59 60
61 62
56 73
64 65
58 71
71 72
60 69
69 70
62 67
65 66
65 99
49 48
26 25
26 27
26 32
25 29
25 30
27 34
32 33
29 38
30 31
30 39
34 35
31 48
35 44
99 98
76 75
76 77
76 82
75 80
77 78
77 84
82 83
80 81
80 89
78 86
84 85
86 87
81 98
83 96
87 92