0 27 8 1 28 24 99 4 38 25 37 16 74 19 84 13 64 5 6 66 40 65 98 9 52 2 31 23 39 15 70 54 59 20 85 17 76 49 18 79 78 10 56 90 22 44 32 26 55 72 11 60 14 68 94 82 89 97 92 80 93 81 58 53 86 67 29 87
0 27
0 25
0 26
27 74
8 49
1 28
1 29
28 32
24 99
24 98
24 97
4 38
4 37
4 39
37 54
16 74
19 84
19 82
84 90
13 64
13 66
13 65
64 89
5 40
6 44
66 40
65 59
9 52
9 54
9 53
2 31
2 32
31 49
23 94
39 44
15 70
15 72
70 76
59 11
20 85
20 86
20 87
85 97
85 79
85 29
17 76
17 78
18 79
18 80
18 81
10 56
10 55
90 92
22 92
22 93
26 55
55 58
72 89
11 60
11 58
14 68
14 67
68 29
94 93
82 67
58 53
53 86