46 30 38 8 4 34 43 31 23 70 68 13 15 16 42 37 20 36 59 29 2 45 72 58 7 18 17 47 63 41 61 0 40 19 66 35 54 39 28 56 3 11 90 67 6 65 77 51 98 75 79 97 86 74 89 96 93 94 73 78 82 83 80 92 91 85
46 30
46 4
30 70
38 37
38 31
38 36
8 23
8 67
8 3
4 34
43 36
43 28
70 2
70 18
68 13
68 42
68 61
68 0
68 63
13 45
15 16
15 63
42 40
20 47
36 41
59 29
59 58
59 6
29 7
72 58
7 18
17 47
17 6
47 65
61 51
0 77
0 98
0 79
0 97
0 86
0 35
0 90
0 75
0 74
0 89
0 96
0 93
0 94
0 73
0 78
0 82
0 83
0 80
0 92
0 91
0 85
19 66
19 39
66 56
35 54
28 90
28 56
3 11
67 6
6 75