0 56 29 13 57 32 12 23 44 69 33 87 90 95 51 85 19 76 70 91 96 27 41 38 79 10 2 4 63 40 86 52 36 75 77 39 53 50 31 92 15 6 28 46 80 83 14 16 7 17 99 54 26 82 66 21 88 84 65 49 98 67 34 58 61 42 60 94 11 24 62 68 30 20 81 59 71 37 48 93 35 55 43 47
0 56
56 29
56 19
29 13
29 57
13 90
57 92
32 12
32 23
32 44
32 69
12 80
12 83
44 10
69 51
69 91
33 87
33 90
33 95
87 53
87 62
87 71
90 38
90 40
90 30
51 85
85 16
85 77
19 67
76 70
76 91
76 96
70 2
91 71
96 37
96 36
27 41
41 86
79 10
10 86
2 4
4 63
86 42
86 98
52 36
52 75
52 54
36 48
75 88
77 39
39 15
53 50
31 92
6 28
6 46
28 14
28 16
83 24
83 81
16 34
16 11
7 17
17 99
99 20
54 26
54 82
66 21
66 88
84 61
65 49
65 98
49 68
98 43
34 58
61 42
61 60
94 24
94 47
68 35
20 71
81 59
48 93
35 55