22 91 92 93 83 1 28 29 30 12 63 14 67 69 7 46 47 48 60 42 2 31 32 33 6 43 44 36 66 3 34 35 16 73 24 98 99 53 9 52 21 89 90 5 40 41 71 86 76 77 10 56 17 95 11 13 65 15 72 19 84 23 94
22 91
22 92
22 93
91 67
93 40
93 99
83 35
83 19
1 28
1 29
1 30
28 60
29 42
29 47
12 63
63 69
14 67
14 69
7 46
7 47
7 48
46 65
47 76
60 11
42 5
2 31
2 32
2 33
31 36
31 43
32 72
33 66
6 43
6 44
44 86
36 3
3 34
3 35
35 53
16 73
73 86
24 98
24 99
99 94
53 9
9 52
21 89
21 90
89 84
5 40
5 41
41 71
71 15
76 17
77 17
10 56
56 95
95 23
13 65
15 72
19 84
23 94