0 99 63 75 2 13 4 8 9 98 41 88 10 46 12 56 14 86 15 18 50 20 21 55 62 23 24 89 29 30 37 57 33 71 45 38 39 44 40 42 43 73 47 94 49 60 91 81 61 64 82 79 72 95 74 97 93 96 48
0 99
0 63
0 75
99 98
63 64
2 13
2 4
13 12
13 14
13 86
4 49
8 9
8 98
8 41
9 88
98 97
41 40
10 46
46 47
46 94
12 56
56 57
56 91
14 15
14 48
86 97
18 50
50 38
50 49
20 21
20 55
21 62
55 60
62 40
23 24
24 89
89 94
29 30
29 37
37 38
33 71
33 45
71 79
45 44
39 44
44 43
42 43
42 73
73 72
73 74
94 93
94 95
60 61
81 74
81 82
72 95
95 96
97 96