3 4 19 18 5 21 7 60 8 9 24 25 10 13 36 37 40 38 35 47 16 17 27 26 28 29 43 44 31 30 41 42 48 49 50 51 57 61 63 64 69 75 84 67 72 79 78 77 74 83 81 82 95 92 23 11 73 20 32 66 80 58 59 6 45 46 14 15 22 2
3 4
3 2
4 5
4 21
4 20
19 18
18 26
18 23
5 7
5 60
5 6
5 8
21 23
7 58
60 61
8 9
24 25
24 23
25 13
10 13
36 37
36 40
36 11
37 35
40 14
38 35
35 46
47 48
47 46
16 17
16 15
17 27
27 26
27 31
26 28
26 29
29 43
29 44
43 42
31 30
30 32
41 42
42 45
48 49
49 50
50 51
57 58
61 59
63 64
63 59
64 69
69 75
75 84
84 73
67 72
67 66
72 73
72 78
79 78
79 80
79 95
77 80
77 81
74 83
83 82
81 82
95 92
23 22
14 15