0 25 26 27 19 83 12 61 62 63 57 74 94 20 86 87 15 70 71 72 54 58 21 88 90 9 52 97 3 34 35 36 5 40 42 73 4 38 39 14 68 69 13 65 66 98 16 75 7 46 48 24 99 6 43 44 45 18 80 81 8 49 50 51 11 59 60 10 55 23 95 96 17 76 77 92 22 91 93
0 25
0 26
0 27
25 57
25 74
26 94
19 83
83 99
12 61
12 62
12 63
61 36
62 90
57 10
74 16
74 92
74 46
94 23
20 86
20 87
86 35
15 70
15 71
15 72
71 77
72 75
54 9
58 11
21 88
21 90
90 99
9 52
52 59
97 24
3 34
3 35
3 36
35 49
36 73
5 40
5 42
40 65
73 16
4 38
4 39
38 98
14 68
14 69
69 66
13 65
13 66
66 59
98 24
16 75
7 46
7 48
24 99
99 60
6 43
6 44
6 45
43 81
45 91
18 80
18 81
8 49
8 50
8 51
11 59
11 60
10 55
23 95
23 96
17 76
17 77
92 22
22 91
22 93