2 21 95 3 16 4 55 9 7 72 15 71 90 19 79 20 40 64 80 93 22 37 27 17 34 28 46 49 76 29 39 32 65 92 36 53 24 44 87 91 41 43 70 14 68 75 54 94 57 59 30 62 38 67 58 88 96 69 25 81 82 73 97 83 84 50 85 23 8 78 98 99 6 61 51 45 31 63 86 89 42
2 21
2 95
21 80
21 93
95 28
95 57
95 92
3 16
16 68
4 55
55 28
9 7
9 72
7 8
15 71
15 90
71 82
90 83
90 97
19 79
79 97
20 40
20 64
40 45
64 53
93 41
93 43
93 8
22 37
37 24
37 44
37 87
37 91
27 17
27 34
17 44
28 46
28 49
28 76
46 14
46 68
49 75
76 29
29 39
39 73
32 65
32 92
92 62
92 50
36 53
87 14
87 23
91 45
91 78
91 86
43 70
68 88
68 96
54 94
94 78
59 30
59 85
62 38
38 51
67 58
58 85
58 63
88 82
96 98
96 89
69 25
69 81
25 42
81 63
84 50
98 99
99 6
99 61
45 31
63 86