0 20 34 1 11 2 38 3 28 39 40 4 17 29 42 5 7 9 19 44 6 45 46 8 15 47 49 50 13 52 30 55 56 12 59 14 61 62 63 64 16 66 22 24 26 67 18 25 70 71 72 73 21 75 76 27 23 79 84 88 90 94 31 95 96 36 37 41 43 48 51 57 65 68 69 77 86 92 32 91
0 20
0 34
20 19
20 73
34 36
1 11
11 30
11 55
11 56
11 19
2 38
2 9
3 28
3 39
3 40
3 26
28 90
39 37
4 17
4 29
4 42
17 22
17 24
17 26
17 67
29 7
29 91
5 7
5 9
5 19
5 44
5 43
7 8
7 15
7 47
9 13
9 52
19 71
19 72
6 45
6 46
45 47
46 48
8 49
8 50
15 63
15 64
49 51
13 59
30 12
30 16
30 94
59 57
14 61
14 62
61 63
16 66
16 32
66 68
22 27
24 23
67 65
18 25
18 70
25 84
70 72
71 69
73 75
21 75
21 76
27 88
23 79
79 77
88 86
90 92
94 96
31 95
31 96
41 43