0 1 10 11 2 20 22 12 3 21 23 33 32 30 13 31 4 14 34 43 42 41 5 24 25 52 40 50 60 51 94 95 93 84 96 49 59 39 48 6 15 53 74 75 47 57 54 9 8 19 7 18 17 16 29 28 38 27 98 99 88 97 89 77 79 87 78 67 66 76 68 69 86 90 91 92 81 80 70 72 83 82 61 71 44 62
0 1
0 10
1 11
1 2
10 20
11 22
2 12
2 3
20 30
22 21
22 23
22 33
22 32
12 13
3 4
21 31
33 34
33 43
32 42
13 14
31 41
4 5
43 44
42 52
5 6
5 15
24 25
25 15
52 51
52 53
52 62
40 50
50 60
50 51
60 70
51 61
94 95
94 93
94 84
95 96
93 92
93 83
84 74
96 97
96 86
49 59
49 39
49 48
39 29
39 38
48 47
6 7
6 16
53 54
74 75
47 57
9 8
9 19
8 7
8 18
19 29
7 17
18 27
29 28
98 99
98 88
98 97
99 89
88 77
97 87
89 79
77 78
77 67
77 66
77 76
78 68
68 69
90 91
91 92
91 81
81 80
81 72
80 70
83 82
61 71