0 68 1 11 33 96 99 3 13 47 51 15 24 19 22 17 23 95 53 64 89 91 48 35 52 30 60 55 84 63 58 66 46 72 85 93 67 76 70 21 73 87 75 81 39 98 32 45 27 62 94 7 2 78 80 10 38 34 77 43 69 79 92 18 54 86 97 59 83 50 88 9 82 49 71 37 74 29 42
0 68
68 63
68 99
1 11
1 33
1 96
1 99
33 64
33 89
96 15
96 87
99 7
3 75
3 81
13 47
13 51
47 19
51 10
15 24
24 98
22 17
22 23
22 95
17 39
95 49
53 70
64 35
89 83
91 72
48 35
52 30
30 98
60 55
60 84
55 32
84 46
84 18
84 54
63 58
66 46
66 72
66 85
66 93
66 97
85 43
93 62
93 94
93 81
93 87
93 42
67 76
76 73
76 69
70 21
21 81
21 86
87 29
81 77
81 92
81 38
98 9
98 82
32 50
45 27
27 77
7 79
2 78
2 80
78 43
78 69
10 38
34 77
92 49
54 37
97 59
59 74
50 88
49 71