4 12 19 18 17 6 7 14 25 2 11 13 22 0 20 3 5 24 15 26 81 9 23 16 10 1 62 79 8 21 53 27 49 36 85 52 70 34 64 41 73 77 89 42 33 57 45 91 98 40 74 28 31 66 90 83 78 39 84 95 38 30 44 58 50 47 92 87 54 82 29 71 68 60 93 59 97 32 61 75 69 55 48 96 67 86 51 94 43 88 37 46
4 12
4 26
4 97
4 48
4 96
4 94
12 7
19 18
19 7
19 89
19 40
19 22
18 15
18 39
18 88
17 6
17 3
17 21
17 38
17 87
7 64
7 50
14 25
14 10
14 70
14 21
2 11
2 73
2 74
2 66
2 47
2 75
2 69
2 67
11 15
11 52
11 98
11 83
11 68
13 22
13 0
13 84
22 91
0 20
0 27
0 36
0 34
0 41
0 42
0 28
0 30
0 44
0 29
0 32
0 43
0 37
0 46
20 10
3 81
3 79
3 1
3 85
3 78
5 24
5 10
5 49
5 31
24 45
24 93
24 61
15 16
26 77
9 23
23 10
23 92
16 54
16 71
16 86
10 82
10 51
1 62
1 53
1 57
1 58
1 60
1 59
1 55
8 21
8 33
8 95
21 90