0 28 31 5 13 43 7 45 20 36 71 29 21 87 86 65 88 91 1 44 68 30 39 46 72 14 4 41 70 64 33 16 17 42 2 73 10 67 25 38 69 32 55 58 59 3 18 99 81 83 23 60 15 94 50 24 27 62 12 85 97 90 74 8 82 47 49 76 53 19 26 63 66 52 48 78 35 95 84 77 57
0 28
28 21
28 87
31 5
31 13
5 1
5 14
13 64
43 7
7 3
7 91
45 20
45 36
20 4
20 41
20 70
36 86
36 65
71 29
29 19
21 49
21 76
87 18
87 53
87 64
87 77
86 44
65 58
65 59
88 91
68 30
68 39
68 46
68 72
30 74
46 8
72 2
72 41
14 12
4 23
4 60
41 90
70 3
64 26
33 16
33 17
33 42
16 15
16 23
16 55
17 47
2 73
2 10
73 57
67 25
67 38
67 69
25 66
69 47
32 55
3 18
18 99
81 83
83 19
83 26
83 48
23 94
60 50
15 82
15 63
94 95
24 27
24 62
27 35
62 85
62 97
97 74
76 78
63 52
78 84