14 13 3 9 11 15 17 25 8 12 6 1 5 19 26 24 2 20 16 4 22 21 60 23 48 10 31 0 96 90 45 97 93 7 18 56 38 32 33 99 46 47 83 70 69 39 81 75 41 36 74 51 35 67 53 61 55 80 43 73 77 62 29 57 98 42 85 89 30 27 63 66 79 94 78 59 71 52 87 34 58 65 40 28 54 50 37 44 95 86 64 68 84
14 13
14 11
14 17
14 10
3 9
3 15
3 2
3 48
3 96
3 90
3 97
3 99
3 83
3 81
3 29
3 98
3 89
3 87
3 95
3 86
9 20
9 85
11 53
15 19
15 37
17 25
17 55
25 45
8 12
8 0
8 7
8 33
8 68
8 84
12 6
12 1
12 26
6 18
6 32
1 16
1 51
1 61
1 62
1 57
1 27
1 63
1 54
5 19
5 31
5 50
19 93
19 56
19 40
26 24
24 22
24 44
2 22
2 47
2 70
2 69
2 74
2 67
2 80
2 73
2 77
2 66
2 79
2 65
2 64
20 75
20 41
20 94
16 4
16 71
4 30
22 21
22 59
21 58
60 23
23 10
23 78
10 52
0 45
0 38
0 46
0 39
0 36
0 35
0 43
0 42
0 34
0 28