19 62 14 55 6 74 24 25 91 54 81 37 88 80 95 96 50 93 15 16 30 59 43 92 20 21 9 10 27 28 40 48 33 75 90 71 72 51 60 67 22 78 79 70 35 7 63 82 64 65 89 84 85 86 17 52 57 98 3 34 77 49 23 18 32 31 76 99 42 0 13 53 73 44 68 4
19 62
62 91
62 43
62 78
62 63
14 55
55 54
55 89
55 42
6 74
6 7
74 67
74 75
24 25
24 81
24 23
91 92
91 96
54 85
81 80
37 88
88 31
80 48
80 79
80 27
95 96
95 20
95 9
96 70
96 73
50 93
93 31
93 63
15 16
15 90
16 17
30 59
30 35
59 60
43 44
20 21
20 86
21 22
9 10
10 57
27 28
40 48
48 49
33 75
33 34
33 32
90 22
71 72
71 70
51 60
60 86
67 82
78 79
78 77
79 4
7 63
7 68
64 65
64 98
64 23
65 3
84 85
84 77
85 0
17 52
98 99
77 76
18 32
13 53
53 68