27 28 33 34 80 82 43 45 66 68 1 20 22 40 42 48 49 62 64 93 8 11 13 36 37 38 54 56 14 29 31 71 74 75 10 12 46 83 98 24 2 5 9 51 53 59 57 60 17 25 26 23 52 21 39 16 18 30 97 44 32 41 69 50 78 7 47 96 58 86 35
27 28
27 26
27 29
33 34
33 32
33 31
33 35
34 36
80 82
80 78
82 83
43 45
43 40
43 44
45 48
45 46
66 68
66 64
68 69
1 98
1 97
20 22
20 18
22 24
22 25
22 23
22 21
40 42
42 41
48 49
48 51
48 50
62 64
62 60
93 96
8 9
8 7
11 13
11 14
13 12
36 39
37 38
38 39
38 41
54 56
54 53
54 57
56 59
56 58
14 17
29 31
31 30
71 74
71 69
74 75
75 78
10 12
10 9
83 86
98 2
2 5
5 7
51 53
53 52
57 60
17 16
26 23
16 18
97 96
50 47