0 7 18 23 33 34 1 15 22 27 35 2 37 38 3 40 4 13 5 19 44 6 30 45 47 9 51 52 10 14 53 54 11 16 55 56 12 57 60 26 31 61 62 29 63 66 17 21 67 69 70 24 71 72 20 73 75 79 80 25 28 81 82 32 85 88 89 92 93 94 95 97 98 36 39 41 43 42 49 59 58 65 68 74 76 78 87 86 91 90 96 64
0 7
0 18
0 23
0 33
0 34
7 47
18 14
18 69
18 70
23 79
23 80
34 36
1 15
1 22
1 27
1 35
15 12
15 29
15 63
15 64
22 13
27 3
27 88
2 37
2 38
2 5
37 39
3 40
4 13
13 60
5 19
5 44
5 43
19 12
19 24
19 71
19 72
44 42
6 30
6 45
30 93
30 94
45 47
9 51
9 52
9 25
51 49
10 14
10 53
10 54
14 26
14 31
14 61
14 62
54 56
11 16
11 55
11 56
16 66
12 57
57 59
60 58
26 32
26 85
26 20
31 95
29 92
66 68
17 21
17 67
21 75
67 65
69 71
24 25
24 28
24 81
24 82
20 73
20 74
73 75
80 78
28 89
32 97
32 98
85 87
88 86
89 91
92 90
94 96
41 43
74 76