25 5 40 42 21 88 23 94 95 96 65 8 49 51 15 70 71 72 2 32 33 3 34 35 36 13 64 66 57 97 4 37 14 67 68 69 59 55 62 80 43 12 61 22 93 10 18 79 81 11 20 85 86 87 24 98 99 83
25 65
5 40
5 42
40 55
42 80
21 88
88 43
88 99
23 94
23 95
23 96
94 70
65 13
8 49
8 51
49 64
51 33
15 70
15 71
15 72
70 34
70 86
71 69
2 32
2 33
32 57
3 34
3 35
3 36
35 97
13 64
13 66
57 10
97 24
4 37
37 59
14 67
14 68
14 69
68 93
59 11
59 79
55 10
55 61
62 12
80 18
12 61
22 93
18 79
18 81
81 87
20 85
20 86
20 87
24 98
24 99
98 83