27 99 50 87 33 57 35 55 11 97 81 88 2 47 12 44 60 98 48 56 36 72 83 4 75 18 84 49 7 0 94 6 45 61 89 26 28 16 82 38 13 30 15 23 29 31 79 93 10 92 76 8 24 77 74 37 32 66 59 71 86 43 39 51 20 19 80 90 14 53 42 46 58 70 3 54 34 64 22 52 67 5 91 68 96 17 1
27 99
27 93
99 44
50 87
50 76
87 35
33 57
33 66
33 38
33 74
35 55
35 93
35 26
35 70
11 97
11 76
11 32
81 88
81 94
81 5
2 47
2 83
2 79
2 10
47 12
47 74
12 90
12 68
44 54
60 98
60 8
98 49
48 56
48 15
48 16
56 19
36 72
72 0
72 39
83 7
83 43
4 75
4 59
75 58
18 84
84 29
84 20
7 15
7 80
7 1
94 51
6 45
6 38
6 22
61 89
61 37
26 28
26 91
16 82
16 67
13 30
13 8
13 77
30 51
15 23
15 34
23 29
29 42
31 79
31 32
93 24
93 77
10 92
24 46
37 3
37 17
32 86
59 20
71 86
43 96
39 51
20 14
19 52
14 53
53 17
70 64