0 11 33 1 23 24 36 2 37 38 3 25 39 40 4 9 19 41 5 43 44 6 15 46 7 14 47 8 50 28 52 10 12 16 53 54 56 13 59 60 29 61 63 21 65 66 17 22 67 68 18 69 70 71 72 20 73 74 32 76 77 78 79 26 31 27 87 88 90 92 93 95 35 42 48 49 51 55 57 75 80 85 86 89 91 96
0 11
0 33
11 5
11 56
33 35
1 23
1 24
1 36
23 79
24 16
2 37
2 38
37 39
3 25
3 39
3 40
25 15
4 9
4 19
4 41
9 5
9 7
9 28
9 52
19 13
19 18
19 71
19 72
5 43
5 44
44 42
6 15
6 46
15 63
46 48
7 14
7 47
14 29
14 61
8 50
8 49
50 52
28 16
28 31
28 90
28 89
10 12
10 16
10 53
10 54
16 21
16 65
16 66
53 55
13 59
13 60
59 57
29 20
29 92
61 63
21 32
21 76
65 67
17 22
17 67
17 68
22 77
22 78
18 69
18 70
20 73
20 74
73 75
78 80
26 31
31 27
31 95
31 96
27 87
27 88
87 85
88 86
93 95
49 51
89 91