2 94 45 4 68 39 6 71 8 32 9 37 11 63 12 74 13 54 14 90 69 91 47 15 56 16 51 17 34 66 18 96 83 19 20 64 76 21 75 23 70 31 25 77 89 27 65 82 29 30 88 33 36 42 67 43 95 93 46 48 52 53 59 57 62 85 72 84 86 92 7
2 94
2 45
94 36
45 95
45 93
4 68
68 52
39 67
6 71
6 7
71 70
71 72
8 32
8 7
32 33
9 37
37 31
37 42
11 63
63 66
63 70
12 74
74 13
74 84
13 54
14 90
14 69
14 91
14 47
90 43
90 48
69 57
47 27
47 64
15 56
56 53
56 65
56 59
56 88
16 51
51 46
51 67
17 34
17 66
66 29
66 65
18 96
18 83
96 95
83 52
83 82
83 86
19 20
19 64
19 76
20 21
21 75
23 70
23 31
70 85
25 77
77 42
89 67
89 88
27 65
30 88
95 72
93 92
62 85
84 86