33 39 6 85 36 88 44 89 46 79 25 92 5 87 45 77 43 74 1 31 7 93 72 83 53 62 29 68 71 58 41 81 13 42 54 27 9 12 48 66 86 67 20 96 80 4 10 95 26 47 50 98 59 63 23 24 37 35 14 75 61 82 22 55 64 2 97 32 52 56 21 49 3 28 51 11 91
33 39
33 20
39 46
6 85
6 77
6 48
85 29
85 46
36 88
36 9
36 43
44 89
44 54
89 58
89 31
46 79
46 86
25 92
25 68
5 87
5 56
87 42
87 32
45 77
45 67
45 59
43 74
1 31
1 80
1 41
1 11
7 93
93 67
72 83
72 10
72 28
72 52
83 42
83 98
53 62
62 27
62 23
62 49
62 64
29 71
68 71
71 14
41 81
41 13
13 47
42 54
42 3
27 63
9 95
9 80
12 48
48 47
48 51
66 86
86 22
20 96
96 35
4 10
4 21
95 64
26 47
50 98
24 37
24 35
14 75
61 82
61 91
22 55
2 97
97 52
28 91