83 58 47 65 37 52 20 97 9 26 7 28 74 36 57 67 2 95 78 89 13 1 68 14 70 62 24 3 94 76 34 33 49 23 87 64 46 44 99 12 15 73 61 79 50 71 72 53 30 93 25 31 84 92 98 8 0 90 4 11 91 38 27 41 56 45 55 17 69 39 60 10 88 86 51 43 48 82 59 40 22 16 80 6 96 77 5 32
83 58
83 7
58 8
58 88
58 9
58 59
58 27
47 65
47 93
47 99
65 92
65 41
65 72
37 52
37 71
37 53
52 33
52 39
20 97
20 67
20 69
20 40
97 70
97 96
9 26
26 76
28 74
28 17
74 24
74 44
36 57
36 62
57 12
57 48
67 49
67 56
2 95
2 78
2 46
95 14
89 13
89 31
1 68
1 0
70 62
70 86
24 23
24 38
3 94
94 46
76 10
34 33
34 23
49 46
49 84
49 5
23 77
87 64
87 61
87 72
87 80
64 55
64 4
44 99
44 56
15 73
15 71
79 50
50 55
50 82
53 30
53 16
30 90
93 25
31 40
92 98
8 45
0 90
0 27
0 6
4 11
91 38
56 32
39 60
88 22
51 43
43 40