0 25 27 11 59 60 52 83 1 29 30 8 49 50 51 82 99 2 32 33 14 67 68 69 24 97 98 55 3 34 35 17 78 38 21 88 89 90 23 94 95 5 40 41 42 18 80 81 85 12 63 46 7 47 48 16 74 75 10 56 86 13 64 65 19 84 9 54 22 92 20 87
0 25
0 27
25 52
27 83
11 59
11 60
60 42
60 94
52 9
83 19
1 29
1 30
29 82
30 99
30 50
8 49
8 50
8 51
49 38
50 86
51 90
82 19
99 24
2 32
2 33
33 55
14 67
14 68
14 69
68 40
69 35
69 78
24 97
24 98
98 64
55 10
3 34
3 35
17 78
78 56
21 88
21 89
21 90
88 81
89 74
89 92
23 94
23 95
5 40
5 41
5 42
41 85
18 80
18 81
85 20
85 63
12 63
46 7
7 47
7 48
47 86
16 74
16 75
10 56
86 20
86 87
13 64
13 65
19 84
9 54
22 92