79 53 94 1 65 61 47 60 15 99 31 25 21 2 33 86 48 92 52 76 56 51 93 3 4 39 24 34 98 59 26 6 46 83 87 28 40 81 70 89 17 75 49 5 88 22 14 74 62 78 10 35 82 36 96 11 68 67 38 42 54 20 91 19 97 12 85 8 13 57 9 29 63 71 58 18 50 30 41 27 23 77 66 45 37 72 0 80 64 32 69 90 44
79 53
79 94
79 45
79 0
79 12
53 36
94 39
94 17
94 75
94 90
1 65
65 81
65 70
65 89
61 47
47 22
60 15
60 99
15 2
15 71
15 34
31 25
31 67
31 4
21 2
33 86
33 48
86 88
48 93
48 83
48 87
92 52
92 76
52 3
52 4
56 51
51 57
51 98
93 64
39 24
39 34
39 98
24 30
34 49
34 20
34 91
59 26
26 82
6 46
6 13
46 11
46 35
46 68
87 19
87 42
28 40
28 80
40 89
81 96
70 19
70 77
75 23
75 35
49 5
5 37
5 82
22 14
14 11
74 62
74 78
62 11
62 27
10 35
35 54
35 44
82 29
36 41
96 50
67 38
67 42
67 54
38 69
42 9
97 12
97 85
8 13
8 72
9 18
29 63
58 18
77 66
66 32