0 18 98 61 19 9 52 59 72 92 29 26 86 63 68 75 62 24 56 66 73 39 54 27 33 74 30 84 65 7 23 6 44 11 60 42 99 50 55 5 28 58 8 47 97 81 49 85 93 37 46 12 82 32 45 10 48 70 90 16 35
0 18
0 98
18 61
98 29
98 66
19 9
19 52
19 59
19 72
19 92
9 27
52 63
52 68
52 75
59 44
59 35
72 8
72 82
29 26
29 86
26 33
26 74
26 65
86 70
68 85
68 93
75 74
62 24
62 56
24 42
24 44
56 10
73 39
73 54
39 48
54 90
74 30
74 84
65 50
7 8
7 47
7 97
23 42
23 99
6 44
11 60
11 8
99 55
50 12
5 28
28 8
58 90
8 81
47 49
97 37
97 46
37 16
32 45
45 35
10 48