0 4 8 19 33 34 1 35 2 15 3 27 39 24 42 5 11 43 44 6 46 7 47 48 29 49 9 51 10 23 56 12 57 58 14 22 61 21 31 16 32 66 17 67 68 72 20 73 30 77 81 82 25 83 84 88 28 89 90 91 97 98 36 54 60 69 71 70 79 86 92 87
0 4
0 8
0 19
0 33
0 34
4 24
4 42
8 27
8 29
8 49
19 72
19 6
19 71
33 35
34 36
1 35
2 15
15 6
15 21
15 31
3 27
3 39
27 17
27 88
27 87
24 81
24 82
5 11
5 43
5 44
11 23
11 29
11 56
6 46
46 48
7 47
7 48
29 91
49 51
9 51
10 54
56 54
12 57
12 58
12 28
58 60
14 22
14 61
22 32
22 77
21 30
31 32
16 32
16 66
32 97
32 98
17 67
17 68
72 70
20 73
20 28
77 79
82 84
25 83
25 84
88 86
28 89
28 90
89 91
90 92
69 71