0 25 27 9 52 15 70 71 95 1 28 29 83 4 37 39 50 2 32 14 67 68 69 23 94 33 3 34 35 36 47 7 46 48 44 85 21 88 90 20 86 6 16 73 74 8 49 18 80 11 75 55 66 57 64 12 61 62 63 97 13 24 98 99 77 59
0 25
0 27
27 95
9 52
52 32
52 75
15 70
15 71
70 75
71 57
95 23
1 28
1 29
28 50
29 59
29 36
83 98
4 37
4 39
37 44
39 94
39 85
50 8
2 32
14 67
14 68
14 69
67 47
68 97
69 33
23 94
3 34
3 35
3 36
36 47
36 73
47 7
7 46
7 48
46 88
44 6
85 20
21 88
21 90
90 80
20 86
86 49
16 73
16 74
8 49
18 80
11 59
75 61
55 66
66 13
57 64
64 13
12 61
12 62
12 63
63 97
97 24
24 98
24 99
98 77