0 1 4 87 5 6 95 7 17 10 99 11 41 16 27 18 19 48 33 94 21 55 25 26 50 28 29 67 30 38 31 35 34 60 52 42 43 44 69 45 57 46 82 51 53 54 56 80 76 68 75 97 98 2 36 37 61 8 9 22 66 83 71 70 65 12 64 88
0 1
1 2
4 87
4 80
5 6
5 95
95 69
7 17
17 16
10 99
99 27
11 41
41 42
16 27
27 50
27 28
27 61
18 19
18 48
18 33
19 94
48 50
48 55
48 88
33 42
94 53
21 55
25 26
25 22
50 51
28 29
29 67
67 68
30 38
30 31
31 35
31 12
35 34
35 60
35 52
35 36
34 45
52 51
42 2
43 44
43 69
44 45
45 57
57 76
46 82
46 80
51 70
53 54
53 83
56 80
80 71
76 75
97 98
98 22
36 37
36 9
8 9
8 71
22 66
66 65
65 64
12 64