66 12 43 96 19 23 58 11 97 31 15 89 90 33 29 91 8 36 22 54 1 2 64 70 73 4 30 26 60 72 95 79 49 41 20 9 80 99 25 57 83 6 84 35 45 14 17 55 16 77 7 69 27 38 71 87 13 76 74 24 32 39 63 59 61 46
66 4
66 30
12 43
12 96
43 1
43 25
96 74
96 30
19 23
19 58
23 11
23 97
58 2
11 32
97 31
97 49
31 15
31 89
31 90
15 14
15 79
89 26
89 60
89 72
90 4
90 80
90 22
90 24
33 29
33 91
29 63
91 77
91 46
8 16
8 24
36 22
36 54
1 41
2 45
64 70
64 73
73 57
4 20
26 83
26 69
26 39
26 57
95 79
49 87
49 27
9 80
9 99
99 35
83 6
6 71
84 38
84 71
35 59
17 74
55 16
55 77
77 76
7 32
13 76
24 61