0 24 33 1 31 36 2 37 38 3 26 39 40 4 5 7 41 8 22 28 6 45 46 47 27 49 10 53 54 11 17 23 55 56 12 30 57 58 13 25 59 62 15 63 64 16 65 66 67 18 69 70 71 20 74 21 29 76 79 80 81 84 85 86 88 90 92 32 94 95 96 98 35 34 43 42 44 48 50 52 60 61 68 72 73 75 77 78 83 82 87 89 93
0 24
0 33
24 5
24 81
33 35
1 31
1 36
31 95
31 96
36 34
2 37
2 38
37 39
3 26
3 39
3 40
26 13
26 23
26 30
26 85
26 86
4 5
4 7
4 41
4 42
5 8
5 22
5 28
7 47
7 15
41 43
8 27
8 49
8 50
28 11
28 90
28 89
6 45
6 46
45 47
46 48
27 88
10 53
10 54
53 55
11 17
11 23
11 55
11 56
17 67
23 16
23 79
23 80
12 30
12 57
12 58
12 18
30 32
30 94
58 60
13 25
13 59
25 84
62 64
15 63
15 64
63 61
16 65
16 66
66 68
18 69
18 70
69 71
70 72
20 74
74 76
21 29
21 76
21 75
29 92
79 77
80 78
81 83
84 82
85 87
90 92
32 98
94 96
95 93
42 44
50 52
73 75