1 11 45 4 32 75 50 17 39 18 56 94 95 19 20 23 21 27 78 28 31 35 82 87 44 58 33 71 81 60 79 37 52 70 92 22 43 42 69 96 46 83 86 54 90 61 73 57 77 59 66 30 62 63 67 48 89 68 74 7 91 80 85 15 41 49 26 47 84 3 34 65 25 76 24 2 12
1 11
1 45
45 20
45 3
4 32
32 44
32 58
75 54
50 54
50 79
50 90
17 39
39 22
39 43
18 56
18 94
18 95
94 28
95 19
95 62
95 78
23 21
21 83
27 78
28 47
28 54
31 35
31 82
31 87
35 60
87 76
44 57
58 83
33 71
33 81
71 70
60 42
79 24
37 52
37 70
37 92
70 42
92 46
92 7
92 73
22 2
43 96
42 69
69 26
69 12
96 73
46 83
46 86
83 3
86 15
54 48
90 68
61 30
57 77
59 66
66 47
30 48
30 84
62 63
67 48
67 89
48 3
74 7
74 91
91 85
80 85
15 41
15 49
49 34
84 65
65 25