0 87 59 51 77 38 70 63 64 18 19 17 15 42 98 93 6 80 66 56 76 97 89 75 68 53 69 52 72 31 54 48 27 79 13 35 28 30 36 81 21 90 45 99 43 92 12 3 11 86 1 96 55 4 2 20 32 60 57 94 41 7 47 74 46 62 49 10 9 14 34 8 78 44 83 25 33 5 73 61 29 50 84 37 67 24 82 85 95 16 23 71 22 88 91 40 58 39 26
0 87
0 59
0 51
0 77
0 38
0 70
0 63
0 64
0 18
87 19
87 17
87 15
87 42
87 98
87 93
87 6
87 80
87 66
87 56
87 76
87 97
87 89
87 75
87 68
87 53
87 69
87 52
87 72
87 31
59 54
59 48
59 27
59 79
59 13
51 35
51 28
51 30
51 36
51 81
51 21
51 90
51 45
77 99
77 43
77 92
77 12
77 3
77 11
77 86
77 1
38 96
38 55
38 4
38 2
38 20
38 32
70 60
70 57
63 94
63 41
63 7
63 47
64 74
64 46
64 62
64 49
64 10
64 9
18 14
18 34
18 8
80 5
80 73
80 61
54 78
54 44
48 83
48 25
48 33
79 29
79 50
13 84
28 37
30 67
30 24
36 82
81 85
81 95
21 16
90 23
90 71
90 22
99 88
43 91
86 40
86 58
1 39
55 26