0 57 84 14 65 28 41 29 17 50 63 76 74 7 75 81 40 90 26 68 69 59 61 87 2 3 11 58 4 5 18 49 73 80 34 9 16 44 30 31 78 25 97 43 10 98 66 79 27 53 86 12 95 88 93 42 13 15 38 47 62 35 60 37 52 82 70 45 51 23 77
0 57
0 84
84 28
84 90
14 65
65 7
28 41
41 31
41 37
29 17
17 78
50 63
50 76
76 51
74 7
74 75
7 81
7 12
75 35
81 40
40 16
40 58
26 68
68 60
69 59
69 61
69 87
69 3
69 77
59 15
61 98
2 3
2 11
3 58
58 31
58 78
4 5
5 25
5 97
18 49
18 73
18 80
73 12
73 95
34 9
34 10
9 31
44 30
30 77
78 45
78 23
78 47
25 27
25 53
97 93
43 10
10 82
66 79
79 95
27 88
27 38
27 47
53 86
86 62
42 13
13 38
60 37
60 52
37 70
51 23