0 25 27 14 67 68 69 7 46 47 48 1 29 30 22 93 2 31 32 33 4 38 39 50 78 3 34 36 20 86 61 95 6 43 44 45 5 40 41 42 98 52 13 64 65 66 24 12 62 54 59 8 51 9 53 15 70 23 18 81 11 58 60 77 17 76
0 25
0 27
27 40
14 67
14 68
14 69
67 65
68 86
69 33
7 46
7 47
7 48
46 78
47 30
47 40
1 29
1 30
29 93
22 93
2 31
2 32
2 33
31 50
31 78
4 38
4 39
38 98
38 52
50 8
78 17
3 34
3 36
34 61
36 95
20 86
61 12
95 23
95 58
6 43
6 44
6 45
43 65
44 54
44 59
5 40
5 41
5 42
98 24
52 9
13 64
13 65
13 66
12 62
54 9
59 11
8 51
9 53
15 70
70 77
18 81
81 60
11 58
11 60
77 17
17 76