19 79 3 49 75 59 2 11 45 23 95 50 24 61 1 81 99 60 42 18 43 20 87 17 25 68 15 89 63 93 96 85 83 6 7 72 46 5 30 84 9 26 56 64 38 27 90 14 29 67 73 0 35 97 16 41 71 13 57 77 62 76 39 22 44 47 53 82 40 88 80 70 55 78 98 92 94 65 86 34 58 32 12 48 69 21 37
19 79
79 82
79 65
3 49
3 17
3 73
75 59
75 14
59 72
2 11
2 15
11 27
45 23
45 17
95 50
95 76
95 89
50 72
24 61
24 15
24 0
24 81
24 62
61 97
1 81
1 99
1 93
81 42
81 16
81 21
60 42
60 85
60 58
18 43
18 44
43 38
43 94
20 87
20 41
20 57
17 62
25 68
25 55
68 83
89 63
89 77
89 13
63 64
93 96
83 46
6 7
7 73
7 70
72 98
46 5
46 30
46 71
46 37
5 84
5 16
5 39
30 88
30 86
84 26
84 48
9 26
9 29
26 32
56 64
27 90
27 69
29 40
67 73
0 35
16 22
71 13
13 12
57 76
62 47
39 80
22 44
47 53
82 92
55 78
98 65
86 34