86 94 12 51 36 56 44 82 27 65 60 2 47 50 23 97 35 49 58 3 34 10 69 18 74 98 89 71 80 14 61 75 67 13 16 37 21 7 19 24 15 17 40 95 93 54 81 64 48 22 59 57 30 53 41 4 25 31 55 63 39 8 79 42 92 28 33 6 96 52 29 9 88 46 66 77 72 84
86 94
86 57
86 37
94 27
94 80
12 51
12 30
51 29
51 66
36 56
36 16
44 82
82 54
82 80
27 65
65 52
60 2
60 59
47 50
50 34
50 75
50 53
23 97
23 46
97 49
97 37
35 49
58 3
58 18
58 80
58 10
3 28
10 69
10 61
74 98
74 75
98 64
89 71
89 59
71 14
71 22
14 61
14 42
14 84
67 13
67 33
13 48
13 95
16 54
37 21
37 55
37 9
21 41
7 19
19 81
19 30
24 15
15 46
17 40
17 41
95 93
54 25
81 64
64 22
53 31
41 4
63 39
39 42
8 79
8 28
42 33
42 96
42 72
92 28
6 96
9 88
66 77