0 3 33 34 1 35 23 40 4 15 5 43 6 45 46 7 18 29 8 9 49 19 51 52 10 53 11 21 12 57 58 13 16 31 60 14 62 65 66 17 27 67 22 26 70 20 71 72 73 74 25 76 77 78 79 80 24 82 28 83 84 85 86 87 90 91 30 32 95 96 97 36 37 39 38 42 44 47 48 59 61 63 64 69 75 89 92 94 41 54 50 2 98
0 3
0 33
0 34
3 23
3 40
33 35
34 36
1 35
23 79
23 80
40 38
4 15
15 63
15 64
5 43
5 22
5 44
43 41
6 45
6 46
6 8
45 47
46 48
7 18
7 29
7 2
18 10
18 22
18 26
18 70
29 91
8 9
8 49
9 19
9 51
9 52
9 26
19 20
19 71
19 72
52 50
10 53
10 54
11 21
11 13
21 25
21 76
21 14
12 57
12 58
57 59
58 60
13 16
13 31
13 60
16 65
16 66
31 95
31 96
14 62
62 64
65 67
17 27
17 67
27 87
22 77
22 78
26 25
26 85
26 86
20 73
20 74
71 69
73 75
25 28
25 83
25 84
25 32
78 80
24 82
82 84
28 90
90 92
91 89
30 32
32 97
32 98
96 94
37 39
37 2
42 44
61 63