0 18 46 5 1 25 48 6 14 26 64 7 2 8 13 36 93 22 44 47 16 28 31 27 98 38 33 21 23 53 57 61 78 72 34 49 65 84 9 59 10 29 12 43 15 30 70 45 39 11 20 87 41 67 97 81 32 80 92 66 90 52 95 86 42 71 75 88 82 83
0 18
0 46
18 71
5 1
5 25
5 48
1 7
1 49
1 65
1 84
1 45
25 8
48 27
6 14
6 26
6 64
14 22
14 44
14 47
7 2
2 39
8 13
8 36
8 93
8 75
8 82
13 15
13 21
44 33
47 21
47 23
47 83
16 28
28 66
28 90
31 27
31 98
27 41
38 33
21 66
23 9
23 88
53 57
57 81
57 90
61 78
78 75
72 34
72 90
84 30
9 59
59 12
10 29
29 45
12 43
15 11
15 20
15 87
30 70
45 97
11 32
11 80
11 92
41 52
41 95
67 97
66 71
95 42
86 42