11 83 28 42 49 76 33 17 93 74 13 85 21 97 16 43 1 80 15 4 32 34 79 92 23 68 2 38 88 66 20 14 72 86 75 12 95 3 24 94 63 48 36 54 96 90 99 31 60 19 46 89 59 41 73 22 67 77 84 29 39 55 81 82
11 83
11 14
83 36
28 42
28 49
28 76
49 63
49 73
76 92
76 72
33 17
17 68
93 60
93 14
74 13
13 95
13 72
85 21
21 72
21 46
21 89
97 16
97 43
43 60
43 29
1 80
80 23
80 68
15 4
15 32
15 34
15 79
4 92
4 68
4 38
32 90
32 81
79 19
23 88
68 14
2 38
38 22
38 75
38 82
88 84
66 20
20 94
72 12
86 75
3 24
3 54
94 19
63 48
36 39
54 96
96 73
99 31
31 77
59 41
59 73
22 67
67 77
55 81