1 11 67 3 13 56 9 96 12 17 60 5 19 78 23 53 26 21 27 89 33 59 41 87 48 39 51 64 69 77 66 58 70 43 80 75 84 50 85 22 46 37 49 98 63 99 62 90 7 55 18 20 29 65 35 52 36 32 68 94 76 88 28 97 34 72 42 15 86 95
1 11
1 67
11 55
3 13
3 56
56 51
9 96
9 46
12 17
12 60
12 78
17 5
17 46
17 42
60 99
60 32
5 7
5 18
5 50
5 77
19 78
19 49
78 51
78 26
23 53
53 43
26 21
27 89
27 86
89 80
33 59
59 42
41 87
87 37
87 49
48 39
48 15
39 94
51 20
51 70
64 69
64 77
69 76
77 55
77 95
66 58
58 43
70 43
80 75
84 50
85 22
85 46
98 63
63 68
63 34
63 72
99 62
99 90
62 35
7 68
7 36
55 29
29 65
29 15
52 36
76 88
76 28
76 86
28 97