33 47 89 69 65 23 93 48 14 12 88 10 43 75 11 79 62 84 95 73 99 15 49 87 25 67 94 38 29 35 26 36 37 59 27 44 34 92 8 77 91 5 2 24 20 85 74 41 28 4 83 45 61 96 40 18 3 6 21 64 78 76 51 50 58 39 71 17 81 9 98 54 42 7 60 16 53 57 63 22 30
33 47
33 89
33 69
47 61
47 58
89 23
89 71
65 23
93 48
48 30
48 38
14 12
12 20
12 59
88 10
88 43
10 54
43 35
43 61
43 67
75 11
75 79
11 94
11 38
11 64
79 6
62 58
84 95
84 73
95 42
73 29
99 15
15 49
49 26
49 27
87 25
87 67
25 92
25 16
67 57
94 18
94 3
38 63
29 24
35 26
35 36
36 91
37 59
37 27
59 34
59 22
27 45
27 96
27 40
44 34
92 8
92 77
8 81
5 2
5 24
2 63
85 74
85 41
74 98
41 28
4 83
4 45
61 76
61 17
96 60
21 64
64 7
78 76
76 9
76 98
51 50
51 58
58 30
39 71
60 53