0 11 33 34 1 18 2 12 29 31 3 8 15 17 27 32 39 40 4 41 5 30 44 6 21 45 7 48 49 9 23 51 52 10 16 54 55 57 58 13 59 14 25 62 63 64 66 67 69 19 71 72 20 75 76 22 77 80 24 81 82 84 26 85 86 87 88 91 92 94 95 96 98 35 36 37 38 43 42 46 50 56 60 61 65 68 70 74 79 78 83 89 90 97 53
0 11
0 33
0 34
11 9
11 55
33 35
34 36
1 18
18 12
18 69
2 12
2 29
2 31
12 9
12 10
12 57
12 58
29 91
29 92
31 95
31 96
3 8
3 15
3 17
3 27
3 32
3 39
3 40
8 49
15 63
15 64
17 67
27 7
27 20
27 87
27 88
32 4
32 10
32 21
32 98
32 97
39 37
40 38
4 41
4 22
41 43
5 30
5 44
30 94
44 42
6 21
6 45
21 75
21 76
7 48
48 46
9 23
9 51
9 52
23 80
52 50
10 16
10 54
10 53
16 13
16 66
54 56
58 60
13 59
14 25
14 62
25 84
62 64
63 61
66 68
67 65
69 71
19 71
19 72
72 70
76 74
22 77
77 79
80 78
24 81
24 82
81 83
82 84
26 85
26 86
85 87
91 89
92 90
94 96