0 98 10 1 97 51 57 12 4 14 49 50 17 43 62 23 33 37 26 29 35 66 54 86 65 80 3 56 93 42 5 15 70 25 71 81 96 38 61 24 9 27 73 92 47 36 59 75 40 16 18 52 19 55 58 11 99 20 13 41 6 21 60
0 98
98 93
10 1
10 97
10 51
10 57
10 13
1 35
1 42
1 56
97 36
97 59
97 71
51 37
12 4
4 5
4 58
14 49
14 50
49 26
49 99
50 96
17 43
17 62
62 38
23 33
23 37
33 5
33 24
26 29
35 66
66 3
54 86
86 38
86 73
65 80
80 56
56 38
56 93
42 81
15 70
70 61
70 9
25 71
71 92
81 16
81 18
96 6
96 36
96 40
61 24
9 60
27 75
27 19
73 52
92 47
75 40
16 55
58 41
11 99
11 20
99 21