0 1 2 20 34 15 36 38 3 6 12 26 39 40 4 7 41 5 8 19 44 46 48 24 49 50 9 51 52 10 21 54 11 58 13 14 18 62 27 63 64 16 25 65 66 30 69 73 74 23 76 22 77 78 80 81 82 31 28 87 88 29 91 93 94 32 97 98 33 35 43 42 45 47 56 57 59 61 67 68 84 90 92 95 17 55
0 1
0 2
0 20
0 34
0 17
1 15
1 36
1 35
1 29
2 38
20 5
20 11
20 73
20 74
15 18
15 27
15 63
15 64
38 40
3 6
3 12
3 26
3 39
3 40
6 46
12 58
26 31
4 7
4 41
7 48
7 47
41 43
5 8
5 19
5 44
8 24
8 49
8 50
44 42
46 48
24 81
24 82
24 32
49 51
9 51
9 52
10 21
10 54
21 23
21 76
54 56
11 55
13 14
13 18
13 59
14 62
18 30
18 69
27 28
27 87
27 88
63 61
16 25
16 65
16 66
25 17
65 67
66 68
30 93
30 94
74 76
23 80
22 77
22 78
78 80
82 84
28 90
29 91
93 95
32 97
32 98
33 35
45 47
57 59
90 92