0 1 10 2 12 3 4 5 14 6 7 20 11 22 15 8 17 27 36 37 9 28 25 26 21 35 46 30 41 31 40 50 51 45 49 59 60 48 57 71 66 65 76 67 98 62 70 72 80 74 84 75 77 86 81 90 96 82 83 93 94 19 29 38 23 24 16 44 52 33 32 54 55 64 42 53 85 43 58 69 89 88 92 13 68 56
0 1
0 10
1 2
10 20
2 12
2 3
3 4
3 13
4 14
5 14
5 6
14 15
14 23
6 7
20 21
11 22
22 21
15 25
15 26
15 16
8 17
8 27
27 36
27 37
27 16
27 28
9 28
28 19
28 29
28 38
25 35
25 24
35 46
46 45
46 56
30 41
41 31
41 40
41 50
41 51
41 52
41 32
50 60
45 44
49 59
59 69
60 71
48 57
48 58
57 67
71 62
71 70
71 72
71 80
66 65
66 76
66 55
76 75
76 77
76 86
67 98
67 56
67 68
98 88
72 84
80 81
80 90
74 84
74 64
86 96
81 82
82 83
83 93
83 92
93 94
94 85
24 33
44 53
52 43
33 32
32 42
54 55
54 64
58 69
89 88