78 13 49 50 43 51 7 71 6 10 58 69 15 73 85 75 90 86 47 67 36 32 65 79 82 1 59 55 64 68 60 38 22 41 53 89 31 61 37 26 39 23 44 19 11 62 20 18 84 42 4 54 25 87 0 21 5 48 35 9 70 17 91 72 27 30 52 34 12 92 3 88 2 66 8 46 76 81 45 24 80
78 13
78 49
13 85
49 31
49 42
49 54
50 43
50 51
43 36
43 17
51 88
7 71
71 39
6 10
10 75
10 17
58 69
58 15
69 86
15 73
15 61
15 4
75 90
86 19
47 67
67 92
67 82
67 3
32 65
65 2
79 82
79 1
79 59
82 41
82 35
82 61
82 8
82 46
1 62
1 20
55 64
55 68
68 5
68 48
68 35
60 38
60 22
22 27
41 53
41 89
53 66
31 61
31 37
26 39
39 88
23 44
44 42
44 80
19 11
20 0
18 84
84 34
84 76
54 2
25 87
87 35
0 21
21 91
35 34
9 70
70 30
70 52
17 45
72 27
27 2
52 3
34 12
88 24
2 45
8 81