0 52 54 1 81 94 16 28 49 77 44 43 7 2 47 64 91 31 53 55 22 90 20 56 51 40 99 48 18 82 71 89 65 10 88 32 69 42 25 63 78 75 36 96 62 19 24 41 29 73 92 83 76 57 46 80 67 72 39 17
0 52
52 2
54 1
54 81
1 63
81 36
81 88
94 16
94 28
94 49
94 77
16 80
28 18
49 69
49 41
49 17
44 43
44 96
43 42
43 71
7 2
7 65
2 20
47 64
47 71
64 40
91 31
91 99
31 20
31 25
53 55
53 25
22 90
90 80
20 56
20 69
20 57
51 40
99 48
82 71
82 72
71 41
71 19
89 65
10 88
10 32
88 19
32 29
69 39
63 24
78 75
78 62
96 62
24 67
73 92
73 17
83 76
76 80
57 46