1 76 2 55 8 87 12 74 75 13 26 35 29 38 39 56 70 71 82 73 83 93 98 0 17 45 5 64 7 80 24 62 48 52 99 60 68 69 79 10 23 54 30 32 91 50 72 94 46 15 84 21 41 22 97 47 77 58 95 3 43 86 33 16 18 49 20 28 92 36 53 37 63 57 89 65 78 25 44 81 51 27
1 76
1 45
76 13
76 39
76 94
76 75
2 55
55 48
55 81
8 87
8 33
8 78
87 39
12 74
12 75
12 56
12 46
13 51
26 35
26 43
26 41
26 20
26 15
35 46
35 27
29 38
29 98
29 25
38 69
39 10
56 70
70 60
71 82
71 48
71 28
82 73
82 22
82 65
73 83
93 98
93 21
0 17
0 48
17 60
5 64
5 80
5 86
64 62
64 30
7 80
80 79
80 10
24 62
62 57
48 91
52 99
52 3
52 23
99 16
68 69
79 44
10 95
23 54
23 20
30 32
32 36
50 72
72 3
94 77
15 84
21 41
41 63
22 97
47 77
58 95
58 89
95 18
33 53
18 49
28 92
37 63