2 3 4 6 12 10 13 18 7 15 27 25 19 24 22 33 20 32 34 35 39 41 38 40 44 45 46 51 48 47 49 50 52 61 53 55 56 59 58 57 65 64 67 68 73 72 77 70 71 76 81 88 79 85 89 87 86 99 91 90 97 96
2 3
3 4
4 12
6 10
6 7
12 18
12 13
10 13
18 19
18 32
15 27
15 25
25 24
19 22
19 33
19 20
24 22
33 34
33 35
34 39
35 41
39 38
41 40
41 44
44 45
45 46
45 51
46 48
46 47
51 49
49 50
50 52
52 61
52 53
52 55
55 56
55 59
59 58
59 65
58 57
65 64
65 67
65 68
67 73
73 72
73 77
77 71
77 88
77 79
70 71
70 76
76 81
88 85
88 89
85 87
89 99
87 86
86 91
99 97
91 90
97 96