10 11 12 13 14 15 16 17 18 19 20 21 30 31 32 33 40 41 42 43 44 45 46 47 48 49 50 51 52 53 54 60 61 62 63 64 70 71 72 73 74 75 76 77 78 79 80 81 82 90 91 92 93 94 95 96 97 98
10 11
10 20
11 12
12 13
13 14
14 15
15 16
16 17
17 18
18 19
20 21
20 30
30 31
30 40
31 32
32 33
40 41
40 50
41 42
42 43
43 44
44 45
45 46
46 47
47 48
48 49
50 51
50 60
51 52
52 53
53 54
60 61
60 70
61 62
62 63
63 64
70 71
70 80
71 72
72 73
73 74
74 75
75 76
76 77
77 78
78 79
80 81
80 90
81 82
90 91
91 92
92 93
93 94
94 95
95 96
96 97
97 98