22 25 35 80 41 94 10 20 24 32 33 29 97 66 99 13 79 3 4 49 50 43 65 36 60 55 56 78 68 70 85 44 53 48 63 74 19 64 40 52 38 75 37 46 69 42 9 17 21 71 86 2 76 77 95 18 91 14 67 23
22 25
22 21
22 23
25 24
25 17
35 80
35 36
35 79
35 85
41 94
41 40
41 67
10 20
10 60
10 9
20 52
20 21
24 43
32 33
32 55
33 68
29 97
29 95
66 99
66 69
13 79
79 50
3 4
3 2
3 56
3 52
49 50
50 78
43 65
43 42
65 38
65 37
36 75
60 71
55 56
78 77
68 48
68 69
68 67
70 85
85 19
44 53
53 86
63 74
74 9
19 64
38 86
37 46
37 76
37 95
17 18
76 77
95 91
18 14