5 22 4 10 12 25 1 2 17 20 15 18 23 3 16 0 21 35 11 24 8 43 14 19 7 50 6 13 42 79 58 49 81 51 29 67 9 91 32 80 56 92 34 54 45 63 68 87 96 27 94 53 99 85 74 41 48 97 86 77 47 38 98 89 59 64 95 62 61 83 40 73 71 70 52 66 78 57 75 76 82 31 72 39 28 30 55 44 93 65
5 22
5 7
22 18
22 25
22 97
22 44
4 10
4 29
4 9
10 87
10 73
12 25
12 15
25 20
25 24
1 2
1 49
1 51
1 54
1 63
1 59
1 62
1 61
1 57
1 65
2 3
2 79
2 67
2 68
2 9
2 74
2 77
2 70
2 75
2 76
2 82
2 72
17 20
20 80
15 16
15 19
15 91
18 23
18 40
18 78
18 93
23 45
23 21
23 83
3 6
3 92
3 94
3 85
3 48
3 98
3 89
3 95
3 66
16 8
16 58
0 21
0 43
0 42
0 34
0 27
0 41
0 47
0 38
0 39
0 28
0 30
21 81
21 96
35 11
11 13
11 55
24 13
24 99
24 64
8 32
8 71
8 52
14 19
7 51
7 86
7 31
50 6
13 56
9 53