0 49 26 1 45 48 5 74 78 2 65 88 93 3 51 24 60 4 61 54 87 53 21 6 64 82 7 36 62 43 8 12 30 76 9 32 81 90 57 15 11 18 23 34 14 42 67 40 70 69 71 39 16 17 35 79 19 22 31 20 56 33 89 85 50 41 27 63 28 73 72 59 58 37 47 46 84 86 75 55 77
0 49
0 26
0 1
49 45
49 48
26 41
26 27
1 5
45 65
45 16
48 24
5 74
5 78
74 21
2 65
2 88
2 93
93 71
3 51
51 24
51 60
60 86
4 61
4 54
4 87
61 53
54 75
87 56
53 16
21 33
6 64
64 82
82 15
7 36
36 62
36 43
62 35
8 12
8 30
12 76
30 32
30 59
9 32
9 81
32 33
81 18
81 79
90 57
90 15
15 71
15 39
11 18
11 23
11 34
23 89
14 42
14 67
42 40
42 70
42 69
40 17
40 35
70 19
70 22
70 31
69 33
35 58
31 28
31 72
20 56
89 55
89 77
85 50
50 84
27 63
28 73
73 46
73 84
37 47
47 86