0 43 38 50 62 84 49 54 5 19 29 24 4 44 47 3 56 53 60 93 68 28 64 42 8 10 39 31 14 55 33 15 37 61 66 16 78 74 13 71 11 88 72 7 77 45 51 95 58 20 82 75 23 41 35 98 91 96 63
0 43
0 38
43 47
43 28
43 64
38 55
50 39
62 7
62 77
84 49
84 54
84 5
54 39
5 61
5 95
19 29
29 71
24 4
24 44
4 16
4 60
44 13
47 3
3 53
56 16
56 63
53 60
53 93
53 68
93 77
93 42
64 95
8 10
8 39
31 14
31 55
14 37
33 15
15 61
15 45
15 51
37 82
61 66
66 71
78 74
78 71
11 88
11 72
88 96
72 51
51 98
95 58
58 91
20 91
82 75
23 41
23 35
35 96