0 36 5 9 4 11 18 51 1 39 17 56 93 49 40 67 80 64 75 24 38 91 62 81 97 58 85 74 10 23 21 73 12 69 28 42 25 50 27 59 53 78 44 68 77 94 52 2 7 29 31 3 47 33 48 55 30 16 65 83 61 79 54 76 20 43 32 82 22 84 87 35 71 70 89 37 6 45 63 26 46 8 98 90
0 36
36 1
5 59
9 4
9 11
4 12
11 39
18 51
51 16
1 74
39 17
39 56
39 93
56 71
56 70
56 89
93 64
93 59
49 40
49 67
49 80
40 61
67 87
75 24
75 38
75 89
24 31
91 62
91 81
62 43
62 52
81 83
81 22
97 58
97 85
85 53
74 68
10 23
10 21
10 73
23 50
21 48
21 68
21 98
73 44
12 69
12 28
12 42
28 33
28 48
28 55
42 54
42 90
25 50
27 59
59 77
59 20
53 78
78 16
94 52
2 7
2 29
7 31
31 35
3 47
47 30
47 32
47 82
48 79
30 16
30 65
30 83
16 8
65 61
61 26
54 76
43 37
32 45
22 6
22 89
84 87
89 46
45 63