1 5 4 49 62 9 2 6 93 74 28 54 3 21 42 94 12 69 92 30 23 86 19 7 8 38 11 88 64 10 31 39 52 13 91 15 85 16 17 18 20 35 34 22 27 56 73 67 32 24 71 25 26 87 29 63 81 83 84 79 60 61 77 75 36 80 51 57 78
1 5
1 4
1 49
1 62
1 80
1 29
5 9
4 2
9 28
9 54
9 88
2 3
2 94
2 12
2 69
6 93
6 74
93 86
74 71
3 21
21 42
94 92
94 30
94 23
12 8
12 11
92 15
92 51
23 32
86 19
19 18
19 20
19 61
7 8
7 38
11 10
11 39
11 52
88 64
64 79
64 36
10 31
31 57
52 22
52 67
13 91
91 26
91 29
15 85
85 75
16 17
16 78
17 18
20 35
35 34
22 27
22 56
22 73
32 63
32 81
24 71
24 25
24 26
25 87
83 84
83 36
60 61
77 75