0 14 23 38 73 4 55 13 27 40 64 84 22 48 50 21 39 44 81 30 10 71 57 43 54 60 52 17 26 59 88 95 56 62 69 65 37 70 90 93 15 20 47 74 94 46 11 97 63 3 66 75 78 82 2 92 33 98 58 76 29 89 83 72 5 19 9 41 96 86
0 14
0 23
0 38
0 73
14 84
23 21
23 39
23 44
38 57
73 90
4 55
55 52
55 17
55 26
55 59
55 88
55 95
13 27
13 40
13 64
27 81
40 66
64 33
84 10
22 48
22 50
48 97
50 75
21 19
39 58
39 83
81 70
81 82
30 10
30 71
10 96
43 54
43 60
54 59
60 89
17 47
17 74
26 94
59 93
59 33
95 20
56 62
56 69
69 96
65 37
37 9
90 2
93 15
15 83
20 41
94 46
94 86
46 11
11 5
63 3
3 98
75 78
78 83
2 29
92 33
98 58
98 76
89 9
83 72