37 91 69 92 5 52 34 38 97 46 55 64 57 36 96 44 58 72 4 42 70 95 27 39 47 65 49 83 35 80 67 90 89 50 6 63 99 13 1 71 48 41 82 98 29 18 9 7 76 81 53 31 8 26 66 68 10 87 84 16 15 74 59 54 88 73 12 23 2 30 51 33 40 43 11 56 25 77 61 85 62 14 94 78 3 21 17 19 93 45 0 75
37 91
37 55
37 49
37 9
37 26
37 16
91 34
91 96
91 72
69 92
69 97
69 46
69 44
69 47
69 29
69 15
69 81
92 95
92 43
5 52
5 64
52 38
52 57
52 27
52 67
52 99
52 21
34 47
34 65
34 84
38 80
38 8
38 68
38 12
97 82
97 88
46 98
46 7
46 53
46 73
64 58
64 83
64 50
57 36
57 4
57 35
57 41
36 10
58 48
58 76
4 93
42 70
42 81
42 33
42 77
95 27
95 39
95 18
95 31
95 0
47 75
65 14
65 19
49 71
49 66
83 56
35 54
90 89
90 11
89 29
6 63
6 41
99 13
99 3
1 71
82 87
82 40
82 78
29 17
18 30
18 51
7 2
84 59
16 74
16 25
74 23
59 61
59 85
43 45
62 14
62 94