1 2 3 18 6 17 5 8 10 12 14 13 11 16 72 71 15 19 20 21 22 23 30 55 57 25 29 32 24 28 26 27 31 54 56 33 34 35 36 37 38 40 39 42 48 47 50 41 43 45 44 46 49 52 51 65 58 59 61 75 60 74 62 73 76 70 69 64 68 66
1 2
2 3
3 18
18 17
6 5
6 8
17 71
17 10
8 10
8 12
10 14
12 13
12 11
14 15
11 16
16 19
72 71
19 20
20 21
21 22
22 23
22 30
23 25
30 29
30 31
55 57
57 56
57 58
25 24
25 28
29 32
32 27
32 33
28 26
31 54
54 56
56 65
33 34
33 35
33 36
36 37
37 38
38 40
40 39
39 42
42 45
48 47
48 50
47 45
47 49
50 46
50 52
41 43
43 44
43 46
52 51
65 68
65 66
58 59
58 61
59 75
61 60
60 74
62 73
62 76
76 70
76 64
76 68
70 69