0 25 23 94 95 96 78 1 28 30 20 85 86 87 35 2 31 32 33 11 58 60 16 73 74 75 9 53 54 61 69 3 34 36 7 46 47 48 77 4 37 38 39 10 56 57 8 49 50 51 88 62 5 41 42 17 76 71 6 43 44 45 93 12 63 24 97 98 99 55 92 66 13 64 65 21 89 90 14 67 68 15 70 22 91 18 79 80 81 19 82 83 84
0 25
25 78
23 94
23 95
23 96
94 62
95 55
95 63
95 70
96 68
96 81
78 17
78 44
1 28
1 30
30 35
20 85
20 86
20 87
85 64
86 37
35 3
2 31
2 32
2 33
32 61
33 69
11 58
11 60
58 66
16 73
16 74
16 75
73 62
9 53
9 54
53 93
69 14
3 34
3 36
36 77
7 46
7 47
7 48
47 51
77 17
77 51
4 37
4 38
4 39
38 88
39 62
10 56
10 57
56 92
8 49
8 50
8 51
88 21
62 97
62 44
5 41
5 42
42 71
17 76
71 15
6 43
6 44
6 45
45 93
93 22
12 63
24 97
24 98
24 99
99 84
92 22
66 13
13 64
13 65
21 89
21 90
14 67
14 68
15 70
22 91
18 79
18 80
18 81
19 82
19 83
19 84