0 3 10 87 5 18 8 12 60 63 98 9 70 38 11 13 17 68 88 62 14 51 67 15 93 49 19 24 71 20 34 55 21 33 53 22 85 25 28 90 31 32 69 95 96 35 79 36 42 56 64 72 39 81 40 80 41 45 66 50 52 91 76 58 61 84 75 78 83 89 92 44
0 3
0 10
10 38
87 50
87 83
5 18
18 44
8 12
8 60
8 63
8 98
12 17
12 38
12 68
12 88
60 56
63 40
63 58
9 70
70 78
70 88
38 85
11 13
13 62
17 49
88 89
62 31
62 84
62 90
14 51
14 67
51 15
51 25
51 39
51 96
67 21
15 93
49 66
19 24
19 71
71 89
20 34
20 55
34 96
55 76
21 33
21 53
33 69
33 95
22 85
28 90
90 45
90 58
32 69
69 35
69 40
95 92
96 83
35 79
36 42
36 56
36 64
36 72
42 41
64 75
39 81
40 80
66 52
52 91
58 61
92 44