23 30 90 3 20 48 49 17 67 1 16 32 29 7 39 88 85 53 15 4 74 89 24 5 34 92 75 2 58 83 10 54 63 8 18 82 28 44 71 33 72 6 46 13 84 98 60 12 65 69 96 51 27 22 52 57 68 97 73 47 81 93 70 86 64 61 36 38 41
23 30
23 90
23 89
23 24
23 51
30 29
3 20
3 2
3 22
20 82
48 49
48 46
49 28
17 67
17 44
67 6
67 57
1 16
1 7
1 39
1 4
1 5
16 18
16 53
32 29
32 10
32 7
32 52
7 96
39 15
39 63
39 38
88 85
88 89
4 2
74 28
74 75
74 36
24 86
5 73
5 12
34 92
34 27
34 68
92 71
92 10
92 64
92 70
2 13
58 83
58 57
54 63
63 84
63 65
8 33
18 6
44 61
71 72
33 72
72 36
84 41
98 60
98 97
60 61
69 93
47 81
47 41
93 70