1 68 2 22 3 4 6 72 26 7 35 77 47 9 10 20 11 74 13 39 76 14 31 65 15 19 62 18 52 59 48 64 23 95 42 55 90 93 86 27 54 46 36 94 34 99 80 50 63 37 40 96 41 85 43 73 83 51 82 91 92 97 57 66 79 84 89
1 68
68 14
2 22
22 3
22 9
22 20
22 26
22 42
22 55
22 65
22 90
22 93
4 6
4 72
6 26
72 91
7 35
7 77
7 47
77 9
47 83
10 20
20 15
20 23
20 95
20 80
11 74
11 36
13 39
13 76
76 46
76 91
14 31
14 65
31 94
15 19
15 62
19 59
19 48
19 64
62 97
18 52
52 37
48 51
95 36
42 96
55 92
90 79
93 37
93 41
93 43
86 54
27 54
54 82
54 91
36 50
36 63
34 99
34 80
63 57
40 96
96 89
41 85
43 73
73 66
92 84