65 38 89 6 71 25 96 11 10 67 29 87 82 49 95 28 26 56 99 68 48 84 63 93 42 75 81 24 5 22 86 72 12 4 41 33 90 34 83 97 92 20 17 2 13 74 98 91 39 23 60 36 18 77 80 64 57 79 40 37 53 76 0 9
65 38
38 41
38 34
89 6
89 71
89 25
6 67
6 42
6 75
71 36
71 33
25 13
96 11
11 13
11 74
10 67
29 87
87 28
87 26
87 56
87 99
82 49
49 95
95 12
95 60
26 93
26 17
56 80
56 9
99 72
68 48
48 81
48 75
48 76
84 63
84 93
93 2
93 97
24 5
24 22
22 86
22 72
4 41
4 33
41 90
33 97
33 53
83 97
83 92
97 64
92 20
17 0
98 91
91 39
91 23
23 53
60 9
18 77
77 0
64 57
57 79
40 37
37 9