19 84 10 55 13 66 23 94 57 9 54 0 26 18 79 17 76 14 68 3 34 11 60 21 88 4 39 7 48 82 89 78 64 69 46 38 15 71 53 12 35 83 27 36 67 8 25 90 80 99 65 20 1 28 24 51 6 30 87 40 77 97 98 70 45 43 58 62 95
19 84
19 82
19 83
84 54
10 55
10 57
55 89
13 66
13 64
13 65
23 94
23 95
94 30
94 80
9 54
9 53
54 98
0 26
0 25
0 27
18 79
18 80
17 76
17 78
17 77
76 46
14 68
14 69
14 67
68 35
3 34
3 35
3 36
34 27
34 43
11 60
11 58
21 88
21 89
21 90
88 65
4 39
4 38
7 48
7 46
89 62
69 77
38 45
15 71
15 70
12 62
35 40
83 87
83 58
83 95
67 99
67 90
8 51
99 24
20 87
1 28
1 30
24 97
24 98
51 98
6 43
6 45
87 70