49 29 78 85 6 24 88 87 0 5 99 12 97 42 33 63 84 70 93 41 81 22 7 3 26 56 75 2 43 50 69 45 4 16 39 10 65 73 79 64 19 20 21 59 11 77 58 15 71 89 72 36 9 25 98 60 94 28 67 17 55 95 68 44 1 62 38 61
49 29
49 78
29 50
29 79
78 17
85 6
85 24
6 55
24 97
24 42
24 33
24 63
88 93
87 42
0 5
0 99
0 12
5 15
12 59
97 39
33 3
33 28
63 75
63 79
63 71
84 70
84 93
70 2
41 81
81 4
81 16
22 7
7 69
3 26
3 56
75 15
2 73
2 39
43 21
69 45
45 64
4 19
10 65
65 73
73 19
73 60
79 72
64 94
20 25
21 1
11 77
77 55
58 60
71 89
72 36
36 9
36 98
9 25
94 61
28 95
28 68
28 44
67 17
55 61
44 38
1 62
62 38