0 25 26 27 19 82 83 84 24 97 98 99 42 1 28 30 38 2 31 7 48 35 3 36 39 4 37 10 56 57 13 65 66 5 40 41 61 67 81 91 21 88 89 90 12 62 15 70 64 16 73 74 18 79 80 17 76 77 78 23 94 95 96 22 92 93 29
0 25
0 26
0 27
26 42
19 82
19 83
19 84
82 94
83 98
83 64
84 76
24 97
24 98
24 99
97 28
99 93
99 29
42 5
42 81
1 28
1 30
28 38
38 4
2 31
31 35
7 48
48 91
35 3
3 36
36 39
39 37
4 37
10 56
10 57
56 91
13 65
13 66
13 64
5 40
5 41
40 61
41 67
61 12
61 64
81 18
91 22
21 88
21 89
21 90
90 78
12 62
15 70
70 74
16 73
16 74
74 80
18 79
18 80
17 76
17 77
17 78
23 94
23 95
23 96
22 92
22 93