3 5 21 20 37 23 68 24 72 27 69 29 46 36 11 42 60 45 86 56 97 59 96 64 34 52 90 81 9 43 30 53 18 26 31 89 95 51 19 63 66 58 93 67 25 40 39 32 49 71 85 48 70 80 2 14 7 83 17 35 8 61 57 98 73 65 76
3 5
3 21
5 53
5 48
5 57
20 37
37 30
23 68
23 56
24 72
72 85
72 61
27 69
27 40
69 46
29 46
46 85
46 58
46 63
36 11
36 66
42 60
42 71
60 80
60 53
45 86
45 43
56 97
56 25
56 48
97 30
59 96
59 31
64 34
64 52
64 90
52 14
52 83
52 98
90 39
81 9
81 43
81 95
9 2
18 26
26 8
31 89
31 95
95 63
51 19
19 58
63 70
66 58
66 67
66 35
58 48
93 67
93 32
67 76
40 49
39 32
48 65
7 83
83 17
35 8
61 73