0 1 2 3 4 5 6 10 13 14 7 11 16 19 15 17 21 26 34 25 27 28 33 29 30 31 35 38 39 32 36 41 44 40 42 46 47 60 53 61 51 50 58 59 52 54 55 56 63 64 57 62 66 69 65 67 71 72 76 75 77 78 83 79 80 81 85 88 89 82 86 91 94 92 96 97 18 43 68 93
0 1
1 2
1 3
2 4
2 5
2 6
3 10
5 13
5 14
6 7
10 11
13 16
13 19
13 18
14 15
11 17
16 21
15 26
15 34
26 25
26 27
26 28
25 33
27 29
27 30
27 31
28 35
30 38
30 39
31 32
35 36
38 41
38 44
38 43
39 40
36 42
41 46
41 47
40 53
60 53
60 61
53 51
61 67
51 50
51 52
50 58
50 59
52 54
52 55
52 56
55 63
55 64
56 57
63 62
63 66
63 69
63 68
64 65
66 71
66 72
65 76
76 75
76 77
76 78
75 83
77 79
77 80
77 81
78 85
80 88
80 89
81 82
85 86
88 91
88 94
88 93
86 92
91 96
91 97