6 3 11 24 25 21 22 1 12 2 20 36 7 29 13 5 28 10 19 32 14 23 18 33 30 26 8 39 41 17 35 15 37 34 31 16 38 4 0 57 27 60 43 67 47 63 49 9 88 69 78 46 95 85 96 48 66 83 50 51 61 70 62 74 97 93 90 75 80 86 81 65 59 84 98 99 82 56 79 94 77 52 58 91 64 72 44 92
6 3
6 25
6 2
6 35
6 44
3 41
11 24
11 5
11 48
11 77
24 86
25 29
25 16
21 22
21 26
21 12
1 12
1 88
1 69
1 85
1 96
1 83
1 70
1 74
1 75
1 80
1 81
1 84
1 98
1 99
1 91
12 78
20 36
20 17
36 33
36 97
36 65
7 29
7 13
7 8
7 31
29 32
29 59
13 33
13 79
5 28
5 30
5 37
5 43
5 72
28 23
28 90
10 19
10 47
19 18
19 16
32 62
14 23
14 17
18 34
18 4
18 82
33 94
30 26
30 39
30 92
26 38
8 46
17 52
35 15
15 50
37 66
34 95
31 9
31 61
31 93
0 57
0 60
0 67
0 63
0 49
0 50
0 51
0 56
0 58
0 64
57 27